Symlinking /home/perception/catkin_ws/devel/share/panda_gazebo/cmake/panda_gazeboConfig.cmake
Symlinking /home/perception/catkin_ws/devel/share/panda_gazebo/cmake/panda_gazeboConfig-version.cmake
Symlinking /home/perception/catkin_ws/devel/lib/libpanda_gazebo_ros_control.so
Symlinking /home/perception/catkin_ws/devel/lib/libpanda_robot_hw_sim.so
Symlinking /home/perception/catkin_ws/devel/lib/pkgconfig/panda_gazebo.pc
Symlinking /home/perception/catkin_ws/devel/lib/panda_gazebo/force_neutral_pose.py
Symlinking /home/perception/catkin_ws/devel/lib/panda_gazebo/cmake.lock
Cleaning: (/home/test/catkin_ws/devel/.private/panda_gazebo/cmake.lock, /home/test/catkin_ws/devel/./cmake.lock)
Cleaning: (/home/test/catkin_ws/devel/.private/panda_gazebo/share/panda_gazebo/cmake/panda_gazeboConfig.cmake, /home/test/catkin_ws/devel/share/panda_gazebo/cmake/panda_gazeboConfig.cmake)
Cleaning: (/home/test/catkin_ws/devel/.private/panda_gazebo/share/panda_gazebo/cmake/panda_gazeboConfig-version.cmake, /home/test/catkin_ws/devel/share/panda_gazebo/cmake/panda_gazeboConfig-version.cmake)
Cleaning: (/home/test/catkin_ws/devel/.private/panda_gazebo/lib/libpanda_gazebo_ros_control.so, /home/test/catkin_ws/devel/lib/libpanda_gazebo_ros_control.so)
Cleaning: (/home/test/catkin_ws/devel/.private/panda_gazebo/lib/libpanda_robot_hw_sim.so, /home/test/catkin_ws/devel/lib/libpanda_robot_hw_sim.so)
Cleaning: (/home/test/catkin_ws/devel/.private/panda_gazebo/lib/pkgconfig/panda_gazebo.pc, /home/test/catkin_ws/devel/lib/pkgconfig/panda_gazebo.pc)
Cleaning: (/home/test/catkin_ws/devel/.private/panda_gazebo/lib/panda_gazebo/cmake.lock, /home/test/catkin_ws/devel/lib/panda_gazebo/cmake.lock)
Cleaning: (/home/test/catkin_ws/devel/.private/panda_gazebo/lib/panda_gazebo/force_neutral_pose.py, /home/test/catkin_ws/devel/lib/panda_gazebo/force_neutral_pose.py)
Unlinking: /home/test/catkin_ws/devel/share/panda_gazebo/cmake/panda_gazeboConfig.cmake
Already unlinked: {}
Unlinking: /home/test/catkin_ws/devel/share/panda_gazebo/cmake/panda_gazeboConfig-version.cmake
Already unlinked: {}
Unlinking: /home/test/catkin_ws/devel/lib/libpanda_gazebo_ros_control.so
Already unlinked: {}
Unlinking: /home/test/catkin_ws/devel/lib/libpanda_robot_hw_sim.so
Already unlinked: {}
Unlinking: /home/test/catkin_ws/devel/lib/pkgconfig/panda_gazebo.pc
Already unlinked: {}
Unlinking: /home/test/catkin_ws/devel/lib/panda_gazebo/cmake.lock
Already unlinked: {}
Unlinking: /home/test/catkin_ws/devel/lib/panda_gazebo/force_neutral_pose.py
Already unlinked: {}
