Symlinking /home/perception/catkin_ws/devel/share/franka_gazebo/cmake/franka_gazeboConfig.cmake
Symlinking /home/perception/catkin_ws/devel/share/franka_gazebo/cmake/franka_gazeboConfig-version.cmake
Symlinking /home/perception/catkin_ws/devel/lib/libfranka_gripper_sim.so
Symlinking /home/perception/catkin_ws/devel/lib/libfranka_hw_sim.so
Symlinking /home/perception/catkin_ws/devel/lib/pkgconfig/franka_gazebo.pc
Cleaning: (/home/test/catkin_ws/devel/.private/franka_gazebo/cmake.lock, /home/test/catkin_ws/devel/./cmake.lock)
Cleaning: (/home/test/catkin_ws/devel/.private/franka_gazebo/share/franka_gazebo/cmake/franka_gazeboConfig.cmake, /home/test/catkin_ws/devel/share/franka_gazebo/cmake/franka_gazeboConfig.cmake)
Cleaning: (/home/test/catkin_ws/devel/.private/franka_gazebo/share/franka_gazebo/cmake/franka_gazeboConfig-version.cmake, /home/test/catkin_ws/devel/share/franka_gazebo/cmake/franka_gazeboConfig-version.cmake)
Cleaning: (/home/test/catkin_ws/devel/.private/franka_gazebo/lib/libfranka_gripper_sim.so, /home/test/catkin_ws/devel/lib/libfranka_gripper_sim.so)
Cleaning: (/home/test/catkin_ws/devel/.private/franka_gazebo/lib/libfranka_hw_sim.so, /home/test/catkin_ws/devel/lib/libfranka_hw_sim.so)
Cleaning: (/home/test/catkin_ws/devel/.private/franka_gazebo/lib/pkgconfig/franka_gazebo.pc, /home/test/catkin_ws/devel/lib/pkgconfig/franka_gazebo.pc)
Unlinking: /home/test/catkin_ws/devel/share/franka_gazebo/cmake/franka_gazeboConfig.cmake
Already unlinked: {}
Unlinking: /home/test/catkin_ws/devel/share/franka_gazebo/cmake/franka_gazeboConfig-version.cmake
Already unlinked: {}
Unlinking: /home/test/catkin_ws/devel/lib/libfranka_gripper_sim.so
Already unlinked: {}
Unlinking: /home/test/catkin_ws/devel/lib/libfranka_hw_sim.so
Already unlinked: {}
Unlinking: /home/test/catkin_ws/devel/lib/pkgconfig/franka_gazebo.pc
Already unlinked: {}
