Symlinking /home/perception/catkin_ws/devel/share/franka_ros_controllers/docs/joint_controller_paramsConfig.wikidoc
Symlinking /home/perception/catkin_ws/devel/share/franka_ros_controllers/docs/joint_controller_paramsConfig-usage.dox
Symlinking /home/perception/catkin_ws/devel/share/franka_ros_controllers/docs/joint_controller_paramsConfig.dox
Symlinking /home/perception/catkin_ws/devel/share/franka_ros_controllers/cmake/franka_ros_controllersConfig-version.cmake
Symlinking /home/perception/catkin_ws/devel/share/franka_ros_controllers/cmake/franka_ros_controllersConfig.cmake
Symlinking /home/perception/catkin_ws/devel/lib/libfranka_ros_controllers.so
Symlinking /home/perception/catkin_ws/devel/lib/pkgconfig/franka_ros_controllers.pc
Symlinking /home/perception/catkin_ws/devel/lib/python3/dist-packages/franka_ros_controllers/__init__.py
Symlinking /home/perception/catkin_ws/devel/lib/python3/dist-packages/franka_ros_controllers/cfg/joint_controller_paramsConfig.py
Symlinking /home/perception/catkin_ws/devel/lib/python3/dist-packages/franka_ros_controllers/cfg/__init__.py
Symlinking /home/perception/catkin_ws/devel/include/franka_ros_controllers/joint_controller_paramsConfig.h
Cleaning: (/home/test/catkin_ws/devel/.private/franka_ros_controllers/cmake.lock, /home/test/catkin_ws/devel/./cmake.lock)
Cleaning: (/home/test/catkin_ws/devel/.private/franka_ros_controllers/include/franka_ros_controllers/joint_controller_paramsConfig.h, /home/test/catkin_ws/devel/include/franka_ros_controllers/joint_controller_paramsConfig.h)
Cleaning: (/home/test/catkin_ws/devel/.private/franka_ros_controllers/share/franka_ros_controllers/docs/joint_controller_paramsConfig-usage.dox, /home/test/catkin_ws/devel/share/franka_ros_controllers/docs/joint_controller_paramsConfig-usage.dox)
Cleaning: (/home/test/catkin_ws/devel/.private/franka_ros_controllers/share/franka_ros_controllers/docs/joint_controller_paramsConfig.wikidoc, /home/test/catkin_ws/devel/share/franka_ros_controllers/docs/joint_controller_paramsConfig.wikidoc)
Cleaning: (/home/test/catkin_ws/devel/.private/franka_ros_controllers/share/franka_ros_controllers/docs/joint_controller_paramsConfig.dox, /home/test/catkin_ws/devel/share/franka_ros_controllers/docs/joint_controller_paramsConfig.dox)
Cleaning: (/home/test/catkin_ws/devel/.private/franka_ros_controllers/share/franka_ros_controllers/cmake/franka_ros_controllersConfig-version.cmake, /home/test/catkin_ws/devel/share/franka_ros_controllers/cmake/franka_ros_controllersConfig-version.cmake)
Cleaning: (/home/test/catkin_ws/devel/.private/franka_ros_controllers/share/franka_ros_controllers/cmake/franka_ros_controllersConfig.cmake, /home/test/catkin_ws/devel/share/franka_ros_controllers/cmake/franka_ros_controllersConfig.cmake)
Cleaning: (/home/test/catkin_ws/devel/.private/franka_ros_controllers/lib/libfranka_ros_controllers.so, /home/test/catkin_ws/devel/lib/libfranka_ros_controllers.so)
Cleaning: (/home/test/catkin_ws/devel/.private/franka_ros_controllers/lib/pkgconfig/franka_ros_controllers.pc, /home/test/catkin_ws/devel/lib/pkgconfig/franka_ros_controllers.pc)
Cleaning: (/home/test/catkin_ws/devel/.private/franka_ros_controllers/lib/python3/dist-packages/franka_ros_controllers/__init__.py, /home/test/catkin_ws/devel/lib/python3/dist-packages/franka_ros_controllers/__init__.py)
Cleaning: (/home/test/catkin_ws/devel/.private/franka_ros_controllers/lib/python3/dist-packages/franka_ros_controllers/cfg/__init__.py, /home/test/catkin_ws/devel/lib/python3/dist-packages/franka_ros_controllers/cfg/__init__.py)
Cleaning: (/home/test/catkin_ws/devel/.private/franka_ros_controllers/lib/python3/dist-packages/franka_ros_controllers/cfg/joint_controller_paramsConfig.py, /home/test/catkin_ws/devel/lib/python3/dist-packages/franka_ros_controllers/cfg/joint_controller_paramsConfig.py)
Unlinking: /home/test/catkin_ws/devel/include/franka_ros_controllers/joint_controller_paramsConfig.h
Already unlinked: {}
Unlinking: /home/test/catkin_ws/devel/share/franka_ros_controllers/docs/joint_controller_paramsConfig-usage.dox
Already unlinked: {}
Unlinking: /home/test/catkin_ws/devel/share/franka_ros_controllers/docs/joint_controller_paramsConfig.wikidoc
Already unlinked: {}
Unlinking: /home/test/catkin_ws/devel/share/franka_ros_controllers/docs/joint_controller_paramsConfig.dox
Already unlinked: {}
Unlinking: /home/test/catkin_ws/devel/share/franka_ros_controllers/cmake/franka_ros_controllersConfig-version.cmake
Already unlinked: {}
Unlinking: /home/test/catkin_ws/devel/share/franka_ros_controllers/cmake/franka_ros_controllersConfig.cmake
Already unlinked: {}
Unlinking: /home/test/catkin_ws/devel/lib/libfranka_ros_controllers.so
Already unlinked: {}
Unlinking: /home/test/catkin_ws/devel/lib/pkgconfig/franka_ros_controllers.pc
Already unlinked: {}
Unlinking: /home/test/catkin_ws/devel/lib/python3/dist-packages/franka_ros_controllers/__init__.py
Already unlinked: {}
Unlinking: /home/test/catkin_ws/devel/lib/python3/dist-packages/franka_ros_controllers/cfg/__init__.py
Already unlinked: {}
Unlinking: /home/test/catkin_ws/devel/lib/python3/dist-packages/franka_ros_controllers/cfg/joint_controller_paramsConfig.py
Already unlinked: {}
