Symlinking /home/perception/catkin_ws/devel/share/panda_sim_custom_action_server/docs/PandaPositionFFJointTrajectoryActionServerConfig.wikidoc
Symlinking /home/perception/catkin_ws/devel/share/panda_sim_custom_action_server/docs/PandaPositionFFJointTrajectoryActionServerConfig-usage.dox
Symlinking /home/perception/catkin_ws/devel/share/panda_sim_custom_action_server/docs/PandaPositionFFJointTrajectoryActionServerConfig.dox
Symlinking /home/perception/catkin_ws/devel/share/panda_sim_custom_action_server/cmake/panda_sim_custom_action_serverConfig-version.cmake
Symlinking /home/perception/catkin_ws/devel/share/panda_sim_custom_action_server/cmake/panda_sim_custom_action_serverConfig.cmake
Symlinking /home/perception/catkin_ws/devel/lib/pkgconfig/panda_sim_custom_action_server.pc
Symlinking /home/perception/catkin_ws/devel/lib/panda_sim_custom_action_server/start_joint_trajectory_server.py
Symlinking /home/perception/catkin_ws/devel/lib/panda_sim_custom_action_server/cmake.lock
Symlinking /home/perception/catkin_ws/devel/lib/panda_sim_custom_action_server/start_gripper_action_server.py
Symlinking /home/perception/catkin_ws/devel/lib/python3/dist-packages/panda_sim_custom_action_server/__init__.py
Symlinking /home/perception/catkin_ws/devel/lib/python3/dist-packages/panda_sim_custom_action_server/cfg/PandaPositionFFJointTrajectoryActionServerConfig.py
Symlinking /home/perception/catkin_ws/devel/lib/python3/dist-packages/panda_sim_custom_action_server/cfg/__init__.py
Symlinking /home/perception/catkin_ws/devel/include/panda_sim_custom_action_server/PandaPositionFFJointTrajectoryActionServerConfig.h
Cleaning: (/home/test/catkin_ws/devel/.private/panda_sim_custom_action_server/cmake.lock, /home/test/catkin_ws/devel/./cmake.lock)
Cleaning: (/home/test/catkin_ws/devel/.private/panda_sim_custom_action_server/include/panda_sim_custom_action_server/PandaPositionFFJointTrajectoryActionServerConfig.h, /home/test/catkin_ws/devel/include/panda_sim_custom_action_server/PandaPositionFFJointTrajectoryActionServerConfig.h)
Cleaning: (/home/test/catkin_ws/devel/.private/panda_sim_custom_action_server/share/panda_sim_custom_action_server/docs/PandaPositionFFJointTrajectoryActionServerConfig.dox, /home/test/catkin_ws/devel/share/panda_sim_custom_action_server/docs/PandaPositionFFJointTrajectoryActionServerConfig.dox)
Cleaning: (/home/test/catkin_ws/devel/.private/panda_sim_custom_action_server/share/panda_sim_custom_action_server/docs/PandaPositionFFJointTrajectoryActionServerConfig.wikidoc, /home/test/catkin_ws/devel/share/panda_sim_custom_action_server/docs/PandaPositionFFJointTrajectoryActionServerConfig.wikidoc)
Cleaning: (/home/test/catkin_ws/devel/.private/panda_sim_custom_action_server/share/panda_sim_custom_action_server/docs/PandaPositionFFJointTrajectoryActionServerConfig-usage.dox, /home/test/catkin_ws/devel/share/panda_sim_custom_action_server/docs/PandaPositionFFJointTrajectoryActionServerConfig-usage.dox)
Cleaning: (/home/test/catkin_ws/devel/.private/panda_sim_custom_action_server/share/panda_sim_custom_action_server/cmake/panda_sim_custom_action_serverConfig-version.cmake, /home/test/catkin_ws/devel/share/panda_sim_custom_action_server/cmake/panda_sim_custom_action_serverConfig-version.cmake)
Cleaning: (/home/test/catkin_ws/devel/.private/panda_sim_custom_action_server/share/panda_sim_custom_action_server/cmake/panda_sim_custom_action_serverConfig.cmake, /home/test/catkin_ws/devel/share/panda_sim_custom_action_server/cmake/panda_sim_custom_action_serverConfig.cmake)
Cleaning: (/home/test/catkin_ws/devel/.private/panda_sim_custom_action_server/lib/pkgconfig/panda_sim_custom_action_server.pc, /home/test/catkin_ws/devel/lib/pkgconfig/panda_sim_custom_action_server.pc)
Cleaning: (/home/test/catkin_ws/devel/.private/panda_sim_custom_action_server/lib/python3/dist-packages/panda_sim_custom_action_server/__init__.py, /home/test/catkin_ws/devel/lib/python3/dist-packages/panda_sim_custom_action_server/__init__.py)
Cleaning: (/home/test/catkin_ws/devel/.private/panda_sim_custom_action_server/lib/python3/dist-packages/panda_sim_custom_action_server/cfg/__init__.py, /home/test/catkin_ws/devel/lib/python3/dist-packages/panda_sim_custom_action_server/cfg/__init__.py)
Cleaning: (/home/test/catkin_ws/devel/.private/panda_sim_custom_action_server/lib/python3/dist-packages/panda_sim_custom_action_server/cfg/PandaPositionFFJointTrajectoryActionServerConfig.py, /home/test/catkin_ws/devel/lib/python3/dist-packages/panda_sim_custom_action_server/cfg/PandaPositionFFJointTrajectoryActionServerConfig.py)
Cleaning: (/home/test/catkin_ws/devel/.private/panda_sim_custom_action_server/lib/panda_sim_custom_action_server/start_joint_trajectory_server.py, /home/test/catkin_ws/devel/lib/panda_sim_custom_action_server/start_joint_trajectory_server.py)
Cleaning: (/home/test/catkin_ws/devel/.private/panda_sim_custom_action_server/lib/panda_sim_custom_action_server/cmake.lock, /home/test/catkin_ws/devel/lib/panda_sim_custom_action_server/cmake.lock)
Cleaning: (/home/test/catkin_ws/devel/.private/panda_sim_custom_action_server/lib/panda_sim_custom_action_server/start_gripper_action_server.py, /home/test/catkin_ws/devel/lib/panda_sim_custom_action_server/start_gripper_action_server.py)
Unlinking: /home/test/catkin_ws/devel/include/panda_sim_custom_action_server/PandaPositionFFJointTrajectoryActionServerConfig.h
Already unlinked: {}
Unlinking: /home/test/catkin_ws/devel/share/panda_sim_custom_action_server/docs/PandaPositionFFJointTrajectoryActionServerConfig.dox
Already unlinked: {}
Unlinking: /home/test/catkin_ws/devel/share/panda_sim_custom_action_server/docs/PandaPositionFFJointTrajectoryActionServerConfig.wikidoc
Already unlinked: {}
Unlinking: /home/test/catkin_ws/devel/share/panda_sim_custom_action_server/docs/PandaPositionFFJointTrajectoryActionServerConfig-usage.dox
Already unlinked: {}
Unlinking: /home/test/catkin_ws/devel/share/panda_sim_custom_action_server/cmake/panda_sim_custom_action_serverConfig-version.cmake
Already unlinked: {}
Unlinking: /home/test/catkin_ws/devel/share/panda_sim_custom_action_server/cmake/panda_sim_custom_action_serverConfig.cmake
Already unlinked: {}
Unlinking: /home/test/catkin_ws/devel/lib/pkgconfig/panda_sim_custom_action_server.pc
Already unlinked: {}
Unlinking: /home/test/catkin_ws/devel/lib/python3/dist-packages/panda_sim_custom_action_server/__init__.py
Already unlinked: {}
Unlinking: /home/test/catkin_ws/devel/lib/python3/dist-packages/panda_sim_custom_action_server/cfg/__init__.py
Already unlinked: {}
Unlinking: /home/test/catkin_ws/devel/lib/python3/dist-packages/panda_sim_custom_action_server/cfg/PandaPositionFFJointTrajectoryActionServerConfig.py
Already unlinked: {}
Unlinking: /home/test/catkin_ws/devel/lib/panda_sim_custom_action_server/start_joint_trajectory_server.py
Already unlinked: {}
Unlinking: /home/test/catkin_ws/devel/lib/panda_sim_custom_action_server/cmake.lock
Already unlinked: {}
Unlinking: /home/test/catkin_ws/devel/lib/panda_sim_custom_action_server/start_gripper_action_server.py
Already unlinked: {}
