Symlinking /home/perception/catkin_ws/devel/share/franka_example_controllers/docs/desired_mass_paramConfig-usage.dox
Symlinking /home/perception/catkin_ws/devel/share/franka_example_controllers/docs/teleop_gripper_paramConfig.wikidoc
Symlinking /home/perception/catkin_ws/devel/share/franka_example_controllers/docs/teleop_gripper_paramConfig-usage.dox
Symlinking /home/perception/catkin_ws/devel/share/franka_example_controllers/docs/teleop_paramConfig-usage.dox
Symlinking /home/perception/catkin_ws/devel/share/franka_example_controllers/docs/compliance_paramConfig.dox
Symlinking /home/perception/catkin_ws/devel/share/franka_example_controllers/docs/desired_mass_paramConfig.dox
Symlinking /home/perception/catkin_ws/devel/share/franka_example_controllers/docs/compliance_paramConfig-usage.dox
Symlinking /home/perception/catkin_ws/devel/share/franka_example_controllers/docs/dual_arm_compliance_paramConfig-usage.dox
Symlinking /home/perception/catkin_ws/devel/share/franka_example_controllers/docs/teleop_paramConfig.wikidoc
Symlinking /home/perception/catkin_ws/devel/share/franka_example_controllers/docs/teleop_paramConfig.dox
Symlinking /home/perception/catkin_ws/devel/share/franka_example_controllers/docs/teleop_gripper_paramConfig.dox
Symlinking /home/perception/catkin_ws/devel/share/franka_example_controllers/docs/dual_arm_compliance_paramConfig.dox
Symlinking /home/perception/catkin_ws/devel/share/franka_example_controllers/docs/compliance_paramConfig.wikidoc
Symlinking /home/perception/catkin_ws/devel/share/franka_example_controllers/docs/dual_arm_compliance_paramConfig.wikidoc
Symlinking /home/perception/catkin_ws/devel/share/franka_example_controllers/docs/desired_mass_paramConfig.wikidoc
Symlinking /home/perception/catkin_ws/devel/share/franka_example_controllers/cmake/franka_example_controllersConfig-version.cmake
Symlinking /home/perception/catkin_ws/devel/share/franka_example_controllers/cmake/franka_example_controllers-msg-extras.cmake
Symlinking /home/perception/catkin_ws/devel/share/franka_example_controllers/cmake/franka_example_controllers-msg-paths.cmake
Symlinking /home/perception/catkin_ws/devel/share/franka_example_controllers/cmake/franka_example_controllersConfig.cmake
Symlinking /home/perception/catkin_ws/devel/share/common-lisp/ros/franka_example_controllers/msg/franka_example_controllers-msg.asd
Symlinking /home/perception/catkin_ws/devel/share/common-lisp/ros/franka_example_controllers/msg/JointTorqueComparison.lisp
Symlinking /home/perception/catkin_ws/devel/share/common-lisp/ros/franka_example_controllers/msg/_package.lisp
Symlinking /home/perception/catkin_ws/devel/share/common-lisp/ros/franka_example_controllers/msg/_package_JointTorqueComparison.lisp
Symlinking /home/perception/catkin_ws/devel/share/gennodejs/ros/franka_example_controllers/_index.js
Symlinking /home/perception/catkin_ws/devel/share/gennodejs/ros/franka_example_controllers/msg/_index.js
Symlinking /home/perception/catkin_ws/devel/share/gennodejs/ros/franka_example_controllers/msg/JointTorqueComparison.js
Symlinking /home/perception/catkin_ws/devel/share/roseus/ros/franka_example_controllers/manifest.l
Symlinking /home/perception/catkin_ws/devel/share/roseus/ros/franka_example_controllers/msg/JointTorqueComparison.l
Symlinking /home/perception/catkin_ws/devel/lib/libfranka_example_controllers.so
Symlinking /home/perception/catkin_ws/devel/lib/pkgconfig/franka_example_controllers.pc
Symlinking /home/perception/catkin_ws/devel/lib/franka_example_controllers/cmake.lock
Symlinking /home/perception/catkin_ws/devel/lib/franka_example_controllers/move_to_start.py
Symlinking /home/perception/catkin_ws/devel/lib/franka_example_controllers/interactive_marker.py
Symlinking /home/perception/catkin_ws/devel/lib/franka_example_controllers/dual_arm_interactive_marker.py
Symlinking /home/perception/catkin_ws/devel/lib/franka_example_controllers/teleop_gripper_node
Symlinking /home/perception/catkin_ws/devel/lib/python3/dist-packages/franka_example_controllers/__init__.py
Symlinking /home/perception/catkin_ws/devel/lib/python3/dist-packages/franka_example_controllers/cfg/compliance_paramConfig.py
Symlinking /home/perception/catkin_ws/devel/lib/python3/dist-packages/franka_example_controllers/cfg/desired_mass_paramConfig.py
Symlinking /home/perception/catkin_ws/devel/lib/python3/dist-packages/franka_example_controllers/cfg/teleop_gripper_paramConfig.py
Symlinking /home/perception/catkin_ws/devel/lib/python3/dist-packages/franka_example_controllers/cfg/dual_arm_compliance_paramConfig.py
Symlinking /home/perception/catkin_ws/devel/lib/python3/dist-packages/franka_example_controllers/cfg/teleop_paramConfig.py
Symlinking /home/perception/catkin_ws/devel/lib/python3/dist-packages/franka_example_controllers/cfg/__init__.py
Symlinking /home/perception/catkin_ws/devel/lib/python3/dist-packages/franka_example_controllers/msg/_JointTorqueComparison.py
Symlinking /home/perception/catkin_ws/devel/lib/python3/dist-packages/franka_example_controllers/msg/__init__.py
Symlinking /home/perception/catkin_ws/devel/include/franka_example_controllers/JointTorqueComparison.h
Symlinking /home/perception/catkin_ws/devel/include/franka_example_controllers/dual_arm_compliance_paramConfig.h
Symlinking /home/perception/catkin_ws/devel/include/franka_example_controllers/teleop_paramConfig.h
Symlinking /home/perception/catkin_ws/devel/include/franka_example_controllers/compliance_paramConfig.h
Symlinking /home/perception/catkin_ws/devel/include/franka_example_controllers/desired_mass_paramConfig.h
Symlinking /home/perception/catkin_ws/devel/include/franka_example_controllers/teleop_gripper_paramConfig.h
Cleaning: (/home/test/catkin_ws/devel/.private/franka_example_controllers/cmake.lock, /home/test/catkin_ws/devel/./cmake.lock)
Cleaning: (/home/test/catkin_ws/devel/.private/franka_example_controllers/include/franka_example_controllers/dual_arm_compliance_paramConfig.h, /home/test/catkin_ws/devel/include/franka_example_controllers/dual_arm_compliance_paramConfig.h)
Cleaning: (/home/test/catkin_ws/devel/.private/franka_example_controllers/include/franka_example_controllers/compliance_paramConfig.h, /home/test/catkin_ws/devel/include/franka_example_controllers/compliance_paramConfig.h)
Cleaning: (/home/test/catkin_ws/devel/.private/franka_example_controllers/include/franka_example_controllers/desired_mass_paramConfig.h, /home/test/catkin_ws/devel/include/franka_example_controllers/desired_mass_paramConfig.h)
Cleaning: (/home/test/catkin_ws/devel/.private/franka_example_controllers/include/franka_example_controllers/JointTorqueComparison.h, /home/test/catkin_ws/devel/include/franka_example_controllers/JointTorqueComparison.h)
Cleaning: (/home/test/catkin_ws/devel/.private/franka_example_controllers/include/franka_example_controllers/teleop_gripper_paramConfig.h, /home/test/catkin_ws/devel/include/franka_example_controllers/teleop_gripper_paramConfig.h)
Cleaning: (/home/test/catkin_ws/devel/.private/franka_example_controllers/include/franka_example_controllers/teleop_paramConfig.h, /home/test/catkin_ws/devel/include/franka_example_controllers/teleop_paramConfig.h)
Cleaning: (/home/test/catkin_ws/devel/.private/franka_example_controllers/share/common-lisp/ros/franka_example_controllers/msg/JointTorqueComparison.lisp, /home/test/catkin_ws/devel/share/common-lisp/ros/franka_example_controllers/msg/JointTorqueComparison.lisp)
Cleaning: (/home/test/catkin_ws/devel/.private/franka_example_controllers/share/common-lisp/ros/franka_example_controllers/msg/franka_example_controllers-msg.asd, /home/test/catkin_ws/devel/share/common-lisp/ros/franka_example_controllers/msg/franka_example_controllers-msg.asd)
Cleaning: (/home/test/catkin_ws/devel/.private/franka_example_controllers/share/common-lisp/ros/franka_example_controllers/msg/_package.lisp, /home/test/catkin_ws/devel/share/common-lisp/ros/franka_example_controllers/msg/_package.lisp)
Cleaning: (/home/test/catkin_ws/devel/.private/franka_example_controllers/share/common-lisp/ros/franka_example_controllers/msg/_package_JointTorqueComparison.lisp, /home/test/catkin_ws/devel/share/common-lisp/ros/franka_example_controllers/msg/_package_JointTorqueComparison.lisp)
Cleaning: (/home/test/catkin_ws/devel/.private/franka_example_controllers/share/gennodejs/ros/franka_example_controllers/_index.js, /home/test/catkin_ws/devel/share/gennodejs/ros/franka_example_controllers/_index.js)
Cleaning: (/home/test/catkin_ws/devel/.private/franka_example_controllers/share/gennodejs/ros/franka_example_controllers/msg/JointTorqueComparison.js, /home/test/catkin_ws/devel/share/gennodejs/ros/franka_example_controllers/msg/JointTorqueComparison.js)
Cleaning: (/home/test/catkin_ws/devel/.private/franka_example_controllers/share/gennodejs/ros/franka_example_controllers/msg/_index.js, /home/test/catkin_ws/devel/share/gennodejs/ros/franka_example_controllers/msg/_index.js)
Cleaning: (/home/test/catkin_ws/devel/.private/franka_example_controllers/share/franka_example_controllers/docs/dual_arm_compliance_paramConfig.dox, /home/test/catkin_ws/devel/share/franka_example_controllers/docs/dual_arm_compliance_paramConfig.dox)
Cleaning: (/home/test/catkin_ws/devel/.private/franka_example_controllers/share/franka_example_controllers/docs/teleop_gripper_paramConfig-usage.dox, /home/test/catkin_ws/devel/share/franka_example_controllers/docs/teleop_gripper_paramConfig-usage.dox)
Cleaning: (/home/test/catkin_ws/devel/.private/franka_example_controllers/share/franka_example_controllers/docs/teleop_paramConfig.wikidoc, /home/test/catkin_ws/devel/share/franka_example_controllers/docs/teleop_paramConfig.wikidoc)
Cleaning: (/home/test/catkin_ws/devel/.private/franka_example_controllers/share/franka_example_controllers/docs/compliance_paramConfig.dox, /home/test/catkin_ws/devel/share/franka_example_controllers/docs/compliance_paramConfig.dox)
Cleaning: (/home/test/catkin_ws/devel/.private/franka_example_controllers/share/franka_example_controllers/docs/teleop_gripper_paramConfig.dox, /home/test/catkin_ws/devel/share/franka_example_controllers/docs/teleop_gripper_paramConfig.dox)
Cleaning: (/home/test/catkin_ws/devel/.private/franka_example_controllers/share/franka_example_controllers/docs/desired_mass_paramConfig-usage.dox, /home/test/catkin_ws/devel/share/franka_example_controllers/docs/desired_mass_paramConfig-usage.dox)
Cleaning: (/home/test/catkin_ws/devel/.private/franka_example_controllers/share/franka_example_controllers/docs/dual_arm_compliance_paramConfig-usage.dox, /home/test/catkin_ws/devel/share/franka_example_controllers/docs/dual_arm_compliance_paramConfig-usage.dox)
Cleaning: (/home/test/catkin_ws/devel/.private/franka_example_controllers/share/franka_example_controllers/docs/compliance_paramConfig-usage.dox, /home/test/catkin_ws/devel/share/franka_example_controllers/docs/compliance_paramConfig-usage.dox)
Cleaning: (/home/test/catkin_ws/devel/.private/franka_example_controllers/share/franka_example_controllers/docs/dual_arm_compliance_paramConfig.wikidoc, /home/test/catkin_ws/devel/share/franka_example_controllers/docs/dual_arm_compliance_paramConfig.wikidoc)
Cleaning: (/home/test/catkin_ws/devel/.private/franka_example_controllers/share/franka_example_controllers/docs/desired_mass_paramConfig.wikidoc, /home/test/catkin_ws/devel/share/franka_example_controllers/docs/desired_mass_paramConfig.wikidoc)
Cleaning: (/home/test/catkin_ws/devel/.private/franka_example_controllers/share/franka_example_controllers/docs/teleop_gripper_paramConfig.wikidoc, /home/test/catkin_ws/devel/share/franka_example_controllers/docs/teleop_gripper_paramConfig.wikidoc)
Cleaning: (/home/test/catkin_ws/devel/.private/franka_example_controllers/share/franka_example_controllers/docs/teleop_paramConfig.dox, /home/test/catkin_ws/devel/share/franka_example_controllers/docs/teleop_paramConfig.dox)
Cleaning: (/home/test/catkin_ws/devel/.private/franka_example_controllers/share/franka_example_controllers/docs/compliance_paramConfig.wikidoc, /home/test/catkin_ws/devel/share/franka_example_controllers/docs/compliance_paramConfig.wikidoc)
Cleaning: (/home/test/catkin_ws/devel/.private/franka_example_controllers/share/franka_example_controllers/docs/teleop_paramConfig-usage.dox, /home/test/catkin_ws/devel/share/franka_example_controllers/docs/teleop_paramConfig-usage.dox)
Cleaning: (/home/test/catkin_ws/devel/.private/franka_example_controllers/share/franka_example_controllers/docs/desired_mass_paramConfig.dox, /home/test/catkin_ws/devel/share/franka_example_controllers/docs/desired_mass_paramConfig.dox)
Cleaning: (/home/test/catkin_ws/devel/.private/franka_example_controllers/share/franka_example_controllers/cmake/franka_example_controllers-msg-extras.cmake, /home/test/catkin_ws/devel/share/franka_example_controllers/cmake/franka_example_controllers-msg-extras.cmake)
Cleaning: (/home/test/catkin_ws/devel/.private/franka_example_controllers/share/franka_example_controllers/cmake/franka_example_controllersConfig-version.cmake, /home/test/catkin_ws/devel/share/franka_example_controllers/cmake/franka_example_controllersConfig-version.cmake)
Cleaning: (/home/test/catkin_ws/devel/.private/franka_example_controllers/share/franka_example_controllers/cmake/franka_example_controllers-msg-paths.cmake, /home/test/catkin_ws/devel/share/franka_example_controllers/cmake/franka_example_controllers-msg-paths.cmake)
Cleaning: (/home/test/catkin_ws/devel/.private/franka_example_controllers/share/franka_example_controllers/cmake/franka_example_controllersConfig.cmake, /home/test/catkin_ws/devel/share/franka_example_controllers/cmake/franka_example_controllersConfig.cmake)
Cleaning: (/home/test/catkin_ws/devel/.private/franka_example_controllers/share/roseus/ros/franka_example_controllers/manifest.l, /home/test/catkin_ws/devel/share/roseus/ros/franka_example_controllers/manifest.l)
Cleaning: (/home/test/catkin_ws/devel/.private/franka_example_controllers/share/roseus/ros/franka_example_controllers/msg/JointTorqueComparison.l, /home/test/catkin_ws/devel/share/roseus/ros/franka_example_controllers/msg/JointTorqueComparison.l)
Cleaning: (/home/test/catkin_ws/devel/.private/franka_example_controllers/lib/libfranka_example_controllers.so, /home/test/catkin_ws/devel/lib/libfranka_example_controllers.so)
Cleaning: (/home/test/catkin_ws/devel/.private/franka_example_controllers/lib/pkgconfig/franka_example_controllers.pc, /home/test/catkin_ws/devel/lib/pkgconfig/franka_example_controllers.pc)
Cleaning: (/home/test/catkin_ws/devel/.private/franka_example_controllers/lib/python3/dist-packages/franka_example_controllers/__init__.py, /home/test/catkin_ws/devel/lib/python3/dist-packages/franka_example_controllers/__init__.py)
Cleaning: (/home/test/catkin_ws/devel/.private/franka_example_controllers/lib/python3/dist-packages/franka_example_controllers/msg/_JointTorqueComparison.py, /home/test/catkin_ws/devel/lib/python3/dist-packages/franka_example_controllers/msg/_JointTorqueComparison.py)
Cleaning: (/home/test/catkin_ws/devel/.private/franka_example_controllers/lib/python3/dist-packages/franka_example_controllers/msg/__init__.py, /home/test/catkin_ws/devel/lib/python3/dist-packages/franka_example_controllers/msg/__init__.py)
Cleaning: (/home/test/catkin_ws/devel/.private/franka_example_controllers/lib/python3/dist-packages/franka_example_controllers/cfg/teleop_gripper_paramConfig.py, /home/test/catkin_ws/devel/lib/python3/dist-packages/franka_example_controllers/cfg/teleop_gripper_paramConfig.py)
Cleaning: (/home/test/catkin_ws/devel/.private/franka_example_controllers/lib/python3/dist-packages/franka_example_controllers/cfg/__init__.py, /home/test/catkin_ws/devel/lib/python3/dist-packages/franka_example_controllers/cfg/__init__.py)
Cleaning: (/home/test/catkin_ws/devel/.private/franka_example_controllers/lib/python3/dist-packages/franka_example_controllers/cfg/compliance_paramConfig.py, /home/test/catkin_ws/devel/lib/python3/dist-packages/franka_example_controllers/cfg/compliance_paramConfig.py)
Cleaning: (/home/test/catkin_ws/devel/.private/franka_example_controllers/lib/python3/dist-packages/franka_example_controllers/cfg/dual_arm_compliance_paramConfig.py, /home/test/catkin_ws/devel/lib/python3/dist-packages/franka_example_controllers/cfg/dual_arm_compliance_paramConfig.py)
Cleaning: (/home/test/catkin_ws/devel/.private/franka_example_controllers/lib/python3/dist-packages/franka_example_controllers/cfg/teleop_paramConfig.py, /home/test/catkin_ws/devel/lib/python3/dist-packages/franka_example_controllers/cfg/teleop_paramConfig.py)
Cleaning: (/home/test/catkin_ws/devel/.private/franka_example_controllers/lib/python3/dist-packages/franka_example_controllers/cfg/desired_mass_paramConfig.py, /home/test/catkin_ws/devel/lib/python3/dist-packages/franka_example_controllers/cfg/desired_mass_paramConfig.py)
Cleaning: (/home/test/catkin_ws/devel/.private/franka_example_controllers/lib/franka_example_controllers/cmake.lock, /home/test/catkin_ws/devel/lib/franka_example_controllers/cmake.lock)
Cleaning: (/home/test/catkin_ws/devel/.private/franka_example_controllers/lib/franka_example_controllers/move_to_start.py, /home/test/catkin_ws/devel/lib/franka_example_controllers/move_to_start.py)
Cleaning: (/home/test/catkin_ws/devel/.private/franka_example_controllers/lib/franka_example_controllers/teleop_gripper_node, /home/test/catkin_ws/devel/lib/franka_example_controllers/teleop_gripper_node)
Cleaning: (/home/test/catkin_ws/devel/.private/franka_example_controllers/lib/franka_example_controllers/dual_arm_interactive_marker.py, /home/test/catkin_ws/devel/lib/franka_example_controllers/dual_arm_interactive_marker.py)
Cleaning: (/home/test/catkin_ws/devel/.private/franka_example_controllers/lib/franka_example_controllers/interactive_marker.py, /home/test/catkin_ws/devel/lib/franka_example_controllers/interactive_marker.py)
Unlinking: /home/test/catkin_ws/devel/include/franka_example_controllers/dual_arm_compliance_paramConfig.h
Already unlinked: {}
Unlinking: /home/test/catkin_ws/devel/include/franka_example_controllers/compliance_paramConfig.h
Already unlinked: {}
Unlinking: /home/test/catkin_ws/devel/include/franka_example_controllers/desired_mass_paramConfig.h
Already unlinked: {}
Unlinking: /home/test/catkin_ws/devel/include/franka_example_controllers/JointTorqueComparison.h
Already unlinked: {}
Unlinking: /home/test/catkin_ws/devel/include/franka_example_controllers/teleop_gripper_paramConfig.h
Already unlinked: {}
Unlinking: /home/test/catkin_ws/devel/include/franka_example_controllers/teleop_paramConfig.h
Already unlinked: {}
Unlinking: /home/test/catkin_ws/devel/share/common-lisp/ros/franka_example_controllers/msg/JointTorqueComparison.lisp
Already unlinked: {}
Unlinking: /home/test/catkin_ws/devel/share/common-lisp/ros/franka_example_controllers/msg/franka_example_controllers-msg.asd
Already unlinked: {}
Unlinking: /home/test/catkin_ws/devel/share/common-lisp/ros/franka_example_controllers/msg/_package.lisp
Already unlinked: {}
Unlinking: /home/test/catkin_ws/devel/share/common-lisp/ros/franka_example_controllers/msg/_package_JointTorqueComparison.lisp
Already unlinked: {}
Unlinking: /home/test/catkin_ws/devel/share/gennodejs/ros/franka_example_controllers/_index.js
Already unlinked: {}
Unlinking: /home/test/catkin_ws/devel/share/gennodejs/ros/franka_example_controllers/msg/JointTorqueComparison.js
Already unlinked: {}
Unlinking: /home/test/catkin_ws/devel/share/gennodejs/ros/franka_example_controllers/msg/_index.js
Already unlinked: {}
Unlinking: /home/test/catkin_ws/devel/share/franka_example_controllers/docs/dual_arm_compliance_paramConfig.dox
Already unlinked: {}
Unlinking: /home/test/catkin_ws/devel/share/franka_example_controllers/docs/teleop_gripper_paramConfig-usage.dox
Already unlinked: {}
Unlinking: /home/test/catkin_ws/devel/share/franka_example_controllers/docs/teleop_paramConfig.wikidoc
Already unlinked: {}
Unlinking: /home/test/catkin_ws/devel/share/franka_example_controllers/docs/compliance_paramConfig.dox
Already unlinked: {}
Unlinking: /home/test/catkin_ws/devel/share/franka_example_controllers/docs/teleop_gripper_paramConfig.dox
Already unlinked: {}
Unlinking: /home/test/catkin_ws/devel/share/franka_example_controllers/docs/desired_mass_paramConfig-usage.dox
Already unlinked: {}
Unlinking: /home/test/catkin_ws/devel/share/franka_example_controllers/docs/dual_arm_compliance_paramConfig-usage.dox
Already unlinked: {}
Unlinking: /home/test/catkin_ws/devel/share/franka_example_controllers/docs/compliance_paramConfig-usage.dox
Already unlinked: {}
Unlinking: /home/test/catkin_ws/devel/share/franka_example_controllers/docs/dual_arm_compliance_paramConfig.wikidoc
Already unlinked: {}
Unlinking: /home/test/catkin_ws/devel/share/franka_example_controllers/docs/desired_mass_paramConfig.wikidoc
Already unlinked: {}
Unlinking: /home/test/catkin_ws/devel/share/franka_example_controllers/docs/teleop_gripper_paramConfig.wikidoc
Already unlinked: {}
Unlinking: /home/test/catkin_ws/devel/share/franka_example_controllers/docs/teleop_paramConfig.dox
Already unlinked: {}
Unlinking: /home/test/catkin_ws/devel/share/franka_example_controllers/docs/compliance_paramConfig.wikidoc
Already unlinked: {}
Unlinking: /home/test/catkin_ws/devel/share/franka_example_controllers/docs/teleop_paramConfig-usage.dox
Already unlinked: {}
Unlinking: /home/test/catkin_ws/devel/share/franka_example_controllers/docs/desired_mass_paramConfig.dox
Already unlinked: {}
Unlinking: /home/test/catkin_ws/devel/share/franka_example_controllers/cmake/franka_example_controllers-msg-extras.cmake
Already unlinked: {}
Unlinking: /home/test/catkin_ws/devel/share/franka_example_controllers/cmake/franka_example_controllersConfig-version.cmake
Already unlinked: {}
Unlinking: /home/test/catkin_ws/devel/share/franka_example_controllers/cmake/franka_example_controllers-msg-paths.cmake
Already unlinked: {}
Unlinking: /home/test/catkin_ws/devel/share/franka_example_controllers/cmake/franka_example_controllersConfig.cmake
Already unlinked: {}
Unlinking: /home/test/catkin_ws/devel/share/roseus/ros/franka_example_controllers/manifest.l
Already unlinked: {}
Unlinking: /home/test/catkin_ws/devel/share/roseus/ros/franka_example_controllers/msg/JointTorqueComparison.l
Already unlinked: {}
Unlinking: /home/test/catkin_ws/devel/lib/libfranka_example_controllers.so
Already unlinked: {}
Unlinking: /home/test/catkin_ws/devel/lib/pkgconfig/franka_example_controllers.pc
Already unlinked: {}
Unlinking: /home/test/catkin_ws/devel/lib/python3/dist-packages/franka_example_controllers/__init__.py
Already unlinked: {}
Unlinking: /home/test/catkin_ws/devel/lib/python3/dist-packages/franka_example_controllers/msg/_JointTorqueComparison.py
Already unlinked: {}
Unlinking: /home/test/catkin_ws/devel/lib/python3/dist-packages/franka_example_controllers/msg/__init__.py
Already unlinked: {}
Unlinking: /home/test/catkin_ws/devel/lib/python3/dist-packages/franka_example_controllers/cfg/teleop_gripper_paramConfig.py
Already unlinked: {}
Unlinking: /home/test/catkin_ws/devel/lib/python3/dist-packages/franka_example_controllers/cfg/__init__.py
Already unlinked: {}
Unlinking: /home/test/catkin_ws/devel/lib/python3/dist-packages/franka_example_controllers/cfg/compliance_paramConfig.py
Already unlinked: {}
Unlinking: /home/test/catkin_ws/devel/lib/python3/dist-packages/franka_example_controllers/cfg/dual_arm_compliance_paramConfig.py
Already unlinked: {}
Unlinking: /home/test/catkin_ws/devel/lib/python3/dist-packages/franka_example_controllers/cfg/teleop_paramConfig.py
Already unlinked: {}
Unlinking: /home/test/catkin_ws/devel/lib/python3/dist-packages/franka_example_controllers/cfg/desired_mass_paramConfig.py
Already unlinked: {}
Unlinking: /home/test/catkin_ws/devel/lib/franka_example_controllers/cmake.lock
Already unlinked: {}
Unlinking: /home/test/catkin_ws/devel/lib/franka_example_controllers/move_to_start.py
Already unlinked: {}
Unlinking: /home/test/catkin_ws/devel/lib/franka_example_controllers/teleop_gripper_node
Already unlinked: {}
Unlinking: /home/test/catkin_ws/devel/lib/franka_example_controllers/dual_arm_interactive_marker.py
Already unlinked: {}
Unlinking: /home/test/catkin_ws/devel/lib/franka_example_controllers/interactive_marker.py
Already unlinked: {}
