Symlinking /home/perception/catkin_ws/devel/share/common-lisp/ros/franka_msgs/srv/_package_SetJointImpedance.lisp
Symlinking /home/perception/catkin_ws/devel/share/common-lisp/ros/franka_msgs/srv/_package_SetLoad.lisp
Symlinking /home/perception/catkin_ws/devel/share/common-lisp/ros/franka_msgs/srv/SetFullCollisionBehavior.lisp
Symlinking /home/perception/catkin_ws/devel/share/common-lisp/ros/franka_msgs/srv/_package.lisp
Symlinking /home/perception/catkin_ws/devel/share/common-lisp/ros/franka_msgs/srv/SetEEFrame.lisp
Symlinking /home/perception/catkin_ws/devel/share/common-lisp/ros/franka_msgs/srv/SetCartesianImpedance.lisp
Symlinking /home/perception/catkin_ws/devel/share/common-lisp/ros/franka_msgs/srv/SetLoad.lisp
Symlinking /home/perception/catkin_ws/devel/share/common-lisp/ros/franka_msgs/srv/_package_SetKFrame.lisp
Symlinking /home/perception/catkin_ws/devel/share/common-lisp/ros/franka_msgs/srv/_package_SetFullCollisionBehavior.lisp
Symlinking /home/perception/catkin_ws/devel/share/common-lisp/ros/franka_msgs/srv/SetJointImpedance.lisp
Symlinking /home/perception/catkin_ws/devel/share/common-lisp/ros/franka_msgs/srv/SetKFrame.lisp
Symlinking /home/perception/catkin_ws/devel/share/common-lisp/ros/franka_msgs/srv/_package_SetForceTorqueCollisionBehavior.lisp
Symlinking /home/perception/catkin_ws/devel/share/common-lisp/ros/franka_msgs/srv/SetForceTorqueCollisionBehavior.lisp
Symlinking /home/perception/catkin_ws/devel/share/common-lisp/ros/franka_msgs/srv/_package_SetCartesianImpedance.lisp
Symlinking /home/perception/catkin_ws/devel/share/common-lisp/ros/franka_msgs/srv/_package_SetEEFrame.lisp
Symlinking /home/perception/catkin_ws/devel/share/common-lisp/ros/franka_msgs/srv/franka_msgs-srv.asd
Symlinking /home/perception/catkin_ws/devel/share/common-lisp/ros/franka_msgs/msg/FrankaState.lisp
Symlinking /home/perception/catkin_ws/devel/share/common-lisp/ros/franka_msgs/msg/ErrorRecoveryFeedback.lisp
Symlinking /home/perception/catkin_ws/devel/share/common-lisp/ros/franka_msgs/msg/ErrorRecoveryGoal.lisp
Symlinking /home/perception/catkin_ws/devel/share/common-lisp/ros/franka_msgs/msg/Errors.lisp
Symlinking /home/perception/catkin_ws/devel/share/common-lisp/ros/franka_msgs/msg/ErrorRecoveryResult.lisp
Symlinking /home/perception/catkin_ws/devel/share/common-lisp/ros/franka_msgs/msg/_package.lisp
Symlinking /home/perception/catkin_ws/devel/share/common-lisp/ros/franka_msgs/msg/ErrorRecoveryActionFeedback.lisp
Symlinking /home/perception/catkin_ws/devel/share/common-lisp/ros/franka_msgs/msg/_package_ErrorRecoveryActionResult.lisp
Symlinking /home/perception/catkin_ws/devel/share/common-lisp/ros/franka_msgs/msg/ErrorRecoveryAction.lisp
Symlinking /home/perception/catkin_ws/devel/share/common-lisp/ros/franka_msgs/msg/_package_ErrorRecoveryGoal.lisp
Symlinking /home/perception/catkin_ws/devel/share/common-lisp/ros/franka_msgs/msg/_package_Errors.lisp
Symlinking /home/perception/catkin_ws/devel/share/common-lisp/ros/franka_msgs/msg/_package_ErrorRecoveryActionGoal.lisp
Symlinking /home/perception/catkin_ws/devel/share/common-lisp/ros/franka_msgs/msg/franka_msgs-msg.asd
Symlinking /home/perception/catkin_ws/devel/share/common-lisp/ros/franka_msgs/msg/_package_ErrorRecoveryResult.lisp
Symlinking /home/perception/catkin_ws/devel/share/common-lisp/ros/franka_msgs/msg/_package_FrankaState.lisp
Symlinking /home/perception/catkin_ws/devel/share/common-lisp/ros/franka_msgs/msg/_package_ErrorRecoveryFeedback.lisp
Symlinking /home/perception/catkin_ws/devel/share/common-lisp/ros/franka_msgs/msg/ErrorRecoveryActionGoal.lisp
Symlinking /home/perception/catkin_ws/devel/share/common-lisp/ros/franka_msgs/msg/_package_ErrorRecoveryAction.lisp
Symlinking /home/perception/catkin_ws/devel/share/common-lisp/ros/franka_msgs/msg/ErrorRecoveryActionResult.lisp
Symlinking /home/perception/catkin_ws/devel/share/common-lisp/ros/franka_msgs/msg/_package_ErrorRecoveryActionFeedback.lisp
Symlinking /home/perception/catkin_ws/devel/share/gennodejs/ros/franka_msgs/_index.js
Symlinking /home/perception/catkin_ws/devel/share/gennodejs/ros/franka_msgs/srv/SetJointImpedance.js
Symlinking /home/perception/catkin_ws/devel/share/gennodejs/ros/franka_msgs/srv/SetEEFrame.js
Symlinking /home/perception/catkin_ws/devel/share/gennodejs/ros/franka_msgs/srv/SetCartesianImpedance.js
Symlinking /home/perception/catkin_ws/devel/share/gennodejs/ros/franka_msgs/srv/_index.js
Symlinking /home/perception/catkin_ws/devel/share/gennodejs/ros/franka_msgs/srv/SetForceTorqueCollisionBehavior.js
Symlinking /home/perception/catkin_ws/devel/share/gennodejs/ros/franka_msgs/srv/SetKFrame.js
Symlinking /home/perception/catkin_ws/devel/share/gennodejs/ros/franka_msgs/srv/SetFullCollisionBehavior.js
Symlinking /home/perception/catkin_ws/devel/share/gennodejs/ros/franka_msgs/srv/SetLoad.js
Symlinking /home/perception/catkin_ws/devel/share/gennodejs/ros/franka_msgs/msg/ErrorRecoveryAction.js
Symlinking /home/perception/catkin_ws/devel/share/gennodejs/ros/franka_msgs/msg/_index.js
Symlinking /home/perception/catkin_ws/devel/share/gennodejs/ros/franka_msgs/msg/ErrorRecoveryFeedback.js
Symlinking /home/perception/catkin_ws/devel/share/gennodejs/ros/franka_msgs/msg/ErrorRecoveryGoal.js
Symlinking /home/perception/catkin_ws/devel/share/gennodejs/ros/franka_msgs/msg/ErrorRecoveryActionFeedback.js
Symlinking /home/perception/catkin_ws/devel/share/gennodejs/ros/franka_msgs/msg/FrankaState.js
Symlinking /home/perception/catkin_ws/devel/share/gennodejs/ros/franka_msgs/msg/Errors.js
Symlinking /home/perception/catkin_ws/devel/share/gennodejs/ros/franka_msgs/msg/ErrorRecoveryActionResult.js
Symlinking /home/perception/catkin_ws/devel/share/gennodejs/ros/franka_msgs/msg/ErrorRecoveryResult.js
Symlinking /home/perception/catkin_ws/devel/share/gennodejs/ros/franka_msgs/msg/ErrorRecoveryActionGoal.js
Symlinking /home/perception/catkin_ws/devel/share/roseus/ros/franka_msgs/manifest.l
Symlinking /home/perception/catkin_ws/devel/share/roseus/ros/franka_msgs/srv/SetLoad.l
Symlinking /home/perception/catkin_ws/devel/share/roseus/ros/franka_msgs/srv/SetForceTorqueCollisionBehavior.l
Symlinking /home/perception/catkin_ws/devel/share/roseus/ros/franka_msgs/srv/SetCartesianImpedance.l
Symlinking /home/perception/catkin_ws/devel/share/roseus/ros/franka_msgs/srv/SetJointImpedance.l
Symlinking /home/perception/catkin_ws/devel/share/roseus/ros/franka_msgs/srv/SetFullCollisionBehavior.l
Symlinking /home/perception/catkin_ws/devel/share/roseus/ros/franka_msgs/srv/SetKFrame.l
Symlinking /home/perception/catkin_ws/devel/share/roseus/ros/franka_msgs/srv/SetEEFrame.l
Symlinking /home/perception/catkin_ws/devel/share/roseus/ros/franka_msgs/msg/ErrorRecoveryGoal.l
Symlinking /home/perception/catkin_ws/devel/share/roseus/ros/franka_msgs/msg/ErrorRecoveryActionFeedback.l
Symlinking /home/perception/catkin_ws/devel/share/roseus/ros/franka_msgs/msg/ErrorRecoveryActionResult.l
Symlinking /home/perception/catkin_ws/devel/share/roseus/ros/franka_msgs/msg/ErrorRecoveryResult.l
Symlinking /home/perception/catkin_ws/devel/share/roseus/ros/franka_msgs/msg/ErrorRecoveryActionGoal.l
Symlinking /home/perception/catkin_ws/devel/share/roseus/ros/franka_msgs/msg/FrankaState.l
Symlinking /home/perception/catkin_ws/devel/share/roseus/ros/franka_msgs/msg/Errors.l
Symlinking /home/perception/catkin_ws/devel/share/roseus/ros/franka_msgs/msg/ErrorRecoveryFeedback.l
Symlinking /home/perception/catkin_ws/devel/share/roseus/ros/franka_msgs/msg/ErrorRecoveryAction.l
Symlinking /home/perception/catkin_ws/devel/share/franka_msgs/msg/ErrorRecoveryActionGoal.msg
Symlinking /home/perception/catkin_ws/devel/share/franka_msgs/msg/ErrorRecoveryActionFeedback.msg
Symlinking /home/perception/catkin_ws/devel/share/franka_msgs/msg/ErrorRecoveryGoal.msg
Symlinking /home/perception/catkin_ws/devel/share/franka_msgs/msg/ErrorRecoveryResult.msg
Symlinking /home/perception/catkin_ws/devel/share/franka_msgs/msg/ErrorRecoveryActionResult.msg
Symlinking /home/perception/catkin_ws/devel/share/franka_msgs/msg/ErrorRecoveryFeedback.msg
Symlinking /home/perception/catkin_ws/devel/share/franka_msgs/msg/ErrorRecoveryAction.msg
Symlinking /home/perception/catkin_ws/devel/share/franka_msgs/cmake/franka_msgs-msg-extras.cmake
Symlinking /home/perception/catkin_ws/devel/share/franka_msgs/cmake/franka_msgsConfig.cmake
Symlinking /home/perception/catkin_ws/devel/share/franka_msgs/cmake/franka_msgs-msg-paths.cmake
Symlinking /home/perception/catkin_ws/devel/share/franka_msgs/cmake/franka_msgsConfig-version.cmake
Symlinking /home/perception/catkin_ws/devel/lib/pkgconfig/franka_msgs.pc
Symlinking /home/perception/catkin_ws/devel/lib/python3/dist-packages/franka_msgs/__init__.py
Symlinking /home/perception/catkin_ws/devel/lib/python3/dist-packages/franka_msgs/srv/_SetEEFrame.py
Symlinking /home/perception/catkin_ws/devel/lib/python3/dist-packages/franka_msgs/srv/_SetFullCollisionBehavior.py
Symlinking /home/perception/catkin_ws/devel/lib/python3/dist-packages/franka_msgs/srv/_SetForceTorqueCollisionBehavior.py
Symlinking /home/perception/catkin_ws/devel/lib/python3/dist-packages/franka_msgs/srv/_SetCartesianImpedance.py
Symlinking /home/perception/catkin_ws/devel/lib/python3/dist-packages/franka_msgs/srv/_SetLoad.py
Symlinking /home/perception/catkin_ws/devel/lib/python3/dist-packages/franka_msgs/srv/_SetJointImpedance.py
Symlinking /home/perception/catkin_ws/devel/lib/python3/dist-packages/franka_msgs/srv/__init__.py
Symlinking /home/perception/catkin_ws/devel/lib/python3/dist-packages/franka_msgs/srv/_SetKFrame.py
Symlinking /home/perception/catkin_ws/devel/lib/python3/dist-packages/franka_msgs/msg/_ErrorRecoveryActionGoal.py
Symlinking /home/perception/catkin_ws/devel/lib/python3/dist-packages/franka_msgs/msg/_ErrorRecoveryActionFeedback.py
Symlinking /home/perception/catkin_ws/devel/lib/python3/dist-packages/franka_msgs/msg/_FrankaState.py
Symlinking /home/perception/catkin_ws/devel/lib/python3/dist-packages/franka_msgs/msg/_ErrorRecoveryAction.py
Symlinking /home/perception/catkin_ws/devel/lib/python3/dist-packages/franka_msgs/msg/_ErrorRecoveryFeedback.py
Symlinking /home/perception/catkin_ws/devel/lib/python3/dist-packages/franka_msgs/msg/_ErrorRecoveryResult.py
Symlinking /home/perception/catkin_ws/devel/lib/python3/dist-packages/franka_msgs/msg/__init__.py
Symlinking /home/perception/catkin_ws/devel/lib/python3/dist-packages/franka_msgs/msg/_Errors.py
Symlinking /home/perception/catkin_ws/devel/lib/python3/dist-packages/franka_msgs/msg/_ErrorRecoveryGoal.py
Symlinking /home/perception/catkin_ws/devel/lib/python3/dist-packages/franka_msgs/msg/_ErrorRecoveryActionResult.py
Symlinking /home/perception/catkin_ws/devel/include/franka_msgs/SetJointImpedanceRequest.h
Symlinking /home/perception/catkin_ws/devel/include/franka_msgs/SetJointImpedanceResponse.h
Symlinking /home/perception/catkin_ws/devel/include/franka_msgs/ErrorRecoveryActionFeedback.h
Symlinking /home/perception/catkin_ws/devel/include/franka_msgs/ErrorRecoveryAction.h
Symlinking /home/perception/catkin_ws/devel/include/franka_msgs/SetKFrameResponse.h
Symlinking /home/perception/catkin_ws/devel/include/franka_msgs/ErrorRecoveryResult.h
Symlinking /home/perception/catkin_ws/devel/include/franka_msgs/SetFullCollisionBehavior.h
Symlinking /home/perception/catkin_ws/devel/include/franka_msgs/SetEEFrameResponse.h
Symlinking /home/perception/catkin_ws/devel/include/franka_msgs/SetKFrame.h
Symlinking /home/perception/catkin_ws/devel/include/franka_msgs/SetForceTorqueCollisionBehaviorRequest.h
Symlinking /home/perception/catkin_ws/devel/include/franka_msgs/SetJointImpedance.h
Symlinking /home/perception/catkin_ws/devel/include/franka_msgs/SetFullCollisionBehaviorResponse.h
Symlinking /home/perception/catkin_ws/devel/include/franka_msgs/SetCartesianImpedanceRequest.h
Symlinking /home/perception/catkin_ws/devel/include/franka_msgs/SetKFrameRequest.h
Symlinking /home/perception/catkin_ws/devel/include/franka_msgs/ErrorRecoveryFeedback.h
Symlinking /home/perception/catkin_ws/devel/include/franka_msgs/ErrorRecoveryActionGoal.h
Symlinking /home/perception/catkin_ws/devel/include/franka_msgs/SetForceTorqueCollisionBehavior.h
Symlinking /home/perception/catkin_ws/devel/include/franka_msgs/SetEEFrame.h
Symlinking /home/perception/catkin_ws/devel/include/franka_msgs/ErrorRecoveryActionResult.h
Symlinking /home/perception/catkin_ws/devel/include/franka_msgs/Errors.h
Symlinking /home/perception/catkin_ws/devel/include/franka_msgs/FrankaState.h
Symlinking /home/perception/catkin_ws/devel/include/franka_msgs/SetLoad.h
Symlinking /home/perception/catkin_ws/devel/include/franka_msgs/SetLoadRequest.h
Symlinking /home/perception/catkin_ws/devel/include/franka_msgs/ErrorRecoveryGoal.h
Symlinking /home/perception/catkin_ws/devel/include/franka_msgs/SetCartesianImpedanceResponse.h
Symlinking /home/perception/catkin_ws/devel/include/franka_msgs/SetEEFrameRequest.h
Symlinking /home/perception/catkin_ws/devel/include/franka_msgs/SetCartesianImpedance.h
Symlinking /home/perception/catkin_ws/devel/include/franka_msgs/SetFullCollisionBehaviorRequest.h
Symlinking /home/perception/catkin_ws/devel/include/franka_msgs/SetForceTorqueCollisionBehaviorResponse.h
Symlinking /home/perception/catkin_ws/devel/include/franka_msgs/SetLoadResponse.h
Cleaning: (/home/test/catkin_ws/devel/.private/franka_msgs/cmake.lock, /home/test/catkin_ws/devel/./cmake.lock)
Cleaning: (/home/test/catkin_ws/devel/.private/franka_msgs/include/franka_msgs/ErrorRecoveryActionFeedback.h, /home/test/catkin_ws/devel/include/franka_msgs/ErrorRecoveryActionFeedback.h)
Cleaning: (/home/test/catkin_ws/devel/.private/franka_msgs/include/franka_msgs/SetForceTorqueCollisionBehaviorRequest.h, /home/test/catkin_ws/devel/include/franka_msgs/SetForceTorqueCollisionBehaviorRequest.h)
Cleaning: (/home/test/catkin_ws/devel/.private/franka_msgs/include/franka_msgs/ErrorRecoveryGoal.h, /home/test/catkin_ws/devel/include/franka_msgs/ErrorRecoveryGoal.h)
Cleaning: (/home/test/catkin_ws/devel/.private/franka_msgs/include/franka_msgs/SetFullCollisionBehaviorRequest.h, /home/test/catkin_ws/devel/include/franka_msgs/SetFullCollisionBehaviorRequest.h)
Cleaning: (/home/test/catkin_ws/devel/.private/franka_msgs/include/franka_msgs/SetLoadRequest.h, /home/test/catkin_ws/devel/include/franka_msgs/SetLoadRequest.h)
Cleaning: (/home/test/catkin_ws/devel/.private/franka_msgs/include/franka_msgs/ErrorRecoveryResult.h, /home/test/catkin_ws/devel/include/franka_msgs/ErrorRecoveryResult.h)
Cleaning: (/home/test/catkin_ws/devel/.private/franka_msgs/include/franka_msgs/SetLoadResponse.h, /home/test/catkin_ws/devel/include/franka_msgs/SetLoadResponse.h)
Cleaning: (/home/test/catkin_ws/devel/.private/franka_msgs/include/franka_msgs/FrankaState.h, /home/test/catkin_ws/devel/include/franka_msgs/FrankaState.h)
Cleaning: (/home/test/catkin_ws/devel/.private/franka_msgs/include/franka_msgs/SetCartesianImpedance.h, /home/test/catkin_ws/devel/include/franka_msgs/SetCartesianImpedance.h)
Cleaning: (/home/test/catkin_ws/devel/.private/franka_msgs/include/franka_msgs/SetFullCollisionBehavior.h, /home/test/catkin_ws/devel/include/franka_msgs/SetFullCollisionBehavior.h)
Cleaning: (/home/test/catkin_ws/devel/.private/franka_msgs/include/franka_msgs/SetJointImpedanceResponse.h, /home/test/catkin_ws/devel/include/franka_msgs/SetJointImpedanceResponse.h)
Cleaning: (/home/test/catkin_ws/devel/.private/franka_msgs/include/franka_msgs/SetForceTorqueCollisionBehaviorResponse.h, /home/test/catkin_ws/devel/include/franka_msgs/SetForceTorqueCollisionBehaviorResponse.h)
Cleaning: (/home/test/catkin_ws/devel/.private/franka_msgs/include/franka_msgs/SetCartesianImpedanceRequest.h, /home/test/catkin_ws/devel/include/franka_msgs/SetCartesianImpedanceRequest.h)
Cleaning: (/home/test/catkin_ws/devel/.private/franka_msgs/include/franka_msgs/SetKFrame.h, /home/test/catkin_ws/devel/include/franka_msgs/SetKFrame.h)
Cleaning: (/home/test/catkin_ws/devel/.private/franka_msgs/include/franka_msgs/SetEEFrame.h, /home/test/catkin_ws/devel/include/franka_msgs/SetEEFrame.h)
Cleaning: (/home/test/catkin_ws/devel/.private/franka_msgs/include/franka_msgs/SetEEFrameRequest.h, /home/test/catkin_ws/devel/include/franka_msgs/SetEEFrameRequest.h)
Cleaning: (/home/test/catkin_ws/devel/.private/franka_msgs/include/franka_msgs/SetJointImpedance.h, /home/test/catkin_ws/devel/include/franka_msgs/SetJointImpedance.h)
Cleaning: (/home/test/catkin_ws/devel/.private/franka_msgs/include/franka_msgs/SetCartesianImpedanceResponse.h, /home/test/catkin_ws/devel/include/franka_msgs/SetCartesianImpedanceResponse.h)
Cleaning: (/home/test/catkin_ws/devel/.private/franka_msgs/include/franka_msgs/Errors.h, /home/test/catkin_ws/devel/include/franka_msgs/Errors.h)
Cleaning: (/home/test/catkin_ws/devel/.private/franka_msgs/include/franka_msgs/ErrorRecoveryFeedback.h, /home/test/catkin_ws/devel/include/franka_msgs/ErrorRecoveryFeedback.h)
Cleaning: (/home/test/catkin_ws/devel/.private/franka_msgs/include/franka_msgs/ErrorRecoveryActionGoal.h, /home/test/catkin_ws/devel/include/franka_msgs/ErrorRecoveryActionGoal.h)
Cleaning: (/home/test/catkin_ws/devel/.private/franka_msgs/include/franka_msgs/ErrorRecoveryActionResult.h, /home/test/catkin_ws/devel/include/franka_msgs/ErrorRecoveryActionResult.h)
Cleaning: (/home/test/catkin_ws/devel/.private/franka_msgs/include/franka_msgs/SetEEFrameResponse.h, /home/test/catkin_ws/devel/include/franka_msgs/SetEEFrameResponse.h)
Cleaning: (/home/test/catkin_ws/devel/.private/franka_msgs/include/franka_msgs/SetJointImpedanceRequest.h, /home/test/catkin_ws/devel/include/franka_msgs/SetJointImpedanceRequest.h)
Cleaning: (/home/test/catkin_ws/devel/.private/franka_msgs/include/franka_msgs/SetKFrameResponse.h, /home/test/catkin_ws/devel/include/franka_msgs/SetKFrameResponse.h)
Cleaning: (/home/test/catkin_ws/devel/.private/franka_msgs/include/franka_msgs/SetForceTorqueCollisionBehavior.h, /home/test/catkin_ws/devel/include/franka_msgs/SetForceTorqueCollisionBehavior.h)
Cleaning: (/home/test/catkin_ws/devel/.private/franka_msgs/include/franka_msgs/SetLoad.h, /home/test/catkin_ws/devel/include/franka_msgs/SetLoad.h)
Cleaning: (/home/test/catkin_ws/devel/.private/franka_msgs/include/franka_msgs/ErrorRecoveryAction.h, /home/test/catkin_ws/devel/include/franka_msgs/ErrorRecoveryAction.h)
Cleaning: (/home/test/catkin_ws/devel/.private/franka_msgs/include/franka_msgs/SetKFrameRequest.h, /home/test/catkin_ws/devel/include/franka_msgs/SetKFrameRequest.h)
Cleaning: (/home/test/catkin_ws/devel/.private/franka_msgs/include/franka_msgs/SetFullCollisionBehaviorResponse.h, /home/test/catkin_ws/devel/include/franka_msgs/SetFullCollisionBehaviorResponse.h)
Cleaning: (/home/test/catkin_ws/devel/.private/franka_msgs/share/franka_msgs/cmake/franka_msgs-msg-extras.cmake, /home/test/catkin_ws/devel/share/franka_msgs/cmake/franka_msgs-msg-extras.cmake)
Cleaning: (/home/test/catkin_ws/devel/.private/franka_msgs/share/franka_msgs/cmake/franka_msgsConfig.cmake, /home/test/catkin_ws/devel/share/franka_msgs/cmake/franka_msgsConfig.cmake)
Cleaning: (/home/test/catkin_ws/devel/.private/franka_msgs/share/franka_msgs/cmake/franka_msgsConfig-version.cmake, /home/test/catkin_ws/devel/share/franka_msgs/cmake/franka_msgsConfig-version.cmake)
Cleaning: (/home/test/catkin_ws/devel/.private/franka_msgs/share/franka_msgs/cmake/franka_msgs-msg-paths.cmake, /home/test/catkin_ws/devel/share/franka_msgs/cmake/franka_msgs-msg-paths.cmake)
Cleaning: (/home/test/catkin_ws/devel/.private/franka_msgs/share/franka_msgs/msg/ErrorRecoveryResult.msg, /home/test/catkin_ws/devel/share/franka_msgs/msg/ErrorRecoveryResult.msg)
Cleaning: (/home/test/catkin_ws/devel/.private/franka_msgs/share/franka_msgs/msg/ErrorRecoveryFeedback.msg, /home/test/catkin_ws/devel/share/franka_msgs/msg/ErrorRecoveryFeedback.msg)
Cleaning: (/home/test/catkin_ws/devel/.private/franka_msgs/share/franka_msgs/msg/ErrorRecoveryAction.msg, /home/test/catkin_ws/devel/share/franka_msgs/msg/ErrorRecoveryAction.msg)
Cleaning: (/home/test/catkin_ws/devel/.private/franka_msgs/share/franka_msgs/msg/ErrorRecoveryActionGoal.msg, /home/test/catkin_ws/devel/share/franka_msgs/msg/ErrorRecoveryActionGoal.msg)
Cleaning: (/home/test/catkin_ws/devel/.private/franka_msgs/share/franka_msgs/msg/ErrorRecoveryActionResult.msg, /home/test/catkin_ws/devel/share/franka_msgs/msg/ErrorRecoveryActionResult.msg)
Cleaning: (/home/test/catkin_ws/devel/.private/franka_msgs/share/franka_msgs/msg/ErrorRecoveryGoal.msg, /home/test/catkin_ws/devel/share/franka_msgs/msg/ErrorRecoveryGoal.msg)
Cleaning: (/home/test/catkin_ws/devel/.private/franka_msgs/share/franka_msgs/msg/ErrorRecoveryActionFeedback.msg, /home/test/catkin_ws/devel/share/franka_msgs/msg/ErrorRecoveryActionFeedback.msg)
Cleaning: (/home/test/catkin_ws/devel/.private/franka_msgs/share/common-lisp/ros/franka_msgs/srv/_package_SetLoad.lisp, /home/test/catkin_ws/devel/share/common-lisp/ros/franka_msgs/srv/_package_SetLoad.lisp)
Cleaning: (/home/test/catkin_ws/devel/.private/franka_msgs/share/common-lisp/ros/franka_msgs/srv/_package_SetForceTorqueCollisionBehavior.lisp, /home/test/catkin_ws/devel/share/common-lisp/ros/franka_msgs/srv/_package_SetForceTorqueCollisionBehavior.lisp)
Cleaning: (/home/test/catkin_ws/devel/.private/franka_msgs/share/common-lisp/ros/franka_msgs/srv/SetFullCollisionBehavior.lisp, /home/test/catkin_ws/devel/share/common-lisp/ros/franka_msgs/srv/SetFullCollisionBehavior.lisp)
Cleaning: (/home/test/catkin_ws/devel/.private/franka_msgs/share/common-lisp/ros/franka_msgs/srv/_package_SetKFrame.lisp, /home/test/catkin_ws/devel/share/common-lisp/ros/franka_msgs/srv/_package_SetKFrame.lisp)
Cleaning: (/home/test/catkin_ws/devel/.private/franka_msgs/share/common-lisp/ros/franka_msgs/srv/SetForceTorqueCollisionBehavior.lisp, /home/test/catkin_ws/devel/share/common-lisp/ros/franka_msgs/srv/SetForceTorqueCollisionBehavior.lisp)
Cleaning: (/home/test/catkin_ws/devel/.private/franka_msgs/share/common-lisp/ros/franka_msgs/srv/franka_msgs-srv.asd, /home/test/catkin_ws/devel/share/common-lisp/ros/franka_msgs/srv/franka_msgs-srv.asd)
Cleaning: (/home/test/catkin_ws/devel/.private/franka_msgs/share/common-lisp/ros/franka_msgs/srv/_package_SetCartesianImpedance.lisp, /home/test/catkin_ws/devel/share/common-lisp/ros/franka_msgs/srv/_package_SetCartesianImpedance.lisp)
Cleaning: (/home/test/catkin_ws/devel/.private/franka_msgs/share/common-lisp/ros/franka_msgs/srv/SetJointImpedance.lisp, /home/test/catkin_ws/devel/share/common-lisp/ros/franka_msgs/srv/SetJointImpedance.lisp)
Cleaning: (/home/test/catkin_ws/devel/.private/franka_msgs/share/common-lisp/ros/franka_msgs/srv/SetCartesianImpedance.lisp, /home/test/catkin_ws/devel/share/common-lisp/ros/franka_msgs/srv/SetCartesianImpedance.lisp)
Cleaning: (/home/test/catkin_ws/devel/.private/franka_msgs/share/common-lisp/ros/franka_msgs/srv/_package.lisp, /home/test/catkin_ws/devel/share/common-lisp/ros/franka_msgs/srv/_package.lisp)
Cleaning: (/home/test/catkin_ws/devel/.private/franka_msgs/share/common-lisp/ros/franka_msgs/srv/_package_SetEEFrame.lisp, /home/test/catkin_ws/devel/share/common-lisp/ros/franka_msgs/srv/_package_SetEEFrame.lisp)
Cleaning: (/home/test/catkin_ws/devel/.private/franka_msgs/share/common-lisp/ros/franka_msgs/srv/_package_SetJointImpedance.lisp, /home/test/catkin_ws/devel/share/common-lisp/ros/franka_msgs/srv/_package_SetJointImpedance.lisp)
Cleaning: (/home/test/catkin_ws/devel/.private/franka_msgs/share/common-lisp/ros/franka_msgs/srv/SetEEFrame.lisp, /home/test/catkin_ws/devel/share/common-lisp/ros/franka_msgs/srv/SetEEFrame.lisp)
Cleaning: (/home/test/catkin_ws/devel/.private/franka_msgs/share/common-lisp/ros/franka_msgs/srv/_package_SetFullCollisionBehavior.lisp, /home/test/catkin_ws/devel/share/common-lisp/ros/franka_msgs/srv/_package_SetFullCollisionBehavior.lisp)
Cleaning: (/home/test/catkin_ws/devel/.private/franka_msgs/share/common-lisp/ros/franka_msgs/srv/SetLoad.lisp, /home/test/catkin_ws/devel/share/common-lisp/ros/franka_msgs/srv/SetLoad.lisp)
Cleaning: (/home/test/catkin_ws/devel/.private/franka_msgs/share/common-lisp/ros/franka_msgs/srv/SetKFrame.lisp, /home/test/catkin_ws/devel/share/common-lisp/ros/franka_msgs/srv/SetKFrame.lisp)
Cleaning: (/home/test/catkin_ws/devel/.private/franka_msgs/share/common-lisp/ros/franka_msgs/msg/ErrorRecoveryAction.lisp, /home/test/catkin_ws/devel/share/common-lisp/ros/franka_msgs/msg/ErrorRecoveryAction.lisp)
Cleaning: (/home/test/catkin_ws/devel/.private/franka_msgs/share/common-lisp/ros/franka_msgs/msg/_package_ErrorRecoveryActionGoal.lisp, /home/test/catkin_ws/devel/share/common-lisp/ros/franka_msgs/msg/_package_ErrorRecoveryActionGoal.lisp)
Cleaning: (/home/test/catkin_ws/devel/.private/franka_msgs/share/common-lisp/ros/franka_msgs/msg/_package_ErrorRecoveryActionResult.lisp, /home/test/catkin_ws/devel/share/common-lisp/ros/franka_msgs/msg/_package_ErrorRecoveryActionResult.lisp)
Cleaning: (/home/test/catkin_ws/devel/.private/franka_msgs/share/common-lisp/ros/franka_msgs/msg/_package_ErrorRecoveryActionFeedback.lisp, /home/test/catkin_ws/devel/share/common-lisp/ros/franka_msgs/msg/_package_ErrorRecoveryActionFeedback.lisp)
Cleaning: (/home/test/catkin_ws/devel/.private/franka_msgs/share/common-lisp/ros/franka_msgs/msg/_package_ErrorRecoveryFeedback.lisp, /home/test/catkin_ws/devel/share/common-lisp/ros/franka_msgs/msg/_package_ErrorRecoveryFeedback.lisp)
Cleaning: (/home/test/catkin_ws/devel/.private/franka_msgs/share/common-lisp/ros/franka_msgs/msg/ErrorRecoveryFeedback.lisp, /home/test/catkin_ws/devel/share/common-lisp/ros/franka_msgs/msg/ErrorRecoveryFeedback.lisp)
Cleaning: (/home/test/catkin_ws/devel/.private/franka_msgs/share/common-lisp/ros/franka_msgs/msg/_package_Errors.lisp, /home/test/catkin_ws/devel/share/common-lisp/ros/franka_msgs/msg/_package_Errors.lisp)
Cleaning: (/home/test/catkin_ws/devel/.private/franka_msgs/share/common-lisp/ros/franka_msgs/msg/ErrorRecoveryActionResult.lisp, /home/test/catkin_ws/devel/share/common-lisp/ros/franka_msgs/msg/ErrorRecoveryActionResult.lisp)
Cleaning: (/home/test/catkin_ws/devel/.private/franka_msgs/share/common-lisp/ros/franka_msgs/msg/Errors.lisp, /home/test/catkin_ws/devel/share/common-lisp/ros/franka_msgs/msg/Errors.lisp)
Cleaning: (/home/test/catkin_ws/devel/.private/franka_msgs/share/common-lisp/ros/franka_msgs/msg/_package_ErrorRecoveryAction.lisp, /home/test/catkin_ws/devel/share/common-lisp/ros/franka_msgs/msg/_package_ErrorRecoveryAction.lisp)
Cleaning: (/home/test/catkin_ws/devel/.private/franka_msgs/share/common-lisp/ros/franka_msgs/msg/ErrorRecoveryGoal.lisp, /home/test/catkin_ws/devel/share/common-lisp/ros/franka_msgs/msg/ErrorRecoveryGoal.lisp)
Cleaning: (/home/test/catkin_ws/devel/.private/franka_msgs/share/common-lisp/ros/franka_msgs/msg/_package.lisp, /home/test/catkin_ws/devel/share/common-lisp/ros/franka_msgs/msg/_package.lisp)
Cleaning: (/home/test/catkin_ws/devel/.private/franka_msgs/share/common-lisp/ros/franka_msgs/msg/_package_ErrorRecoveryGoal.lisp, /home/test/catkin_ws/devel/share/common-lisp/ros/franka_msgs/msg/_package_ErrorRecoveryGoal.lisp)
Cleaning: (/home/test/catkin_ws/devel/.private/franka_msgs/share/common-lisp/ros/franka_msgs/msg/franka_msgs-msg.asd, /home/test/catkin_ws/devel/share/common-lisp/ros/franka_msgs/msg/franka_msgs-msg.asd)
Cleaning: (/home/test/catkin_ws/devel/.private/franka_msgs/share/common-lisp/ros/franka_msgs/msg/ErrorRecoveryActionGoal.lisp, /home/test/catkin_ws/devel/share/common-lisp/ros/franka_msgs/msg/ErrorRecoveryActionGoal.lisp)
Cleaning: (/home/test/catkin_ws/devel/.private/franka_msgs/share/common-lisp/ros/franka_msgs/msg/FrankaState.lisp, /home/test/catkin_ws/devel/share/common-lisp/ros/franka_msgs/msg/FrankaState.lisp)
Cleaning: (/home/test/catkin_ws/devel/.private/franka_msgs/share/common-lisp/ros/franka_msgs/msg/ErrorRecoveryResult.lisp, /home/test/catkin_ws/devel/share/common-lisp/ros/franka_msgs/msg/ErrorRecoveryResult.lisp)
Cleaning: (/home/test/catkin_ws/devel/.private/franka_msgs/share/common-lisp/ros/franka_msgs/msg/ErrorRecoveryActionFeedback.lisp, /home/test/catkin_ws/devel/share/common-lisp/ros/franka_msgs/msg/ErrorRecoveryActionFeedback.lisp)
Cleaning: (/home/test/catkin_ws/devel/.private/franka_msgs/share/common-lisp/ros/franka_msgs/msg/_package_ErrorRecoveryResult.lisp, /home/test/catkin_ws/devel/share/common-lisp/ros/franka_msgs/msg/_package_ErrorRecoveryResult.lisp)
Cleaning: (/home/test/catkin_ws/devel/.private/franka_msgs/share/common-lisp/ros/franka_msgs/msg/_package_FrankaState.lisp, /home/test/catkin_ws/devel/share/common-lisp/ros/franka_msgs/msg/_package_FrankaState.lisp)
Cleaning: (/home/test/catkin_ws/devel/.private/franka_msgs/share/gennodejs/ros/franka_msgs/_index.js, /home/test/catkin_ws/devel/share/gennodejs/ros/franka_msgs/_index.js)
Cleaning: (/home/test/catkin_ws/devel/.private/franka_msgs/share/gennodejs/ros/franka_msgs/srv/SetLoad.js, /home/test/catkin_ws/devel/share/gennodejs/ros/franka_msgs/srv/SetLoad.js)
Cleaning: (/home/test/catkin_ws/devel/.private/franka_msgs/share/gennodejs/ros/franka_msgs/srv/SetKFrame.js, /home/test/catkin_ws/devel/share/gennodejs/ros/franka_msgs/srv/SetKFrame.js)
Cleaning: (/home/test/catkin_ws/devel/.private/franka_msgs/share/gennodejs/ros/franka_msgs/srv/SetJointImpedance.js, /home/test/catkin_ws/devel/share/gennodejs/ros/franka_msgs/srv/SetJointImpedance.js)
Cleaning: (/home/test/catkin_ws/devel/.private/franka_msgs/share/gennodejs/ros/franka_msgs/srv/SetEEFrame.js, /home/test/catkin_ws/devel/share/gennodejs/ros/franka_msgs/srv/SetEEFrame.js)
Cleaning: (/home/test/catkin_ws/devel/.private/franka_msgs/share/gennodejs/ros/franka_msgs/srv/_index.js, /home/test/catkin_ws/devel/share/gennodejs/ros/franka_msgs/srv/_index.js)
Cleaning: (/home/test/catkin_ws/devel/.private/franka_msgs/share/gennodejs/ros/franka_msgs/srv/SetForceTorqueCollisionBehavior.js, /home/test/catkin_ws/devel/share/gennodejs/ros/franka_msgs/srv/SetForceTorqueCollisionBehavior.js)
Cleaning: (/home/test/catkin_ws/devel/.private/franka_msgs/share/gennodejs/ros/franka_msgs/srv/SetFullCollisionBehavior.js, /home/test/catkin_ws/devel/share/gennodejs/ros/franka_msgs/srv/SetFullCollisionBehavior.js)
Cleaning: (/home/test/catkin_ws/devel/.private/franka_msgs/share/gennodejs/ros/franka_msgs/srv/SetCartesianImpedance.js, /home/test/catkin_ws/devel/share/gennodejs/ros/franka_msgs/srv/SetCartesianImpedance.js)
Cleaning: (/home/test/catkin_ws/devel/.private/franka_msgs/share/gennodejs/ros/franka_msgs/msg/ErrorRecoveryFeedback.js, /home/test/catkin_ws/devel/share/gennodejs/ros/franka_msgs/msg/ErrorRecoveryFeedback.js)
Cleaning: (/home/test/catkin_ws/devel/.private/franka_msgs/share/gennodejs/ros/franka_msgs/msg/ErrorRecoveryResult.js, /home/test/catkin_ws/devel/share/gennodejs/ros/franka_msgs/msg/ErrorRecoveryResult.js)
Cleaning: (/home/test/catkin_ws/devel/.private/franka_msgs/share/gennodejs/ros/franka_msgs/msg/Errors.js, /home/test/catkin_ws/devel/share/gennodejs/ros/franka_msgs/msg/Errors.js)
Cleaning: (/home/test/catkin_ws/devel/.private/franka_msgs/share/gennodejs/ros/franka_msgs/msg/ErrorRecoveryGoal.js, /home/test/catkin_ws/devel/share/gennodejs/ros/franka_msgs/msg/ErrorRecoveryGoal.js)
Cleaning: (/home/test/catkin_ws/devel/.private/franka_msgs/share/gennodejs/ros/franka_msgs/msg/ErrorRecoveryActionResult.js, /home/test/catkin_ws/devel/share/gennodejs/ros/franka_msgs/msg/ErrorRecoveryActionResult.js)
Cleaning: (/home/test/catkin_ws/devel/.private/franka_msgs/share/gennodejs/ros/franka_msgs/msg/ErrorRecoveryAction.js, /home/test/catkin_ws/devel/share/gennodejs/ros/franka_msgs/msg/ErrorRecoveryAction.js)
Cleaning: (/home/test/catkin_ws/devel/.private/franka_msgs/share/gennodejs/ros/franka_msgs/msg/_index.js, /home/test/catkin_ws/devel/share/gennodejs/ros/franka_msgs/msg/_index.js)
Cleaning: (/home/test/catkin_ws/devel/.private/franka_msgs/share/gennodejs/ros/franka_msgs/msg/ErrorRecoveryActionFeedback.js, /home/test/catkin_ws/devel/share/gennodejs/ros/franka_msgs/msg/ErrorRecoveryActionFeedback.js)
Cleaning: (/home/test/catkin_ws/devel/.private/franka_msgs/share/gennodejs/ros/franka_msgs/msg/ErrorRecoveryActionGoal.js, /home/test/catkin_ws/devel/share/gennodejs/ros/franka_msgs/msg/ErrorRecoveryActionGoal.js)
Cleaning: (/home/test/catkin_ws/devel/.private/franka_msgs/share/gennodejs/ros/franka_msgs/msg/FrankaState.js, /home/test/catkin_ws/devel/share/gennodejs/ros/franka_msgs/msg/FrankaState.js)
Cleaning: (/home/test/catkin_ws/devel/.private/franka_msgs/share/roseus/ros/franka_msgs/manifest.l, /home/test/catkin_ws/devel/share/roseus/ros/franka_msgs/manifest.l)
Cleaning: (/home/test/catkin_ws/devel/.private/franka_msgs/share/roseus/ros/franka_msgs/srv/SetKFrame.l, /home/test/catkin_ws/devel/share/roseus/ros/franka_msgs/srv/SetKFrame.l)
Cleaning: (/home/test/catkin_ws/devel/.private/franka_msgs/share/roseus/ros/franka_msgs/srv/SetLoad.l, /home/test/catkin_ws/devel/share/roseus/ros/franka_msgs/srv/SetLoad.l)
Cleaning: (/home/test/catkin_ws/devel/.private/franka_msgs/share/roseus/ros/franka_msgs/srv/SetFullCollisionBehavior.l, /home/test/catkin_ws/devel/share/roseus/ros/franka_msgs/srv/SetFullCollisionBehavior.l)
Cleaning: (/home/test/catkin_ws/devel/.private/franka_msgs/share/roseus/ros/franka_msgs/srv/SetForceTorqueCollisionBehavior.l, /home/test/catkin_ws/devel/share/roseus/ros/franka_msgs/srv/SetForceTorqueCollisionBehavior.l)
Cleaning: (/home/test/catkin_ws/devel/.private/franka_msgs/share/roseus/ros/franka_msgs/srv/SetJointImpedance.l, /home/test/catkin_ws/devel/share/roseus/ros/franka_msgs/srv/SetJointImpedance.l)
Cleaning: (/home/test/catkin_ws/devel/.private/franka_msgs/share/roseus/ros/franka_msgs/srv/SetEEFrame.l, /home/test/catkin_ws/devel/share/roseus/ros/franka_msgs/srv/SetEEFrame.l)
Cleaning: (/home/test/catkin_ws/devel/.private/franka_msgs/share/roseus/ros/franka_msgs/srv/SetCartesianImpedance.l, /home/test/catkin_ws/devel/share/roseus/ros/franka_msgs/srv/SetCartesianImpedance.l)
Cleaning: (/home/test/catkin_ws/devel/.private/franka_msgs/share/roseus/ros/franka_msgs/msg/ErrorRecoveryAction.l, /home/test/catkin_ws/devel/share/roseus/ros/franka_msgs/msg/ErrorRecoveryAction.l)
Cleaning: (/home/test/catkin_ws/devel/.private/franka_msgs/share/roseus/ros/franka_msgs/msg/ErrorRecoveryGoal.l, /home/test/catkin_ws/devel/share/roseus/ros/franka_msgs/msg/ErrorRecoveryGoal.l)
Cleaning: (/home/test/catkin_ws/devel/.private/franka_msgs/share/roseus/ros/franka_msgs/msg/Errors.l, /home/test/catkin_ws/devel/share/roseus/ros/franka_msgs/msg/Errors.l)
Cleaning: (/home/test/catkin_ws/devel/.private/franka_msgs/share/roseus/ros/franka_msgs/msg/ErrorRecoveryActionFeedback.l, /home/test/catkin_ws/devel/share/roseus/ros/franka_msgs/msg/ErrorRecoveryActionFeedback.l)
Cleaning: (/home/test/catkin_ws/devel/.private/franka_msgs/share/roseus/ros/franka_msgs/msg/ErrorRecoveryFeedback.l, /home/test/catkin_ws/devel/share/roseus/ros/franka_msgs/msg/ErrorRecoveryFeedback.l)
Cleaning: (/home/test/catkin_ws/devel/.private/franka_msgs/share/roseus/ros/franka_msgs/msg/ErrorRecoveryActionResult.l, /home/test/catkin_ws/devel/share/roseus/ros/franka_msgs/msg/ErrorRecoveryActionResult.l)
Cleaning: (/home/test/catkin_ws/devel/.private/franka_msgs/share/roseus/ros/franka_msgs/msg/ErrorRecoveryResult.l, /home/test/catkin_ws/devel/share/roseus/ros/franka_msgs/msg/ErrorRecoveryResult.l)
Cleaning: (/home/test/catkin_ws/devel/.private/franka_msgs/share/roseus/ros/franka_msgs/msg/ErrorRecoveryActionGoal.l, /home/test/catkin_ws/devel/share/roseus/ros/franka_msgs/msg/ErrorRecoveryActionGoal.l)
Cleaning: (/home/test/catkin_ws/devel/.private/franka_msgs/share/roseus/ros/franka_msgs/msg/FrankaState.l, /home/test/catkin_ws/devel/share/roseus/ros/franka_msgs/msg/FrankaState.l)
Cleaning: (/home/test/catkin_ws/devel/.private/franka_msgs/lib/pkgconfig/franka_msgs.pc, /home/test/catkin_ws/devel/lib/pkgconfig/franka_msgs.pc)
Cleaning: (/home/test/catkin_ws/devel/.private/franka_msgs/lib/python3/dist-packages/franka_msgs/__init__.py, /home/test/catkin_ws/devel/lib/python3/dist-packages/franka_msgs/__init__.py)
Cleaning: (/home/test/catkin_ws/devel/.private/franka_msgs/lib/python3/dist-packages/franka_msgs/srv/__init__.py, /home/test/catkin_ws/devel/lib/python3/dist-packages/franka_msgs/srv/__init__.py)
Cleaning: (/home/test/catkin_ws/devel/.private/franka_msgs/lib/python3/dist-packages/franka_msgs/srv/_SetCartesianImpedance.py, /home/test/catkin_ws/devel/lib/python3/dist-packages/franka_msgs/srv/_SetCartesianImpedance.py)
Cleaning: (/home/test/catkin_ws/devel/.private/franka_msgs/lib/python3/dist-packages/franka_msgs/srv/_SetKFrame.py, /home/test/catkin_ws/devel/lib/python3/dist-packages/franka_msgs/srv/_SetKFrame.py)
Cleaning: (/home/test/catkin_ws/devel/.private/franka_msgs/lib/python3/dist-packages/franka_msgs/srv/_SetFullCollisionBehavior.py, /home/test/catkin_ws/devel/lib/python3/dist-packages/franka_msgs/srv/_SetFullCollisionBehavior.py)
Cleaning: (/home/test/catkin_ws/devel/.private/franka_msgs/lib/python3/dist-packages/franka_msgs/srv/_SetLoad.py, /home/test/catkin_ws/devel/lib/python3/dist-packages/franka_msgs/srv/_SetLoad.py)
Cleaning: (/home/test/catkin_ws/devel/.private/franka_msgs/lib/python3/dist-packages/franka_msgs/srv/_SetForceTorqueCollisionBehavior.py, /home/test/catkin_ws/devel/lib/python3/dist-packages/franka_msgs/srv/_SetForceTorqueCollisionBehavior.py)
Cleaning: (/home/test/catkin_ws/devel/.private/franka_msgs/lib/python3/dist-packages/franka_msgs/srv/_SetJointImpedance.py, /home/test/catkin_ws/devel/lib/python3/dist-packages/franka_msgs/srv/_SetJointImpedance.py)
Cleaning: (/home/test/catkin_ws/devel/.private/franka_msgs/lib/python3/dist-packages/franka_msgs/srv/_SetEEFrame.py, /home/test/catkin_ws/devel/lib/python3/dist-packages/franka_msgs/srv/_SetEEFrame.py)
Cleaning: (/home/test/catkin_ws/devel/.private/franka_msgs/lib/python3/dist-packages/franka_msgs/msg/__init__.py, /home/test/catkin_ws/devel/lib/python3/dist-packages/franka_msgs/msg/__init__.py)
Cleaning: (/home/test/catkin_ws/devel/.private/franka_msgs/lib/python3/dist-packages/franka_msgs/msg/_ErrorRecoveryGoal.py, /home/test/catkin_ws/devel/lib/python3/dist-packages/franka_msgs/msg/_ErrorRecoveryGoal.py)
Cleaning: (/home/test/catkin_ws/devel/.private/franka_msgs/lib/python3/dist-packages/franka_msgs/msg/_ErrorRecoveryActionResult.py, /home/test/catkin_ws/devel/lib/python3/dist-packages/franka_msgs/msg/_ErrorRecoveryActionResult.py)
Cleaning: (/home/test/catkin_ws/devel/.private/franka_msgs/lib/python3/dist-packages/franka_msgs/msg/_ErrorRecoveryAction.py, /home/test/catkin_ws/devel/lib/python3/dist-packages/franka_msgs/msg/_ErrorRecoveryAction.py)
Cleaning: (/home/test/catkin_ws/devel/.private/franka_msgs/lib/python3/dist-packages/franka_msgs/msg/_ErrorRecoveryActionGoal.py, /home/test/catkin_ws/devel/lib/python3/dist-packages/franka_msgs/msg/_ErrorRecoveryActionGoal.py)
Cleaning: (/home/test/catkin_ws/devel/.private/franka_msgs/lib/python3/dist-packages/franka_msgs/msg/_ErrorRecoveryActionFeedback.py, /home/test/catkin_ws/devel/lib/python3/dist-packages/franka_msgs/msg/_ErrorRecoveryActionFeedback.py)
Cleaning: (/home/test/catkin_ws/devel/.private/franka_msgs/lib/python3/dist-packages/franka_msgs/msg/_ErrorRecoveryFeedback.py, /home/test/catkin_ws/devel/lib/python3/dist-packages/franka_msgs/msg/_ErrorRecoveryFeedback.py)
Cleaning: (/home/test/catkin_ws/devel/.private/franka_msgs/lib/python3/dist-packages/franka_msgs/msg/_FrankaState.py, /home/test/catkin_ws/devel/lib/python3/dist-packages/franka_msgs/msg/_FrankaState.py)
Cleaning: (/home/test/catkin_ws/devel/.private/franka_msgs/lib/python3/dist-packages/franka_msgs/msg/_ErrorRecoveryResult.py, /home/test/catkin_ws/devel/lib/python3/dist-packages/franka_msgs/msg/_ErrorRecoveryResult.py)
Cleaning: (/home/test/catkin_ws/devel/.private/franka_msgs/lib/python3/dist-packages/franka_msgs/msg/_Errors.py, /home/test/catkin_ws/devel/lib/python3/dist-packages/franka_msgs/msg/_Errors.py)
Unlinking: /home/test/catkin_ws/devel/include/franka_msgs/ErrorRecoveryActionFeedback.h
Already unlinked: {}
Unlinking: /home/test/catkin_ws/devel/include/franka_msgs/SetForceTorqueCollisionBehaviorRequest.h
Already unlinked: {}
Unlinking: /home/test/catkin_ws/devel/include/franka_msgs/ErrorRecoveryGoal.h
Already unlinked: {}
Unlinking: /home/test/catkin_ws/devel/include/franka_msgs/SetFullCollisionBehaviorRequest.h
Already unlinked: {}
Unlinking: /home/test/catkin_ws/devel/include/franka_msgs/SetLoadRequest.h
Already unlinked: {}
Unlinking: /home/test/catkin_ws/devel/include/franka_msgs/ErrorRecoveryResult.h
Already unlinked: {}
Unlinking: /home/test/catkin_ws/devel/include/franka_msgs/SetLoadResponse.h
Already unlinked: {}
Unlinking: /home/test/catkin_ws/devel/include/franka_msgs/FrankaState.h
Already unlinked: {}
Unlinking: /home/test/catkin_ws/devel/include/franka_msgs/SetCartesianImpedance.h
Already unlinked: {}
Unlinking: /home/test/catkin_ws/devel/include/franka_msgs/SetFullCollisionBehavior.h
Already unlinked: {}
Unlinking: /home/test/catkin_ws/devel/include/franka_msgs/SetJointImpedanceResponse.h
Already unlinked: {}
Unlinking: /home/test/catkin_ws/devel/include/franka_msgs/SetForceTorqueCollisionBehaviorResponse.h
Already unlinked: {}
Unlinking: /home/test/catkin_ws/devel/include/franka_msgs/SetCartesianImpedanceRequest.h
Already unlinked: {}
Unlinking: /home/test/catkin_ws/devel/include/franka_msgs/SetKFrame.h
Already unlinked: {}
Unlinking: /home/test/catkin_ws/devel/include/franka_msgs/SetEEFrame.h
Already unlinked: {}
Unlinking: /home/test/catkin_ws/devel/include/franka_msgs/SetEEFrameRequest.h
Already unlinked: {}
Unlinking: /home/test/catkin_ws/devel/include/franka_msgs/SetJointImpedance.h
Already unlinked: {}
Unlinking: /home/test/catkin_ws/devel/include/franka_msgs/SetCartesianImpedanceResponse.h
Already unlinked: {}
Unlinking: /home/test/catkin_ws/devel/include/franka_msgs/Errors.h
Already unlinked: {}
Unlinking: /home/test/catkin_ws/devel/include/franka_msgs/ErrorRecoveryFeedback.h
Already unlinked: {}
Unlinking: /home/test/catkin_ws/devel/include/franka_msgs/ErrorRecoveryActionGoal.h
Already unlinked: {}
Unlinking: /home/test/catkin_ws/devel/include/franka_msgs/ErrorRecoveryActionResult.h
Already unlinked: {}
Unlinking: /home/test/catkin_ws/devel/include/franka_msgs/SetEEFrameResponse.h
Already unlinked: {}
Unlinking: /home/test/catkin_ws/devel/include/franka_msgs/SetJointImpedanceRequest.h
Already unlinked: {}
Unlinking: /home/test/catkin_ws/devel/include/franka_msgs/SetKFrameResponse.h
Already unlinked: {}
Unlinking: /home/test/catkin_ws/devel/include/franka_msgs/SetForceTorqueCollisionBehavior.h
Already unlinked: {}
Unlinking: /home/test/catkin_ws/devel/include/franka_msgs/SetLoad.h
Already unlinked: {}
Unlinking: /home/test/catkin_ws/devel/include/franka_msgs/ErrorRecoveryAction.h
Already unlinked: {}
Unlinking: /home/test/catkin_ws/devel/include/franka_msgs/SetKFrameRequest.h
Already unlinked: {}
Unlinking: /home/test/catkin_ws/devel/include/franka_msgs/SetFullCollisionBehaviorResponse.h
Already unlinked: {}
Unlinking: /home/test/catkin_ws/devel/share/franka_msgs/cmake/franka_msgs-msg-extras.cmake
Already unlinked: {}
Unlinking: /home/test/catkin_ws/devel/share/franka_msgs/cmake/franka_msgsConfig.cmake
Already unlinked: {}
Unlinking: /home/test/catkin_ws/devel/share/franka_msgs/cmake/franka_msgsConfig-version.cmake
Already unlinked: {}
Unlinking: /home/test/catkin_ws/devel/share/franka_msgs/cmake/franka_msgs-msg-paths.cmake
Already unlinked: {}
Unlinking: /home/test/catkin_ws/devel/share/franka_msgs/msg/ErrorRecoveryResult.msg
Already unlinked: {}
Unlinking: /home/test/catkin_ws/devel/share/franka_msgs/msg/ErrorRecoveryFeedback.msg
Already unlinked: {}
Unlinking: /home/test/catkin_ws/devel/share/franka_msgs/msg/ErrorRecoveryAction.msg
Already unlinked: {}
Unlinking: /home/test/catkin_ws/devel/share/franka_msgs/msg/ErrorRecoveryActionGoal.msg
Already unlinked: {}
Unlinking: /home/test/catkin_ws/devel/share/franka_msgs/msg/ErrorRecoveryActionResult.msg
Already unlinked: {}
Unlinking: /home/test/catkin_ws/devel/share/franka_msgs/msg/ErrorRecoveryGoal.msg
Already unlinked: {}
Unlinking: /home/test/catkin_ws/devel/share/franka_msgs/msg/ErrorRecoveryActionFeedback.msg
Already unlinked: {}
Unlinking: /home/test/catkin_ws/devel/share/common-lisp/ros/franka_msgs/srv/_package_SetLoad.lisp
Already unlinked: {}
Unlinking: /home/test/catkin_ws/devel/share/common-lisp/ros/franka_msgs/srv/_package_SetForceTorqueCollisionBehavior.lisp
Already unlinked: {}
Unlinking: /home/test/catkin_ws/devel/share/common-lisp/ros/franka_msgs/srv/SetFullCollisionBehavior.lisp
Already unlinked: {}
Unlinking: /home/test/catkin_ws/devel/share/common-lisp/ros/franka_msgs/srv/_package_SetKFrame.lisp
Already unlinked: {}
Unlinking: /home/test/catkin_ws/devel/share/common-lisp/ros/franka_msgs/srv/SetForceTorqueCollisionBehavior.lisp
Already unlinked: {}
Unlinking: /home/test/catkin_ws/devel/share/common-lisp/ros/franka_msgs/srv/franka_msgs-srv.asd
Already unlinked: {}
Unlinking: /home/test/catkin_ws/devel/share/common-lisp/ros/franka_msgs/srv/_package_SetCartesianImpedance.lisp
Already unlinked: {}
Unlinking: /home/test/catkin_ws/devel/share/common-lisp/ros/franka_msgs/srv/SetJointImpedance.lisp
Already unlinked: {}
Unlinking: /home/test/catkin_ws/devel/share/common-lisp/ros/franka_msgs/srv/SetCartesianImpedance.lisp
Already unlinked: {}
Unlinking: /home/test/catkin_ws/devel/share/common-lisp/ros/franka_msgs/srv/_package.lisp
Already unlinked: {}
Unlinking: /home/test/catkin_ws/devel/share/common-lisp/ros/franka_msgs/srv/_package_SetEEFrame.lisp
Already unlinked: {}
Unlinking: /home/test/catkin_ws/devel/share/common-lisp/ros/franka_msgs/srv/_package_SetJointImpedance.lisp
Already unlinked: {}
Unlinking: /home/test/catkin_ws/devel/share/common-lisp/ros/franka_msgs/srv/SetEEFrame.lisp
Already unlinked: {}
Unlinking: /home/test/catkin_ws/devel/share/common-lisp/ros/franka_msgs/srv/_package_SetFullCollisionBehavior.lisp
Already unlinked: {}
Unlinking: /home/test/catkin_ws/devel/share/common-lisp/ros/franka_msgs/srv/SetLoad.lisp
Already unlinked: {}
Unlinking: /home/test/catkin_ws/devel/share/common-lisp/ros/franka_msgs/srv/SetKFrame.lisp
Already unlinked: {}
Unlinking: /home/test/catkin_ws/devel/share/common-lisp/ros/franka_msgs/msg/ErrorRecoveryAction.lisp
Already unlinked: {}
Unlinking: /home/test/catkin_ws/devel/share/common-lisp/ros/franka_msgs/msg/_package_ErrorRecoveryActionGoal.lisp
Already unlinked: {}
Unlinking: /home/test/catkin_ws/devel/share/common-lisp/ros/franka_msgs/msg/_package_ErrorRecoveryActionResult.lisp
Already unlinked: {}
Unlinking: /home/test/catkin_ws/devel/share/common-lisp/ros/franka_msgs/msg/_package_ErrorRecoveryActionFeedback.lisp
Already unlinked: {}
Unlinking: /home/test/catkin_ws/devel/share/common-lisp/ros/franka_msgs/msg/_package_ErrorRecoveryFeedback.lisp
Already unlinked: {}
Unlinking: /home/test/catkin_ws/devel/share/common-lisp/ros/franka_msgs/msg/ErrorRecoveryFeedback.lisp
Already unlinked: {}
Unlinking: /home/test/catkin_ws/devel/share/common-lisp/ros/franka_msgs/msg/_package_Errors.lisp
Already unlinked: {}
Unlinking: /home/test/catkin_ws/devel/share/common-lisp/ros/franka_msgs/msg/ErrorRecoveryActionResult.lisp
Already unlinked: {}
Unlinking: /home/test/catkin_ws/devel/share/common-lisp/ros/franka_msgs/msg/Errors.lisp
Already unlinked: {}
Unlinking: /home/test/catkin_ws/devel/share/common-lisp/ros/franka_msgs/msg/_package_ErrorRecoveryAction.lisp
Already unlinked: {}
Unlinking: /home/test/catkin_ws/devel/share/common-lisp/ros/franka_msgs/msg/ErrorRecoveryGoal.lisp
Already unlinked: {}
Unlinking: /home/test/catkin_ws/devel/share/common-lisp/ros/franka_msgs/msg/_package.lisp
Already unlinked: {}
Unlinking: /home/test/catkin_ws/devel/share/common-lisp/ros/franka_msgs/msg/_package_ErrorRecoveryGoal.lisp
Already unlinked: {}
Unlinking: /home/test/catkin_ws/devel/share/common-lisp/ros/franka_msgs/msg/franka_msgs-msg.asd
Already unlinked: {}
Unlinking: /home/test/catkin_ws/devel/share/common-lisp/ros/franka_msgs/msg/ErrorRecoveryActionGoal.lisp
Already unlinked: {}
Unlinking: /home/test/catkin_ws/devel/share/common-lisp/ros/franka_msgs/msg/FrankaState.lisp
Already unlinked: {}
Unlinking: /home/test/catkin_ws/devel/share/common-lisp/ros/franka_msgs/msg/ErrorRecoveryResult.lisp
Already unlinked: {}
Unlinking: /home/test/catkin_ws/devel/share/common-lisp/ros/franka_msgs/msg/ErrorRecoveryActionFeedback.lisp
Already unlinked: {}
Unlinking: /home/test/catkin_ws/devel/share/common-lisp/ros/franka_msgs/msg/_package_ErrorRecoveryResult.lisp
Already unlinked: {}
Unlinking: /home/test/catkin_ws/devel/share/common-lisp/ros/franka_msgs/msg/_package_FrankaState.lisp
Already unlinked: {}
Unlinking: /home/test/catkin_ws/devel/share/gennodejs/ros/franka_msgs/_index.js
Already unlinked: {}
Unlinking: /home/test/catkin_ws/devel/share/gennodejs/ros/franka_msgs/srv/SetLoad.js
Already unlinked: {}
Unlinking: /home/test/catkin_ws/devel/share/gennodejs/ros/franka_msgs/srv/SetKFrame.js
Already unlinked: {}
Unlinking: /home/test/catkin_ws/devel/share/gennodejs/ros/franka_msgs/srv/SetJointImpedance.js
Already unlinked: {}
Unlinking: /home/test/catkin_ws/devel/share/gennodejs/ros/franka_msgs/srv/SetEEFrame.js
Already unlinked: {}
Unlinking: /home/test/catkin_ws/devel/share/gennodejs/ros/franka_msgs/srv/_index.js
Already unlinked: {}
Unlinking: /home/test/catkin_ws/devel/share/gennodejs/ros/franka_msgs/srv/SetForceTorqueCollisionBehavior.js
Already unlinked: {}
Unlinking: /home/test/catkin_ws/devel/share/gennodejs/ros/franka_msgs/srv/SetFullCollisionBehavior.js
Already unlinked: {}
Unlinking: /home/test/catkin_ws/devel/share/gennodejs/ros/franka_msgs/srv/SetCartesianImpedance.js
Already unlinked: {}
Unlinking: /home/test/catkin_ws/devel/share/gennodejs/ros/franka_msgs/msg/ErrorRecoveryFeedback.js
Already unlinked: {}
Unlinking: /home/test/catkin_ws/devel/share/gennodejs/ros/franka_msgs/msg/ErrorRecoveryResult.js
Already unlinked: {}
Unlinking: /home/test/catkin_ws/devel/share/gennodejs/ros/franka_msgs/msg/Errors.js
Already unlinked: {}
Unlinking: /home/test/catkin_ws/devel/share/gennodejs/ros/franka_msgs/msg/ErrorRecoveryGoal.js
Already unlinked: {}
Unlinking: /home/test/catkin_ws/devel/share/gennodejs/ros/franka_msgs/msg/ErrorRecoveryActionResult.js
Already unlinked: {}
Unlinking: /home/test/catkin_ws/devel/share/gennodejs/ros/franka_msgs/msg/ErrorRecoveryAction.js
Already unlinked: {}
Unlinking: /home/test/catkin_ws/devel/share/gennodejs/ros/franka_msgs/msg/_index.js
Already unlinked: {}
Unlinking: /home/test/catkin_ws/devel/share/gennodejs/ros/franka_msgs/msg/ErrorRecoveryActionFeedback.js
Already unlinked: {}
Unlinking: /home/test/catkin_ws/devel/share/gennodejs/ros/franka_msgs/msg/ErrorRecoveryActionGoal.js
Already unlinked: {}
Unlinking: /home/test/catkin_ws/devel/share/gennodejs/ros/franka_msgs/msg/FrankaState.js
Already unlinked: {}
Unlinking: /home/test/catkin_ws/devel/share/roseus/ros/franka_msgs/manifest.l
Already unlinked: {}
Unlinking: /home/test/catkin_ws/devel/share/roseus/ros/franka_msgs/srv/SetKFrame.l
Already unlinked: {}
Unlinking: /home/test/catkin_ws/devel/share/roseus/ros/franka_msgs/srv/SetLoad.l
Already unlinked: {}
Unlinking: /home/test/catkin_ws/devel/share/roseus/ros/franka_msgs/srv/SetFullCollisionBehavior.l
Already unlinked: {}
Unlinking: /home/test/catkin_ws/devel/share/roseus/ros/franka_msgs/srv/SetForceTorqueCollisionBehavior.l
Already unlinked: {}
Unlinking: /home/test/catkin_ws/devel/share/roseus/ros/franka_msgs/srv/SetJointImpedance.l
Already unlinked: {}
Unlinking: /home/test/catkin_ws/devel/share/roseus/ros/franka_msgs/srv/SetEEFrame.l
Already unlinked: {}
Unlinking: /home/test/catkin_ws/devel/share/roseus/ros/franka_msgs/srv/SetCartesianImpedance.l
Already unlinked: {}
Unlinking: /home/test/catkin_ws/devel/share/roseus/ros/franka_msgs/msg/ErrorRecoveryAction.l
Already unlinked: {}
Unlinking: /home/test/catkin_ws/devel/share/roseus/ros/franka_msgs/msg/ErrorRecoveryGoal.l
Already unlinked: {}
Unlinking: /home/test/catkin_ws/devel/share/roseus/ros/franka_msgs/msg/Errors.l
Already unlinked: {}
Unlinking: /home/test/catkin_ws/devel/share/roseus/ros/franka_msgs/msg/ErrorRecoveryActionFeedback.l
Already unlinked: {}
Unlinking: /home/test/catkin_ws/devel/share/roseus/ros/franka_msgs/msg/ErrorRecoveryFeedback.l
Already unlinked: {}
Unlinking: /home/test/catkin_ws/devel/share/roseus/ros/franka_msgs/msg/ErrorRecoveryActionResult.l
Already unlinked: {}
Unlinking: /home/test/catkin_ws/devel/share/roseus/ros/franka_msgs/msg/ErrorRecoveryResult.l
Already unlinked: {}
Unlinking: /home/test/catkin_ws/devel/share/roseus/ros/franka_msgs/msg/ErrorRecoveryActionGoal.l
Already unlinked: {}
Unlinking: /home/test/catkin_ws/devel/share/roseus/ros/franka_msgs/msg/FrankaState.l
Already unlinked: {}
Unlinking: /home/test/catkin_ws/devel/lib/pkgconfig/franka_msgs.pc
Already unlinked: {}
Unlinking: /home/test/catkin_ws/devel/lib/python3/dist-packages/franka_msgs/__init__.py
Already unlinked: {}
Unlinking: /home/test/catkin_ws/devel/lib/python3/dist-packages/franka_msgs/srv/__init__.py
Already unlinked: {}
Unlinking: /home/test/catkin_ws/devel/lib/python3/dist-packages/franka_msgs/srv/_SetCartesianImpedance.py
Already unlinked: {}
Unlinking: /home/test/catkin_ws/devel/lib/python3/dist-packages/franka_msgs/srv/_SetKFrame.py
Already unlinked: {}
Unlinking: /home/test/catkin_ws/devel/lib/python3/dist-packages/franka_msgs/srv/_SetFullCollisionBehavior.py
Already unlinked: {}
Unlinking: /home/test/catkin_ws/devel/lib/python3/dist-packages/franka_msgs/srv/_SetLoad.py
Already unlinked: {}
Unlinking: /home/test/catkin_ws/devel/lib/python3/dist-packages/franka_msgs/srv/_SetForceTorqueCollisionBehavior.py
Already unlinked: {}
Unlinking: /home/test/catkin_ws/devel/lib/python3/dist-packages/franka_msgs/srv/_SetJointImpedance.py
Already unlinked: {}
Unlinking: /home/test/catkin_ws/devel/lib/python3/dist-packages/franka_msgs/srv/_SetEEFrame.py
Already unlinked: {}
Unlinking: /home/test/catkin_ws/devel/lib/python3/dist-packages/franka_msgs/msg/__init__.py
Already unlinked: {}
Unlinking: /home/test/catkin_ws/devel/lib/python3/dist-packages/franka_msgs/msg/_ErrorRecoveryGoal.py
Already unlinked: {}
Unlinking: /home/test/catkin_ws/devel/lib/python3/dist-packages/franka_msgs/msg/_ErrorRecoveryActionResult.py
Already unlinked: {}
Unlinking: /home/test/catkin_ws/devel/lib/python3/dist-packages/franka_msgs/msg/_ErrorRecoveryAction.py
Already unlinked: {}
Unlinking: /home/test/catkin_ws/devel/lib/python3/dist-packages/franka_msgs/msg/_ErrorRecoveryActionGoal.py
Already unlinked: {}
Unlinking: /home/test/catkin_ws/devel/lib/python3/dist-packages/franka_msgs/msg/_ErrorRecoveryActionFeedback.py
Already unlinked: {}
Unlinking: /home/test/catkin_ws/devel/lib/python3/dist-packages/franka_msgs/msg/_ErrorRecoveryFeedback.py
Already unlinked: {}
Unlinking: /home/test/catkin_ws/devel/lib/python3/dist-packages/franka_msgs/msg/_FrankaState.py
Already unlinked: {}
Unlinking: /home/test/catkin_ws/devel/lib/python3/dist-packages/franka_msgs/msg/_ErrorRecoveryResult.py
Already unlinked: {}
Unlinking: /home/test/catkin_ws/devel/lib/python3/dist-packages/franka_msgs/msg/_Errors.py
Already unlinked: {}
