Symlinking /home/perception/catkin_ws/devel/share/franka_gripper/msg/MoveGoal.msg
Symlinking /home/perception/catkin_ws/devel/share/franka_gripper/msg/HomingAction.msg
Symlinking /home/perception/catkin_ws/devel/share/franka_gripper/msg/MoveResult.msg
Symlinking /home/perception/catkin_ws/devel/share/franka_gripper/msg/GraspActionGoal.msg
Symlinking /home/perception/catkin_ws/devel/share/franka_gripper/msg/MoveActionResult.msg
Symlinking /home/perception/catkin_ws/devel/share/franka_gripper/msg/StopActionResult.msg
Symlinking /home/perception/catkin_ws/devel/share/franka_gripper/msg/HomingFeedback.msg
Symlinking /home/perception/catkin_ws/devel/share/franka_gripper/msg/HomingActionResult.msg
Symlinking /home/perception/catkin_ws/devel/share/franka_gripper/msg/GraspGoal.msg
Symlinking /home/perception/catkin_ws/devel/share/franka_gripper/msg/GraspResult.msg
Symlinking /home/perception/catkin_ws/devel/share/franka_gripper/msg/HomingActionGoal.msg
Symlinking /home/perception/catkin_ws/devel/share/franka_gripper/msg/GraspFeedback.msg
Symlinking /home/perception/catkin_ws/devel/share/franka_gripper/msg/StopFeedback.msg
Symlinking /home/perception/catkin_ws/devel/share/franka_gripper/msg/HomingResult.msg
Symlinking /home/perception/catkin_ws/devel/share/franka_gripper/msg/StopResult.msg
Symlinking /home/perception/catkin_ws/devel/share/franka_gripper/msg/GraspActionResult.msg
Symlinking /home/perception/catkin_ws/devel/share/franka_gripper/msg/HomingActionFeedback.msg
Symlinking /home/perception/catkin_ws/devel/share/franka_gripper/msg/StopActionFeedback.msg
Symlinking /home/perception/catkin_ws/devel/share/franka_gripper/msg/GraspAction.msg
Symlinking /home/perception/catkin_ws/devel/share/franka_gripper/msg/MoveActionGoal.msg
Symlinking /home/perception/catkin_ws/devel/share/franka_gripper/msg/StopGoal.msg
Symlinking /home/perception/catkin_ws/devel/share/franka_gripper/msg/HomingGoal.msg
Symlinking /home/perception/catkin_ws/devel/share/franka_gripper/msg/MoveActionFeedback.msg
Symlinking /home/perception/catkin_ws/devel/share/franka_gripper/msg/GraspActionFeedback.msg
Symlinking /home/perception/catkin_ws/devel/share/franka_gripper/msg/MoveFeedback.msg
Symlinking /home/perception/catkin_ws/devel/share/franka_gripper/msg/MoveAction.msg
Symlinking /home/perception/catkin_ws/devel/share/franka_gripper/msg/StopActionGoal.msg
Symlinking /home/perception/catkin_ws/devel/share/franka_gripper/msg/StopAction.msg
Symlinking /home/perception/catkin_ws/devel/share/franka_gripper/cmake/franka_gripper-msg-paths.cmake
Symlinking /home/perception/catkin_ws/devel/share/franka_gripper/cmake/franka_gripperConfig-version.cmake
Symlinking /home/perception/catkin_ws/devel/share/franka_gripper/cmake/franka_gripper-msg-extras.cmake
Symlinking /home/perception/catkin_ws/devel/share/franka_gripper/cmake/franka_gripperConfig.cmake
Symlinking /home/perception/catkin_ws/devel/share/common-lisp/ros/franka_gripper/msg/_package_HomingFeedback.lisp
Symlinking /home/perception/catkin_ws/devel/share/common-lisp/ros/franka_gripper/msg/_package_GraspGoal.lisp
Symlinking /home/perception/catkin_ws/devel/share/common-lisp/ros/franka_gripper/msg/_package_GraspEpsilon.lisp
Symlinking /home/perception/catkin_ws/devel/share/common-lisp/ros/franka_gripper/msg/MoveActionFeedback.lisp
Symlinking /home/perception/catkin_ws/devel/share/common-lisp/ros/franka_gripper/msg/_package_MoveActionResult.lisp
Symlinking /home/perception/catkin_ws/devel/share/common-lisp/ros/franka_gripper/msg/_package_GraspActionResult.lisp
Symlinking /home/perception/catkin_ws/devel/share/common-lisp/ros/franka_gripper/msg/_package_StopActionResult.lisp
Symlinking /home/perception/catkin_ws/devel/share/common-lisp/ros/franka_gripper/msg/MoveFeedback.lisp
Symlinking /home/perception/catkin_ws/devel/share/common-lisp/ros/franka_gripper/msg/_package_GraspFeedback.lisp
Symlinking /home/perception/catkin_ws/devel/share/common-lisp/ros/franka_gripper/msg/StopGoal.lisp
Symlinking /home/perception/catkin_ws/devel/share/common-lisp/ros/franka_gripper/msg/_package_HomingAction.lisp
Symlinking /home/perception/catkin_ws/devel/share/common-lisp/ros/franka_gripper/msg/_package_StopFeedback.lisp
Symlinking /home/perception/catkin_ws/devel/share/common-lisp/ros/franka_gripper/msg/_package.lisp
Symlinking /home/perception/catkin_ws/devel/share/common-lisp/ros/franka_gripper/msg/MoveResult.lisp
Symlinking /home/perception/catkin_ws/devel/share/common-lisp/ros/franka_gripper/msg/_package_GraspActionGoal.lisp
Symlinking /home/perception/catkin_ws/devel/share/common-lisp/ros/franka_gripper/msg/_package_MoveActionGoal.lisp
Symlinking /home/perception/catkin_ws/devel/share/common-lisp/ros/franka_gripper/msg/MoveActionResult.lisp
Symlinking /home/perception/catkin_ws/devel/share/common-lisp/ros/franka_gripper/msg/_package_StopAction.lisp
Symlinking /home/perception/catkin_ws/devel/share/common-lisp/ros/franka_gripper/msg/_package_MoveResult.lisp
Symlinking /home/perception/catkin_ws/devel/share/common-lisp/ros/franka_gripper/msg/franka_gripper-msg.asd
Symlinking /home/perception/catkin_ws/devel/share/common-lisp/ros/franka_gripper/msg/HomingActionGoal.lisp
Symlinking /home/perception/catkin_ws/devel/share/common-lisp/ros/franka_gripper/msg/_package_HomingActionFeedback.lisp
Symlinking /home/perception/catkin_ws/devel/share/common-lisp/ros/franka_gripper/msg/MoveActionGoal.lisp
Symlinking /home/perception/catkin_ws/devel/share/common-lisp/ros/franka_gripper/msg/GraspActionResult.lisp
Symlinking /home/perception/catkin_ws/devel/share/common-lisp/ros/franka_gripper/msg/StopActionFeedback.lisp
Symlinking /home/perception/catkin_ws/devel/share/common-lisp/ros/franka_gripper/msg/MoveGoal.lisp
Symlinking /home/perception/catkin_ws/devel/share/common-lisp/ros/franka_gripper/msg/HomingGoal.lisp
Symlinking /home/perception/catkin_ws/devel/share/common-lisp/ros/franka_gripper/msg/GraspFeedback.lisp
Symlinking /home/perception/catkin_ws/devel/share/common-lisp/ros/franka_gripper/msg/StopAction.lisp
Symlinking /home/perception/catkin_ws/devel/share/common-lisp/ros/franka_gripper/msg/_package_GraspAction.lisp
Symlinking /home/perception/catkin_ws/devel/share/common-lisp/ros/franka_gripper/msg/_package_StopActionFeedback.lisp
Symlinking /home/perception/catkin_ws/devel/share/common-lisp/ros/franka_gripper/msg/_package_StopActionGoal.lisp
Symlinking /home/perception/catkin_ws/devel/share/common-lisp/ros/franka_gripper/msg/StopResult.lisp
Symlinking /home/perception/catkin_ws/devel/share/common-lisp/ros/franka_gripper/msg/_package_GraspResult.lisp
Symlinking /home/perception/catkin_ws/devel/share/common-lisp/ros/franka_gripper/msg/_package_MoveGoal.lisp
Symlinking /home/perception/catkin_ws/devel/share/common-lisp/ros/franka_gripper/msg/MoveAction.lisp
Symlinking /home/perception/catkin_ws/devel/share/common-lisp/ros/franka_gripper/msg/_package_MoveAction.lisp
Symlinking /home/perception/catkin_ws/devel/share/common-lisp/ros/franka_gripper/msg/HomingFeedback.lisp
Symlinking /home/perception/catkin_ws/devel/share/common-lisp/ros/franka_gripper/msg/_package_GraspActionFeedback.lisp
Symlinking /home/perception/catkin_ws/devel/share/common-lisp/ros/franka_gripper/msg/StopActionResult.lisp
Symlinking /home/perception/catkin_ws/devel/share/common-lisp/ros/franka_gripper/msg/HomingActionFeedback.lisp
Symlinking /home/perception/catkin_ws/devel/share/common-lisp/ros/franka_gripper/msg/GraspActionGoal.lisp
Symlinking /home/perception/catkin_ws/devel/share/common-lisp/ros/franka_gripper/msg/GraspAction.lisp
Symlinking /home/perception/catkin_ws/devel/share/common-lisp/ros/franka_gripper/msg/StopFeedback.lisp
Symlinking /home/perception/catkin_ws/devel/share/common-lisp/ros/franka_gripper/msg/StopActionGoal.lisp
Symlinking /home/perception/catkin_ws/devel/share/common-lisp/ros/franka_gripper/msg/GraspResult.lisp
Symlinking /home/perception/catkin_ws/devel/share/common-lisp/ros/franka_gripper/msg/_package_HomingGoal.lisp
Symlinking /home/perception/catkin_ws/devel/share/common-lisp/ros/franka_gripper/msg/_package_HomingActionGoal.lisp
Symlinking /home/perception/catkin_ws/devel/share/common-lisp/ros/franka_gripper/msg/_package_HomingResult.lisp
Symlinking /home/perception/catkin_ws/devel/share/common-lisp/ros/franka_gripper/msg/_package_StopGoal.lisp
Symlinking /home/perception/catkin_ws/devel/share/common-lisp/ros/franka_gripper/msg/_package_MoveFeedback.lisp
Symlinking /home/perception/catkin_ws/devel/share/common-lisp/ros/franka_gripper/msg/_package_HomingActionResult.lisp
Symlinking /home/perception/catkin_ws/devel/share/common-lisp/ros/franka_gripper/msg/GraspGoal.lisp
Symlinking /home/perception/catkin_ws/devel/share/common-lisp/ros/franka_gripper/msg/GraspEpsilon.lisp
Symlinking /home/perception/catkin_ws/devel/share/common-lisp/ros/franka_gripper/msg/GraspActionFeedback.lisp
Symlinking /home/perception/catkin_ws/devel/share/common-lisp/ros/franka_gripper/msg/_package_MoveActionFeedback.lisp
Symlinking /home/perception/catkin_ws/devel/share/common-lisp/ros/franka_gripper/msg/HomingAction.lisp
Symlinking /home/perception/catkin_ws/devel/share/common-lisp/ros/franka_gripper/msg/_package_StopResult.lisp
Symlinking /home/perception/catkin_ws/devel/share/common-lisp/ros/franka_gripper/msg/HomingResult.lisp
Symlinking /home/perception/catkin_ws/devel/share/common-lisp/ros/franka_gripper/msg/HomingActionResult.lisp
Symlinking /home/perception/catkin_ws/devel/share/gennodejs/ros/franka_gripper/_index.js
Symlinking /home/perception/catkin_ws/devel/share/gennodejs/ros/franka_gripper/msg/StopActionResult.js
Symlinking /home/perception/catkin_ws/devel/share/gennodejs/ros/franka_gripper/msg/GraspEpsilon.js
Symlinking /home/perception/catkin_ws/devel/share/gennodejs/ros/franka_gripper/msg/StopActionGoal.js
Symlinking /home/perception/catkin_ws/devel/share/gennodejs/ros/franka_gripper/msg/StopFeedback.js
Symlinking /home/perception/catkin_ws/devel/share/gennodejs/ros/franka_gripper/msg/StopGoal.js
Symlinking /home/perception/catkin_ws/devel/share/gennodejs/ros/franka_gripper/msg/MoveActionGoal.js
Symlinking /home/perception/catkin_ws/devel/share/gennodejs/ros/franka_gripper/msg/HomingActionFeedback.js
Symlinking /home/perception/catkin_ws/devel/share/gennodejs/ros/franka_gripper/msg/MoveActionFeedback.js
Symlinking /home/perception/catkin_ws/devel/share/gennodejs/ros/franka_gripper/msg/HomingAction.js
Symlinking /home/perception/catkin_ws/devel/share/gennodejs/ros/franka_gripper/msg/GraspFeedback.js
Symlinking /home/perception/catkin_ws/devel/share/gennodejs/ros/franka_gripper/msg/HomingActionResult.js
Symlinking /home/perception/catkin_ws/devel/share/gennodejs/ros/franka_gripper/msg/MoveAction.js
Symlinking /home/perception/catkin_ws/devel/share/gennodejs/ros/franka_gripper/msg/GraspGoal.js
Symlinking /home/perception/catkin_ws/devel/share/gennodejs/ros/franka_gripper/msg/StopAction.js
Symlinking /home/perception/catkin_ws/devel/share/gennodejs/ros/franka_gripper/msg/GraspActionGoal.js
Symlinking /home/perception/catkin_ws/devel/share/gennodejs/ros/franka_gripper/msg/HomingGoal.js
Symlinking /home/perception/catkin_ws/devel/share/gennodejs/ros/franka_gripper/msg/_index.js
Symlinking /home/perception/catkin_ws/devel/share/gennodejs/ros/franka_gripper/msg/HomingActionGoal.js
Symlinking /home/perception/catkin_ws/devel/share/gennodejs/ros/franka_gripper/msg/StopResult.js
Symlinking /home/perception/catkin_ws/devel/share/gennodejs/ros/franka_gripper/msg/HomingFeedback.js
Symlinking /home/perception/catkin_ws/devel/share/gennodejs/ros/franka_gripper/msg/GraspResult.js
Symlinking /home/perception/catkin_ws/devel/share/gennodejs/ros/franka_gripper/msg/GraspActionFeedback.js
Symlinking /home/perception/catkin_ws/devel/share/gennodejs/ros/franka_gripper/msg/MoveActionResult.js
Symlinking /home/perception/catkin_ws/devel/share/gennodejs/ros/franka_gripper/msg/GraspActionResult.js
Symlinking /home/perception/catkin_ws/devel/share/gennodejs/ros/franka_gripper/msg/MoveFeedback.js
Symlinking /home/perception/catkin_ws/devel/share/gennodejs/ros/franka_gripper/msg/MoveResult.js
Symlinking /home/perception/catkin_ws/devel/share/gennodejs/ros/franka_gripper/msg/HomingResult.js
Symlinking /home/perception/catkin_ws/devel/share/gennodejs/ros/franka_gripper/msg/MoveGoal.js
Symlinking /home/perception/catkin_ws/devel/share/gennodejs/ros/franka_gripper/msg/GraspAction.js
Symlinking /home/perception/catkin_ws/devel/share/gennodejs/ros/franka_gripper/msg/StopActionFeedback.js
Symlinking /home/perception/catkin_ws/devel/share/roseus/ros/franka_gripper/manifest.l
Symlinking /home/perception/catkin_ws/devel/share/roseus/ros/franka_gripper/msg/GraspGoal.l
Symlinking /home/perception/catkin_ws/devel/share/roseus/ros/franka_gripper/msg/GraspActionGoal.l
Symlinking /home/perception/catkin_ws/devel/share/roseus/ros/franka_gripper/msg/GraspActionFeedback.l
Symlinking /home/perception/catkin_ws/devel/share/roseus/ros/franka_gripper/msg/StopGoal.l
Symlinking /home/perception/catkin_ws/devel/share/roseus/ros/franka_gripper/msg/GraspAction.l
Symlinking /home/perception/catkin_ws/devel/share/roseus/ros/franka_gripper/msg/MoveActionFeedback.l
Symlinking /home/perception/catkin_ws/devel/share/roseus/ros/franka_gripper/msg/StopFeedback.l
Symlinking /home/perception/catkin_ws/devel/share/roseus/ros/franka_gripper/msg/HomingFeedback.l
Symlinking /home/perception/catkin_ws/devel/share/roseus/ros/franka_gripper/msg/HomingActionResult.l
Symlinking /home/perception/catkin_ws/devel/share/roseus/ros/franka_gripper/msg/GraspActionResult.l
Symlinking /home/perception/catkin_ws/devel/share/roseus/ros/franka_gripper/msg/StopResult.l
Symlinking /home/perception/catkin_ws/devel/share/roseus/ros/franka_gripper/msg/GraspResult.l
Symlinking /home/perception/catkin_ws/devel/share/roseus/ros/franka_gripper/msg/GraspFeedback.l
Symlinking /home/perception/catkin_ws/devel/share/roseus/ros/franka_gripper/msg/MoveActionResult.l
Symlinking /home/perception/catkin_ws/devel/share/roseus/ros/franka_gripper/msg/GraspEpsilon.l
Symlinking /home/perception/catkin_ws/devel/share/roseus/ros/franka_gripper/msg/MoveFeedback.l
Symlinking /home/perception/catkin_ws/devel/share/roseus/ros/franka_gripper/msg/StopAction.l
Symlinking /home/perception/catkin_ws/devel/share/roseus/ros/franka_gripper/msg/HomingActionFeedback.l
Symlinking /home/perception/catkin_ws/devel/share/roseus/ros/franka_gripper/msg/MoveGoal.l
Symlinking /home/perception/catkin_ws/devel/share/roseus/ros/franka_gripper/msg/MoveActionGoal.l
Symlinking /home/perception/catkin_ws/devel/share/roseus/ros/franka_gripper/msg/StopActionResult.l
Symlinking /home/perception/catkin_ws/devel/share/roseus/ros/franka_gripper/msg/MoveResult.l
Symlinking /home/perception/catkin_ws/devel/share/roseus/ros/franka_gripper/msg/StopActionFeedback.l
Symlinking /home/perception/catkin_ws/devel/share/roseus/ros/franka_gripper/msg/HomingAction.l
Symlinking /home/perception/catkin_ws/devel/share/roseus/ros/franka_gripper/msg/HomingGoal.l
Symlinking /home/perception/catkin_ws/devel/share/roseus/ros/franka_gripper/msg/HomingActionGoal.l
Symlinking /home/perception/catkin_ws/devel/share/roseus/ros/franka_gripper/msg/HomingResult.l
Symlinking /home/perception/catkin_ws/devel/share/roseus/ros/franka_gripper/msg/StopActionGoal.l
Symlinking /home/perception/catkin_ws/devel/share/roseus/ros/franka_gripper/msg/MoveAction.l
Symlinking /home/perception/catkin_ws/devel/lib/libfranka_gripper.so
Symlinking /home/perception/catkin_ws/devel/lib/pkgconfig/franka_gripper.pc
Symlinking /home/perception/catkin_ws/devel/lib/franka_gripper/franka_gripper_node
Symlinking /home/perception/catkin_ws/devel/lib/python3/dist-packages/franka_gripper/__init__.py
Symlinking /home/perception/catkin_ws/devel/lib/python3/dist-packages/franka_gripper/msg/_StopActionFeedback.py
Symlinking /home/perception/catkin_ws/devel/lib/python3/dist-packages/franka_gripper/msg/_MoveFeedback.py
Symlinking /home/perception/catkin_ws/devel/lib/python3/dist-packages/franka_gripper/msg/_HomingFeedback.py
Symlinking /home/perception/catkin_ws/devel/lib/python3/dist-packages/franka_gripper/msg/_HomingResult.py
Symlinking /home/perception/catkin_ws/devel/lib/python3/dist-packages/franka_gripper/msg/_HomingGoal.py
Symlinking /home/perception/catkin_ws/devel/lib/python3/dist-packages/franka_gripper/msg/_StopGoal.py
Symlinking /home/perception/catkin_ws/devel/lib/python3/dist-packages/franka_gripper/msg/_StopActionGoal.py
Symlinking /home/perception/catkin_ws/devel/lib/python3/dist-packages/franka_gripper/msg/_MoveActionFeedback.py
Symlinking /home/perception/catkin_ws/devel/lib/python3/dist-packages/franka_gripper/msg/_GraspGoal.py
Symlinking /home/perception/catkin_ws/devel/lib/python3/dist-packages/franka_gripper/msg/_HomingActionGoal.py
Symlinking /home/perception/catkin_ws/devel/lib/python3/dist-packages/franka_gripper/msg/_HomingAction.py
Symlinking /home/perception/catkin_ws/devel/lib/python3/dist-packages/franka_gripper/msg/_GraspAction.py
Symlinking /home/perception/catkin_ws/devel/lib/python3/dist-packages/franka_gripper/msg/_HomingActionFeedback.py
Symlinking /home/perception/catkin_ws/devel/lib/python3/dist-packages/franka_gripper/msg/_GraspEpsilon.py
Symlinking /home/perception/catkin_ws/devel/lib/python3/dist-packages/franka_gripper/msg/_MoveActionGoal.py
Symlinking /home/perception/catkin_ws/devel/lib/python3/dist-packages/franka_gripper/msg/_MoveResult.py
Symlinking /home/perception/catkin_ws/devel/lib/python3/dist-packages/franka_gripper/msg/__init__.py
Symlinking /home/perception/catkin_ws/devel/lib/python3/dist-packages/franka_gripper/msg/_MoveGoal.py
Symlinking /home/perception/catkin_ws/devel/lib/python3/dist-packages/franka_gripper/msg/_GraspActionResult.py
Symlinking /home/perception/catkin_ws/devel/lib/python3/dist-packages/franka_gripper/msg/_GraspActionFeedback.py
Symlinking /home/perception/catkin_ws/devel/lib/python3/dist-packages/franka_gripper/msg/_GraspFeedback.py
Symlinking /home/perception/catkin_ws/devel/lib/python3/dist-packages/franka_gripper/msg/_GraspResult.py
Symlinking /home/perception/catkin_ws/devel/lib/python3/dist-packages/franka_gripper/msg/_MoveAction.py
Symlinking /home/perception/catkin_ws/devel/lib/python3/dist-packages/franka_gripper/msg/_HomingActionResult.py
Symlinking /home/perception/catkin_ws/devel/lib/python3/dist-packages/franka_gripper/msg/_MoveActionResult.py
Symlinking /home/perception/catkin_ws/devel/lib/python3/dist-packages/franka_gripper/msg/_StopAction.py
Symlinking /home/perception/catkin_ws/devel/lib/python3/dist-packages/franka_gripper/msg/_StopActionResult.py
Symlinking /home/perception/catkin_ws/devel/lib/python3/dist-packages/franka_gripper/msg/_StopResult.py
Symlinking /home/perception/catkin_ws/devel/lib/python3/dist-packages/franka_gripper/msg/_StopFeedback.py
Symlinking /home/perception/catkin_ws/devel/lib/python3/dist-packages/franka_gripper/msg/_GraspActionGoal.py
Symlinking /home/perception/catkin_ws/devel/include/franka_gripper/StopResult.h
Symlinking /home/perception/catkin_ws/devel/include/franka_gripper/MoveAction.h
Symlinking /home/perception/catkin_ws/devel/include/franka_gripper/HomingActionResult.h
Symlinking /home/perception/catkin_ws/devel/include/franka_gripper/HomingActionFeedback.h
Symlinking /home/perception/catkin_ws/devel/include/franka_gripper/GraspEpsilon.h
Symlinking /home/perception/catkin_ws/devel/include/franka_gripper/MoveActionFeedback.h
Symlinking /home/perception/catkin_ws/devel/include/franka_gripper/StopActionFeedback.h
Symlinking /home/perception/catkin_ws/devel/include/franka_gripper/GraspActionResult.h
Symlinking /home/perception/catkin_ws/devel/include/franka_gripper/StopAction.h
Symlinking /home/perception/catkin_ws/devel/include/franka_gripper/StopGoal.h
Symlinking /home/perception/catkin_ws/devel/include/franka_gripper/StopFeedback.h
Symlinking /home/perception/catkin_ws/devel/include/franka_gripper/HomingGoal.h
Symlinking /home/perception/catkin_ws/devel/include/franka_gripper/MoveActionGoal.h
Symlinking /home/perception/catkin_ws/devel/include/franka_gripper/MoveResult.h
Symlinking /home/perception/catkin_ws/devel/include/franka_gripper/HomingResult.h
Symlinking /home/perception/catkin_ws/devel/include/franka_gripper/MoveGoal.h
Symlinking /home/perception/catkin_ws/devel/include/franka_gripper/GraspAction.h
Symlinking /home/perception/catkin_ws/devel/include/franka_gripper/GraspResult.h
Symlinking /home/perception/catkin_ws/devel/include/franka_gripper/HomingFeedback.h
Symlinking /home/perception/catkin_ws/devel/include/franka_gripper/GraspFeedback.h
Symlinking /home/perception/catkin_ws/devel/include/franka_gripper/MoveActionResult.h
Symlinking /home/perception/catkin_ws/devel/include/franka_gripper/GraspActionFeedback.h
Symlinking /home/perception/catkin_ws/devel/include/franka_gripper/GraspGoal.h
Symlinking /home/perception/catkin_ws/devel/include/franka_gripper/HomingAction.h
Symlinking /home/perception/catkin_ws/devel/include/franka_gripper/StopActionGoal.h
Symlinking /home/perception/catkin_ws/devel/include/franka_gripper/MoveFeedback.h
Symlinking /home/perception/catkin_ws/devel/include/franka_gripper/StopActionResult.h
Symlinking /home/perception/catkin_ws/devel/include/franka_gripper/HomingActionGoal.h
Symlinking /home/perception/catkin_ws/devel/include/franka_gripper/GraspActionGoal.h
Cleaning: (/home/test/catkin_ws/devel/.private/franka_gripper/cmake.lock, /home/test/catkin_ws/devel/./cmake.lock)
Cleaning: (/home/test/catkin_ws/devel/.private/franka_gripper/include/franka_gripper/HomingActionGoal.h, /home/test/catkin_ws/devel/include/franka_gripper/HomingActionGoal.h)
Cleaning: (/home/test/catkin_ws/devel/.private/franka_gripper/include/franka_gripper/GraspActionFeedback.h, /home/test/catkin_ws/devel/include/franka_gripper/GraspActionFeedback.h)
Cleaning: (/home/test/catkin_ws/devel/.private/franka_gripper/include/franka_gripper/StopActionFeedback.h, /home/test/catkin_ws/devel/include/franka_gripper/StopActionFeedback.h)
Cleaning: (/home/test/catkin_ws/devel/.private/franka_gripper/include/franka_gripper/HomingActionFeedback.h, /home/test/catkin_ws/devel/include/franka_gripper/HomingActionFeedback.h)
Cleaning: (/home/test/catkin_ws/devel/.private/franka_gripper/include/franka_gripper/MoveActionGoal.h, /home/test/catkin_ws/devel/include/franka_gripper/MoveActionGoal.h)
Cleaning: (/home/test/catkin_ws/devel/.private/franka_gripper/include/franka_gripper/HomingFeedback.h, /home/test/catkin_ws/devel/include/franka_gripper/HomingFeedback.h)
Cleaning: (/home/test/catkin_ws/devel/.private/franka_gripper/include/franka_gripper/StopFeedback.h, /home/test/catkin_ws/devel/include/franka_gripper/StopFeedback.h)
Cleaning: (/home/test/catkin_ws/devel/.private/franka_gripper/include/franka_gripper/GraspGoal.h, /home/test/catkin_ws/devel/include/franka_gripper/GraspGoal.h)
Cleaning: (/home/test/catkin_ws/devel/.private/franka_gripper/include/franka_gripper/MoveActionFeedback.h, /home/test/catkin_ws/devel/include/franka_gripper/MoveActionFeedback.h)
Cleaning: (/home/test/catkin_ws/devel/.private/franka_gripper/include/franka_gripper/MoveAction.h, /home/test/catkin_ws/devel/include/franka_gripper/MoveAction.h)
Cleaning: (/home/test/catkin_ws/devel/.private/franka_gripper/include/franka_gripper/MoveActionResult.h, /home/test/catkin_ws/devel/include/franka_gripper/MoveActionResult.h)
Cleaning: (/home/test/catkin_ws/devel/.private/franka_gripper/include/franka_gripper/HomingActionResult.h, /home/test/catkin_ws/devel/include/franka_gripper/HomingActionResult.h)
Cleaning: (/home/test/catkin_ws/devel/.private/franka_gripper/include/franka_gripper/GraspAction.h, /home/test/catkin_ws/devel/include/franka_gripper/GraspAction.h)
Cleaning: (/home/test/catkin_ws/devel/.private/franka_gripper/include/franka_gripper/MoveGoal.h, /home/test/catkin_ws/devel/include/franka_gripper/MoveGoal.h)
Cleaning: (/home/test/catkin_ws/devel/.private/franka_gripper/include/franka_gripper/GraspFeedback.h, /home/test/catkin_ws/devel/include/franka_gripper/GraspFeedback.h)
Cleaning: (/home/test/catkin_ws/devel/.private/franka_gripper/include/franka_gripper/StopAction.h, /home/test/catkin_ws/devel/include/franka_gripper/StopAction.h)
Cleaning: (/home/test/catkin_ws/devel/.private/franka_gripper/include/franka_gripper/GraspActionGoal.h, /home/test/catkin_ws/devel/include/franka_gripper/GraspActionGoal.h)
Cleaning: (/home/test/catkin_ws/devel/.private/franka_gripper/include/franka_gripper/StopActionGoal.h, /home/test/catkin_ws/devel/include/franka_gripper/StopActionGoal.h)
Cleaning: (/home/test/catkin_ws/devel/.private/franka_gripper/include/franka_gripper/HomingResult.h, /home/test/catkin_ws/devel/include/franka_gripper/HomingResult.h)
Cleaning: (/home/test/catkin_ws/devel/.private/franka_gripper/include/franka_gripper/HomingAction.h, /home/test/catkin_ws/devel/include/franka_gripper/HomingAction.h)
Cleaning: (/home/test/catkin_ws/devel/.private/franka_gripper/include/franka_gripper/GraspResult.h, /home/test/catkin_ws/devel/include/franka_gripper/GraspResult.h)
Cleaning: (/home/test/catkin_ws/devel/.private/franka_gripper/include/franka_gripper/MoveResult.h, /home/test/catkin_ws/devel/include/franka_gripper/MoveResult.h)
Cleaning: (/home/test/catkin_ws/devel/.private/franka_gripper/include/franka_gripper/StopResult.h, /home/test/catkin_ws/devel/include/franka_gripper/StopResult.h)
Cleaning: (/home/test/catkin_ws/devel/.private/franka_gripper/include/franka_gripper/HomingGoal.h, /home/test/catkin_ws/devel/include/franka_gripper/HomingGoal.h)
Cleaning: (/home/test/catkin_ws/devel/.private/franka_gripper/include/franka_gripper/StopActionResult.h, /home/test/catkin_ws/devel/include/franka_gripper/StopActionResult.h)
Cleaning: (/home/test/catkin_ws/devel/.private/franka_gripper/include/franka_gripper/GraspActionResult.h, /home/test/catkin_ws/devel/include/franka_gripper/GraspActionResult.h)
Cleaning: (/home/test/catkin_ws/devel/.private/franka_gripper/include/franka_gripper/StopGoal.h, /home/test/catkin_ws/devel/include/franka_gripper/StopGoal.h)
Cleaning: (/home/test/catkin_ws/devel/.private/franka_gripper/include/franka_gripper/GraspEpsilon.h, /home/test/catkin_ws/devel/include/franka_gripper/GraspEpsilon.h)
Cleaning: (/home/test/catkin_ws/devel/.private/franka_gripper/include/franka_gripper/MoveFeedback.h, /home/test/catkin_ws/devel/include/franka_gripper/MoveFeedback.h)
Cleaning: (/home/test/catkin_ws/devel/.private/franka_gripper/share/common-lisp/ros/franka_gripper/msg/GraspGoal.lisp, /home/test/catkin_ws/devel/share/common-lisp/ros/franka_gripper/msg/GraspGoal.lisp)
Cleaning: (/home/test/catkin_ws/devel/.private/franka_gripper/share/common-lisp/ros/franka_gripper/msg/MoveAction.lisp, /home/test/catkin_ws/devel/share/common-lisp/ros/franka_gripper/msg/MoveAction.lisp)
Cleaning: (/home/test/catkin_ws/devel/.private/franka_gripper/share/common-lisp/ros/franka_gripper/msg/_package_MoveResult.lisp, /home/test/catkin_ws/devel/share/common-lisp/ros/franka_gripper/msg/_package_MoveResult.lisp)
Cleaning: (/home/test/catkin_ws/devel/.private/franka_gripper/share/common-lisp/ros/franka_gripper/msg/_package_GraspFeedback.lisp, /home/test/catkin_ws/devel/share/common-lisp/ros/franka_gripper/msg/_package_GraspFeedback.lisp)
Cleaning: (/home/test/catkin_ws/devel/.private/franka_gripper/share/common-lisp/ros/franka_gripper/msg/_package_MoveActionGoal.lisp, /home/test/catkin_ws/devel/share/common-lisp/ros/franka_gripper/msg/_package_MoveActionGoal.lisp)
Cleaning: (/home/test/catkin_ws/devel/.private/franka_gripper/share/common-lisp/ros/franka_gripper/msg/StopActionResult.lisp, /home/test/catkin_ws/devel/share/common-lisp/ros/franka_gripper/msg/StopActionResult.lisp)
Cleaning: (/home/test/catkin_ws/devel/.private/franka_gripper/share/common-lisp/ros/franka_gripper/msg/StopAction.lisp, /home/test/catkin_ws/devel/share/common-lisp/ros/franka_gripper/msg/StopAction.lisp)
Cleaning: (/home/test/catkin_ws/devel/.private/franka_gripper/share/common-lisp/ros/franka_gripper/msg/GraspFeedback.lisp, /home/test/catkin_ws/devel/share/common-lisp/ros/franka_gripper/msg/GraspFeedback.lisp)
Cleaning: (/home/test/catkin_ws/devel/.private/franka_gripper/share/common-lisp/ros/franka_gripper/msg/_package_HomingResult.lisp, /home/test/catkin_ws/devel/share/common-lisp/ros/franka_gripper/msg/_package_HomingResult.lisp)
Cleaning: (/home/test/catkin_ws/devel/.private/franka_gripper/share/common-lisp/ros/franka_gripper/msg/_package_MoveAction.lisp, /home/test/catkin_ws/devel/share/common-lisp/ros/franka_gripper/msg/_package_MoveAction.lisp)
Cleaning: (/home/test/catkin_ws/devel/.private/franka_gripper/share/common-lisp/ros/franka_gripper/msg/GraspActionResult.lisp, /home/test/catkin_ws/devel/share/common-lisp/ros/franka_gripper/msg/GraspActionResult.lisp)
Cleaning: (/home/test/catkin_ws/devel/.private/franka_gripper/share/common-lisp/ros/franka_gripper/msg/HomingResult.lisp, /home/test/catkin_ws/devel/share/common-lisp/ros/franka_gripper/msg/HomingResult.lisp)
Cleaning: (/home/test/catkin_ws/devel/.private/franka_gripper/share/common-lisp/ros/franka_gripper/msg/_package_HomingActionFeedback.lisp, /home/test/catkin_ws/devel/share/common-lisp/ros/franka_gripper/msg/_package_HomingActionFeedback.lisp)
Cleaning: (/home/test/catkin_ws/devel/.private/franka_gripper/share/common-lisp/ros/franka_gripper/msg/_package_StopFeedback.lisp, /home/test/catkin_ws/devel/share/common-lisp/ros/franka_gripper/msg/_package_StopFeedback.lisp)
Cleaning: (/home/test/catkin_ws/devel/.private/franka_gripper/share/common-lisp/ros/franka_gripper/msg/_package_StopActionFeedback.lisp, /home/test/catkin_ws/devel/share/common-lisp/ros/franka_gripper/msg/_package_StopActionFeedback.lisp)
Cleaning: (/home/test/catkin_ws/devel/.private/franka_gripper/share/common-lisp/ros/franka_gripper/msg/MoveGoal.lisp, /home/test/catkin_ws/devel/share/common-lisp/ros/franka_gripper/msg/MoveGoal.lisp)
Cleaning: (/home/test/catkin_ws/devel/.private/franka_gripper/share/common-lisp/ros/franka_gripper/msg/_package_MoveFeedback.lisp, /home/test/catkin_ws/devel/share/common-lisp/ros/franka_gripper/msg/_package_MoveFeedback.lisp)
Cleaning: (/home/test/catkin_ws/devel/.private/franka_gripper/share/common-lisp/ros/franka_gripper/msg/_package_GraspActionGoal.lisp, /home/test/catkin_ws/devel/share/common-lisp/ros/franka_gripper/msg/_package_GraspActionGoal.lisp)
Cleaning: (/home/test/catkin_ws/devel/.private/franka_gripper/share/common-lisp/ros/franka_gripper/msg/GraspEpsilon.lisp, /home/test/catkin_ws/devel/share/common-lisp/ros/franka_gripper/msg/GraspEpsilon.lisp)
Cleaning: (/home/test/catkin_ws/devel/.private/franka_gripper/share/common-lisp/ros/franka_gripper/msg/_package_HomingActionResult.lisp, /home/test/catkin_ws/devel/share/common-lisp/ros/franka_gripper/msg/_package_HomingActionResult.lisp)
Cleaning: (/home/test/catkin_ws/devel/.private/franka_gripper/share/common-lisp/ros/franka_gripper/msg/franka_gripper-msg.asd, /home/test/catkin_ws/devel/share/common-lisp/ros/franka_gripper/msg/franka_gripper-msg.asd)
Cleaning: (/home/test/catkin_ws/devel/.private/franka_gripper/share/common-lisp/ros/franka_gripper/msg/_package_StopAction.lisp, /home/test/catkin_ws/devel/share/common-lisp/ros/franka_gripper/msg/_package_StopAction.lisp)
Cleaning: (/home/test/catkin_ws/devel/.private/franka_gripper/share/common-lisp/ros/franka_gripper/msg/MoveActionGoal.lisp, /home/test/catkin_ws/devel/share/common-lisp/ros/franka_gripper/msg/MoveActionGoal.lisp)
Cleaning: (/home/test/catkin_ws/devel/.private/franka_gripper/share/common-lisp/ros/franka_gripper/msg/GraspAction.lisp, /home/test/catkin_ws/devel/share/common-lisp/ros/franka_gripper/msg/GraspAction.lisp)
Cleaning: (/home/test/catkin_ws/devel/.private/franka_gripper/share/common-lisp/ros/franka_gripper/msg/MoveFeedback.lisp, /home/test/catkin_ws/devel/share/common-lisp/ros/franka_gripper/msg/MoveFeedback.lisp)
Cleaning: (/home/test/catkin_ws/devel/.private/franka_gripper/share/common-lisp/ros/franka_gripper/msg/_package_HomingGoal.lisp, /home/test/catkin_ws/devel/share/common-lisp/ros/franka_gripper/msg/_package_HomingGoal.lisp)
Cleaning: (/home/test/catkin_ws/devel/.private/franka_gripper/share/common-lisp/ros/franka_gripper/msg/StopResult.lisp, /home/test/catkin_ws/devel/share/common-lisp/ros/franka_gripper/msg/StopResult.lisp)
Cleaning: (/home/test/catkin_ws/devel/.private/franka_gripper/share/common-lisp/ros/franka_gripper/msg/MoveResult.lisp, /home/test/catkin_ws/devel/share/common-lisp/ros/franka_gripper/msg/MoveResult.lisp)
Cleaning: (/home/test/catkin_ws/devel/.private/franka_gripper/share/common-lisp/ros/franka_gripper/msg/HomingActionGoal.lisp, /home/test/catkin_ws/devel/share/common-lisp/ros/franka_gripper/msg/HomingActionGoal.lisp)
Cleaning: (/home/test/catkin_ws/devel/.private/franka_gripper/share/common-lisp/ros/franka_gripper/msg/_package_StopActionResult.lisp, /home/test/catkin_ws/devel/share/common-lisp/ros/franka_gripper/msg/_package_StopActionResult.lisp)
Cleaning: (/home/test/catkin_ws/devel/.private/franka_gripper/share/common-lisp/ros/franka_gripper/msg/StopGoal.lisp, /home/test/catkin_ws/devel/share/common-lisp/ros/franka_gripper/msg/StopGoal.lisp)
Cleaning: (/home/test/catkin_ws/devel/.private/franka_gripper/share/common-lisp/ros/franka_gripper/msg/_package_StopActionGoal.lisp, /home/test/catkin_ws/devel/share/common-lisp/ros/franka_gripper/msg/_package_StopActionGoal.lisp)
Cleaning: (/home/test/catkin_ws/devel/.private/franka_gripper/share/common-lisp/ros/franka_gripper/msg/StopActionGoal.lisp, /home/test/catkin_ws/devel/share/common-lisp/ros/franka_gripper/msg/StopActionGoal.lisp)
Cleaning: (/home/test/catkin_ws/devel/.private/franka_gripper/share/common-lisp/ros/franka_gripper/msg/_package_StopGoal.lisp, /home/test/catkin_ws/devel/share/common-lisp/ros/franka_gripper/msg/_package_StopGoal.lisp)
Cleaning: (/home/test/catkin_ws/devel/.private/franka_gripper/share/common-lisp/ros/franka_gripper/msg/_package_StopResult.lisp, /home/test/catkin_ws/devel/share/common-lisp/ros/franka_gripper/msg/_package_StopResult.lisp)
Cleaning: (/home/test/catkin_ws/devel/.private/franka_gripper/share/common-lisp/ros/franka_gripper/msg/HomingAction.lisp, /home/test/catkin_ws/devel/share/common-lisp/ros/franka_gripper/msg/HomingAction.lisp)
Cleaning: (/home/test/catkin_ws/devel/.private/franka_gripper/share/common-lisp/ros/franka_gripper/msg/HomingGoal.lisp, /home/test/catkin_ws/devel/share/common-lisp/ros/franka_gripper/msg/HomingGoal.lisp)
Cleaning: (/home/test/catkin_ws/devel/.private/franka_gripper/share/common-lisp/ros/franka_gripper/msg/_package_GraspAction.lisp, /home/test/catkin_ws/devel/share/common-lisp/ros/franka_gripper/msg/_package_GraspAction.lisp)
Cleaning: (/home/test/catkin_ws/devel/.private/franka_gripper/share/common-lisp/ros/franka_gripper/msg/_package.lisp, /home/test/catkin_ws/devel/share/common-lisp/ros/franka_gripper/msg/_package.lisp)
Cleaning: (/home/test/catkin_ws/devel/.private/franka_gripper/share/common-lisp/ros/franka_gripper/msg/HomingActionFeedback.lisp, /home/test/catkin_ws/devel/share/common-lisp/ros/franka_gripper/msg/HomingActionFeedback.lisp)
Cleaning: (/home/test/catkin_ws/devel/.private/franka_gripper/share/common-lisp/ros/franka_gripper/msg/_package_GraspActionFeedback.lisp, /home/test/catkin_ws/devel/share/common-lisp/ros/franka_gripper/msg/_package_GraspActionFeedback.lisp)
Cleaning: (/home/test/catkin_ws/devel/.private/franka_gripper/share/common-lisp/ros/franka_gripper/msg/StopActionFeedback.lisp, /home/test/catkin_ws/devel/share/common-lisp/ros/franka_gripper/msg/StopActionFeedback.lisp)
Cleaning: (/home/test/catkin_ws/devel/.private/franka_gripper/share/common-lisp/ros/franka_gripper/msg/_package_MoveActionResult.lisp, /home/test/catkin_ws/devel/share/common-lisp/ros/franka_gripper/msg/_package_MoveActionResult.lisp)
Cleaning: (/home/test/catkin_ws/devel/.private/franka_gripper/share/common-lisp/ros/franka_gripper/msg/_package_HomingAction.lisp, /home/test/catkin_ws/devel/share/common-lisp/ros/franka_gripper/msg/_package_HomingAction.lisp)
Cleaning: (/home/test/catkin_ws/devel/.private/franka_gripper/share/common-lisp/ros/franka_gripper/msg/_package_MoveActionFeedback.lisp, /home/test/catkin_ws/devel/share/common-lisp/ros/franka_gripper/msg/_package_MoveActionFeedback.lisp)
Cleaning: (/home/test/catkin_ws/devel/.private/franka_gripper/share/common-lisp/ros/franka_gripper/msg/_package_GraspResult.lisp, /home/test/catkin_ws/devel/share/common-lisp/ros/franka_gripper/msg/_package_GraspResult.lisp)
Cleaning: (/home/test/catkin_ws/devel/.private/franka_gripper/share/common-lisp/ros/franka_gripper/msg/_package_HomingFeedback.lisp, /home/test/catkin_ws/devel/share/common-lisp/ros/franka_gripper/msg/_package_HomingFeedback.lisp)
Cleaning: (/home/test/catkin_ws/devel/.private/franka_gripper/share/common-lisp/ros/franka_gripper/msg/MoveActionResult.lisp, /home/test/catkin_ws/devel/share/common-lisp/ros/franka_gripper/msg/MoveActionResult.lisp)
Cleaning: (/home/test/catkin_ws/devel/.private/franka_gripper/share/common-lisp/ros/franka_gripper/msg/GraspActionGoal.lisp, /home/test/catkin_ws/devel/share/common-lisp/ros/franka_gripper/msg/GraspActionGoal.lisp)
Cleaning: (/home/test/catkin_ws/devel/.private/franka_gripper/share/common-lisp/ros/franka_gripper/msg/HomingActionResult.lisp, /home/test/catkin_ws/devel/share/common-lisp/ros/franka_gripper/msg/HomingActionResult.lisp)
Cleaning: (/home/test/catkin_ws/devel/.private/franka_gripper/share/common-lisp/ros/franka_gripper/msg/_package_HomingActionGoal.lisp, /home/test/catkin_ws/devel/share/common-lisp/ros/franka_gripper/msg/_package_HomingActionGoal.lisp)
Cleaning: (/home/test/catkin_ws/devel/.private/franka_gripper/share/common-lisp/ros/franka_gripper/msg/GraspActionFeedback.lisp, /home/test/catkin_ws/devel/share/common-lisp/ros/franka_gripper/msg/GraspActionFeedback.lisp)
Cleaning: (/home/test/catkin_ws/devel/.private/franka_gripper/share/common-lisp/ros/franka_gripper/msg/HomingFeedback.lisp, /home/test/catkin_ws/devel/share/common-lisp/ros/franka_gripper/msg/HomingFeedback.lisp)
Cleaning: (/home/test/catkin_ws/devel/.private/franka_gripper/share/common-lisp/ros/franka_gripper/msg/GraspResult.lisp, /home/test/catkin_ws/devel/share/common-lisp/ros/franka_gripper/msg/GraspResult.lisp)
Cleaning: (/home/test/catkin_ws/devel/.private/franka_gripper/share/common-lisp/ros/franka_gripper/msg/_package_MoveGoal.lisp, /home/test/catkin_ws/devel/share/common-lisp/ros/franka_gripper/msg/_package_MoveGoal.lisp)
Cleaning: (/home/test/catkin_ws/devel/.private/franka_gripper/share/common-lisp/ros/franka_gripper/msg/MoveActionFeedback.lisp, /home/test/catkin_ws/devel/share/common-lisp/ros/franka_gripper/msg/MoveActionFeedback.lisp)
Cleaning: (/home/test/catkin_ws/devel/.private/franka_gripper/share/common-lisp/ros/franka_gripper/msg/_package_GraspEpsilon.lisp, /home/test/catkin_ws/devel/share/common-lisp/ros/franka_gripper/msg/_package_GraspEpsilon.lisp)
Cleaning: (/home/test/catkin_ws/devel/.private/franka_gripper/share/common-lisp/ros/franka_gripper/msg/_package_GraspActionResult.lisp, /home/test/catkin_ws/devel/share/common-lisp/ros/franka_gripper/msg/_package_GraspActionResult.lisp)
Cleaning: (/home/test/catkin_ws/devel/.private/franka_gripper/share/common-lisp/ros/franka_gripper/msg/_package_GraspGoal.lisp, /home/test/catkin_ws/devel/share/common-lisp/ros/franka_gripper/msg/_package_GraspGoal.lisp)
Cleaning: (/home/test/catkin_ws/devel/.private/franka_gripper/share/common-lisp/ros/franka_gripper/msg/StopFeedback.lisp, /home/test/catkin_ws/devel/share/common-lisp/ros/franka_gripper/msg/StopFeedback.lisp)
Cleaning: (/home/test/catkin_ws/devel/.private/franka_gripper/share/gennodejs/ros/franka_gripper/_index.js, /home/test/catkin_ws/devel/share/gennodejs/ros/franka_gripper/_index.js)
Cleaning: (/home/test/catkin_ws/devel/.private/franka_gripper/share/gennodejs/ros/franka_gripper/msg/GraspFeedback.js, /home/test/catkin_ws/devel/share/gennodejs/ros/franka_gripper/msg/GraspFeedback.js)
Cleaning: (/home/test/catkin_ws/devel/.private/franka_gripper/share/gennodejs/ros/franka_gripper/msg/StopFeedback.js, /home/test/catkin_ws/devel/share/gennodejs/ros/franka_gripper/msg/StopFeedback.js)
Cleaning: (/home/test/catkin_ws/devel/.private/franka_gripper/share/gennodejs/ros/franka_gripper/msg/StopAction.js, /home/test/catkin_ws/devel/share/gennodejs/ros/franka_gripper/msg/StopAction.js)
Cleaning: (/home/test/catkin_ws/devel/.private/franka_gripper/share/gennodejs/ros/franka_gripper/msg/StopActionGoal.js, /home/test/catkin_ws/devel/share/gennodejs/ros/franka_gripper/msg/StopActionGoal.js)
Cleaning: (/home/test/catkin_ws/devel/.private/franka_gripper/share/gennodejs/ros/franka_gripper/msg/StopResult.js, /home/test/catkin_ws/devel/share/gennodejs/ros/franka_gripper/msg/StopResult.js)
Cleaning: (/home/test/catkin_ws/devel/.private/franka_gripper/share/gennodejs/ros/franka_gripper/msg/GraspEpsilon.js, /home/test/catkin_ws/devel/share/gennodejs/ros/franka_gripper/msg/GraspEpsilon.js)
Cleaning: (/home/test/catkin_ws/devel/.private/franka_gripper/share/gennodejs/ros/franka_gripper/msg/GraspActionFeedback.js, /home/test/catkin_ws/devel/share/gennodejs/ros/franka_gripper/msg/GraspActionFeedback.js)
Cleaning: (/home/test/catkin_ws/devel/.private/franka_gripper/share/gennodejs/ros/franka_gripper/msg/HomingResult.js, /home/test/catkin_ws/devel/share/gennodejs/ros/franka_gripper/msg/HomingResult.js)
Cleaning: (/home/test/catkin_ws/devel/.private/franka_gripper/share/gennodejs/ros/franka_gripper/msg/MoveFeedback.js, /home/test/catkin_ws/devel/share/gennodejs/ros/franka_gripper/msg/MoveFeedback.js)
Cleaning: (/home/test/catkin_ws/devel/.private/franka_gripper/share/gennodejs/ros/franka_gripper/msg/GraspResult.js, /home/test/catkin_ws/devel/share/gennodejs/ros/franka_gripper/msg/GraspResult.js)
Cleaning: (/home/test/catkin_ws/devel/.private/franka_gripper/share/gennodejs/ros/franka_gripper/msg/HomingAction.js, /home/test/catkin_ws/devel/share/gennodejs/ros/franka_gripper/msg/HomingAction.js)
Cleaning: (/home/test/catkin_ws/devel/.private/franka_gripper/share/gennodejs/ros/franka_gripper/msg/MoveActionGoal.js, /home/test/catkin_ws/devel/share/gennodejs/ros/franka_gripper/msg/MoveActionGoal.js)
Cleaning: (/home/test/catkin_ws/devel/.private/franka_gripper/share/gennodejs/ros/franka_gripper/msg/MoveAction.js, /home/test/catkin_ws/devel/share/gennodejs/ros/franka_gripper/msg/MoveAction.js)
Cleaning: (/home/test/catkin_ws/devel/.private/franka_gripper/share/gennodejs/ros/franka_gripper/msg/MoveResult.js, /home/test/catkin_ws/devel/share/gennodejs/ros/franka_gripper/msg/MoveResult.js)
Cleaning: (/home/test/catkin_ws/devel/.private/franka_gripper/share/gennodejs/ros/franka_gripper/msg/MoveGoal.js, /home/test/catkin_ws/devel/share/gennodejs/ros/franka_gripper/msg/MoveGoal.js)
Cleaning: (/home/test/catkin_ws/devel/.private/franka_gripper/share/gennodejs/ros/franka_gripper/msg/GraspGoal.js, /home/test/catkin_ws/devel/share/gennodejs/ros/franka_gripper/msg/GraspGoal.js)
Cleaning: (/home/test/catkin_ws/devel/.private/franka_gripper/share/gennodejs/ros/franka_gripper/msg/_index.js, /home/test/catkin_ws/devel/share/gennodejs/ros/franka_gripper/msg/_index.js)
Cleaning: (/home/test/catkin_ws/devel/.private/franka_gripper/share/gennodejs/ros/franka_gripper/msg/HomingActionFeedback.js, /home/test/catkin_ws/devel/share/gennodejs/ros/franka_gripper/msg/HomingActionFeedback.js)
Cleaning: (/home/test/catkin_ws/devel/.private/franka_gripper/share/gennodejs/ros/franka_gripper/msg/HomingGoal.js, /home/test/catkin_ws/devel/share/gennodejs/ros/franka_gripper/msg/HomingGoal.js)
Cleaning: (/home/test/catkin_ws/devel/.private/franka_gripper/share/gennodejs/ros/franka_gripper/msg/StopActionFeedback.js, /home/test/catkin_ws/devel/share/gennodejs/ros/franka_gripper/msg/StopActionFeedback.js)
Cleaning: (/home/test/catkin_ws/devel/.private/franka_gripper/share/gennodejs/ros/franka_gripper/msg/MoveActionFeedback.js, /home/test/catkin_ws/devel/share/gennodejs/ros/franka_gripper/msg/MoveActionFeedback.js)
Cleaning: (/home/test/catkin_ws/devel/.private/franka_gripper/share/gennodejs/ros/franka_gripper/msg/StopActionResult.js, /home/test/catkin_ws/devel/share/gennodejs/ros/franka_gripper/msg/StopActionResult.js)
Cleaning: (/home/test/catkin_ws/devel/.private/franka_gripper/share/gennodejs/ros/franka_gripper/msg/MoveActionResult.js, /home/test/catkin_ws/devel/share/gennodejs/ros/franka_gripper/msg/MoveActionResult.js)
Cleaning: (/home/test/catkin_ws/devel/.private/franka_gripper/share/gennodejs/ros/franka_gripper/msg/HomingActionResult.js, /home/test/catkin_ws/devel/share/gennodejs/ros/franka_gripper/msg/HomingActionResult.js)
Cleaning: (/home/test/catkin_ws/devel/.private/franka_gripper/share/gennodejs/ros/franka_gripper/msg/StopGoal.js, /home/test/catkin_ws/devel/share/gennodejs/ros/franka_gripper/msg/StopGoal.js)
Cleaning: (/home/test/catkin_ws/devel/.private/franka_gripper/share/gennodejs/ros/franka_gripper/msg/GraspActionResult.js, /home/test/catkin_ws/devel/share/gennodejs/ros/franka_gripper/msg/GraspActionResult.js)
Cleaning: (/home/test/catkin_ws/devel/.private/franka_gripper/share/gennodejs/ros/franka_gripper/msg/GraspActionGoal.js, /home/test/catkin_ws/devel/share/gennodejs/ros/franka_gripper/msg/GraspActionGoal.js)
Cleaning: (/home/test/catkin_ws/devel/.private/franka_gripper/share/gennodejs/ros/franka_gripper/msg/GraspAction.js, /home/test/catkin_ws/devel/share/gennodejs/ros/franka_gripper/msg/GraspAction.js)
Cleaning: (/home/test/catkin_ws/devel/.private/franka_gripper/share/gennodejs/ros/franka_gripper/msg/HomingActionGoal.js, /home/test/catkin_ws/devel/share/gennodejs/ros/franka_gripper/msg/HomingActionGoal.js)
Cleaning: (/home/test/catkin_ws/devel/.private/franka_gripper/share/gennodejs/ros/franka_gripper/msg/HomingFeedback.js, /home/test/catkin_ws/devel/share/gennodejs/ros/franka_gripper/msg/HomingFeedback.js)
Cleaning: (/home/test/catkin_ws/devel/.private/franka_gripper/share/franka_gripper/cmake/franka_gripper-msg-paths.cmake, /home/test/catkin_ws/devel/share/franka_gripper/cmake/franka_gripper-msg-paths.cmake)
Cleaning: (/home/test/catkin_ws/devel/.private/franka_gripper/share/franka_gripper/cmake/franka_gripperConfig-version.cmake, /home/test/catkin_ws/devel/share/franka_gripper/cmake/franka_gripperConfig-version.cmake)
Cleaning: (/home/test/catkin_ws/devel/.private/franka_gripper/share/franka_gripper/cmake/franka_gripperConfig.cmake, /home/test/catkin_ws/devel/share/franka_gripper/cmake/franka_gripperConfig.cmake)
Cleaning: (/home/test/catkin_ws/devel/.private/franka_gripper/share/franka_gripper/cmake/franka_gripper-msg-extras.cmake, /home/test/catkin_ws/devel/share/franka_gripper/cmake/franka_gripper-msg-extras.cmake)
Cleaning: (/home/test/catkin_ws/devel/.private/franka_gripper/share/franka_gripper/msg/HomingActionResult.msg, /home/test/catkin_ws/devel/share/franka_gripper/msg/HomingActionResult.msg)
Cleaning: (/home/test/catkin_ws/devel/.private/franka_gripper/share/franka_gripper/msg/GraspGoal.msg, /home/test/catkin_ws/devel/share/franka_gripper/msg/GraspGoal.msg)
Cleaning: (/home/test/catkin_ws/devel/.private/franka_gripper/share/franka_gripper/msg/HomingActionFeedback.msg, /home/test/catkin_ws/devel/share/franka_gripper/msg/HomingActionFeedback.msg)
Cleaning: (/home/test/catkin_ws/devel/.private/franka_gripper/share/franka_gripper/msg/HomingFeedback.msg, /home/test/catkin_ws/devel/share/franka_gripper/msg/HomingFeedback.msg)
Cleaning: (/home/test/catkin_ws/devel/.private/franka_gripper/share/franka_gripper/msg/MoveActionGoal.msg, /home/test/catkin_ws/devel/share/franka_gripper/msg/MoveActionGoal.msg)
Cleaning: (/home/test/catkin_ws/devel/.private/franka_gripper/share/franka_gripper/msg/StopAction.msg, /home/test/catkin_ws/devel/share/franka_gripper/msg/StopAction.msg)
Cleaning: (/home/test/catkin_ws/devel/.private/franka_gripper/share/franka_gripper/msg/GraspResult.msg, /home/test/catkin_ws/devel/share/franka_gripper/msg/GraspResult.msg)
Cleaning: (/home/test/catkin_ws/devel/.private/franka_gripper/share/franka_gripper/msg/MoveFeedback.msg, /home/test/catkin_ws/devel/share/franka_gripper/msg/MoveFeedback.msg)
Cleaning: (/home/test/catkin_ws/devel/.private/franka_gripper/share/franka_gripper/msg/HomingResult.msg, /home/test/catkin_ws/devel/share/franka_gripper/msg/HomingResult.msg)
Cleaning: (/home/test/catkin_ws/devel/.private/franka_gripper/share/franka_gripper/msg/GraspActionResult.msg, /home/test/catkin_ws/devel/share/franka_gripper/msg/GraspActionResult.msg)
Cleaning: (/home/test/catkin_ws/devel/.private/franka_gripper/share/franka_gripper/msg/StopFeedback.msg, /home/test/catkin_ws/devel/share/franka_gripper/msg/StopFeedback.msg)
Cleaning: (/home/test/catkin_ws/devel/.private/franka_gripper/share/franka_gripper/msg/StopActionFeedback.msg, /home/test/catkin_ws/devel/share/franka_gripper/msg/StopActionFeedback.msg)
Cleaning: (/home/test/catkin_ws/devel/.private/franka_gripper/share/franka_gripper/msg/MoveActionFeedback.msg, /home/test/catkin_ws/devel/share/franka_gripper/msg/MoveActionFeedback.msg)
Cleaning: (/home/test/catkin_ws/devel/.private/franka_gripper/share/franka_gripper/msg/GraspAction.msg, /home/test/catkin_ws/devel/share/franka_gripper/msg/GraspAction.msg)
Cleaning: (/home/test/catkin_ws/devel/.private/franka_gripper/share/franka_gripper/msg/StopGoal.msg, /home/test/catkin_ws/devel/share/franka_gripper/msg/StopGoal.msg)
Cleaning: (/home/test/catkin_ws/devel/.private/franka_gripper/share/franka_gripper/msg/StopActionResult.msg, /home/test/catkin_ws/devel/share/franka_gripper/msg/StopActionResult.msg)
Cleaning: (/home/test/catkin_ws/devel/.private/franka_gripper/share/franka_gripper/msg/HomingGoal.msg, /home/test/catkin_ws/devel/share/franka_gripper/msg/HomingGoal.msg)
Cleaning: (/home/test/catkin_ws/devel/.private/franka_gripper/share/franka_gripper/msg/MoveAction.msg, /home/test/catkin_ws/devel/share/franka_gripper/msg/MoveAction.msg)
Cleaning: (/home/test/catkin_ws/devel/.private/franka_gripper/share/franka_gripper/msg/HomingActionGoal.msg, /home/test/catkin_ws/devel/share/franka_gripper/msg/HomingActionGoal.msg)
Cleaning: (/home/test/catkin_ws/devel/.private/franka_gripper/share/franka_gripper/msg/GraspActionGoal.msg, /home/test/catkin_ws/devel/share/franka_gripper/msg/GraspActionGoal.msg)
Cleaning: (/home/test/catkin_ws/devel/.private/franka_gripper/share/franka_gripper/msg/StopResult.msg, /home/test/catkin_ws/devel/share/franka_gripper/msg/StopResult.msg)
Cleaning: (/home/test/catkin_ws/devel/.private/franka_gripper/share/franka_gripper/msg/MoveResult.msg, /home/test/catkin_ws/devel/share/franka_gripper/msg/MoveResult.msg)
Cleaning: (/home/test/catkin_ws/devel/.private/franka_gripper/share/franka_gripper/msg/MoveActionResult.msg, /home/test/catkin_ws/devel/share/franka_gripper/msg/MoveActionResult.msg)
Cleaning: (/home/test/catkin_ws/devel/.private/franka_gripper/share/franka_gripper/msg/StopActionGoal.msg, /home/test/catkin_ws/devel/share/franka_gripper/msg/StopActionGoal.msg)
Cleaning: (/home/test/catkin_ws/devel/.private/franka_gripper/share/franka_gripper/msg/MoveGoal.msg, /home/test/catkin_ws/devel/share/franka_gripper/msg/MoveGoal.msg)
Cleaning: (/home/test/catkin_ws/devel/.private/franka_gripper/share/franka_gripper/msg/HomingAction.msg, /home/test/catkin_ws/devel/share/franka_gripper/msg/HomingAction.msg)
Cleaning: (/home/test/catkin_ws/devel/.private/franka_gripper/share/franka_gripper/msg/GraspActionFeedback.msg, /home/test/catkin_ws/devel/share/franka_gripper/msg/GraspActionFeedback.msg)
Cleaning: (/home/test/catkin_ws/devel/.private/franka_gripper/share/franka_gripper/msg/GraspFeedback.msg, /home/test/catkin_ws/devel/share/franka_gripper/msg/GraspFeedback.msg)
Cleaning: (/home/test/catkin_ws/devel/.private/franka_gripper/share/roseus/ros/franka_gripper/manifest.l, /home/test/catkin_ws/devel/share/roseus/ros/franka_gripper/manifest.l)
Cleaning: (/home/test/catkin_ws/devel/.private/franka_gripper/share/roseus/ros/franka_gripper/msg/StopActionResult.l, /home/test/catkin_ws/devel/share/roseus/ros/franka_gripper/msg/StopActionResult.l)
Cleaning: (/home/test/catkin_ws/devel/.private/franka_gripper/share/roseus/ros/franka_gripper/msg/MoveGoal.l, /home/test/catkin_ws/devel/share/roseus/ros/franka_gripper/msg/MoveGoal.l)
Cleaning: (/home/test/catkin_ws/devel/.private/franka_gripper/share/roseus/ros/franka_gripper/msg/GraspActionFeedback.l, /home/test/catkin_ws/devel/share/roseus/ros/franka_gripper/msg/GraspActionFeedback.l)
Cleaning: (/home/test/catkin_ws/devel/.private/franka_gripper/share/roseus/ros/franka_gripper/msg/StopActionGoal.l, /home/test/catkin_ws/devel/share/roseus/ros/franka_gripper/msg/StopActionGoal.l)
Cleaning: (/home/test/catkin_ws/devel/.private/franka_gripper/share/roseus/ros/franka_gripper/msg/GraspActionGoal.l, /home/test/catkin_ws/devel/share/roseus/ros/franka_gripper/msg/GraspActionGoal.l)
Cleaning: (/home/test/catkin_ws/devel/.private/franka_gripper/share/roseus/ros/franka_gripper/msg/GraspGoal.l, /home/test/catkin_ws/devel/share/roseus/ros/franka_gripper/msg/GraspGoal.l)
Cleaning: (/home/test/catkin_ws/devel/.private/franka_gripper/share/roseus/ros/franka_gripper/msg/StopAction.l, /home/test/catkin_ws/devel/share/roseus/ros/franka_gripper/msg/StopAction.l)
Cleaning: (/home/test/catkin_ws/devel/.private/franka_gripper/share/roseus/ros/franka_gripper/msg/GraspAction.l, /home/test/catkin_ws/devel/share/roseus/ros/franka_gripper/msg/GraspAction.l)
Cleaning: (/home/test/catkin_ws/devel/.private/franka_gripper/share/roseus/ros/franka_gripper/msg/MoveFeedback.l, /home/test/catkin_ws/devel/share/roseus/ros/franka_gripper/msg/MoveFeedback.l)
Cleaning: (/home/test/catkin_ws/devel/.private/franka_gripper/share/roseus/ros/franka_gripper/msg/MoveActionFeedback.l, /home/test/catkin_ws/devel/share/roseus/ros/franka_gripper/msg/MoveActionFeedback.l)
Cleaning: (/home/test/catkin_ws/devel/.private/franka_gripper/share/roseus/ros/franka_gripper/msg/HomingResult.l, /home/test/catkin_ws/devel/share/roseus/ros/franka_gripper/msg/HomingResult.l)
Cleaning: (/home/test/catkin_ws/devel/.private/franka_gripper/share/roseus/ros/franka_gripper/msg/HomingActionResult.l, /home/test/catkin_ws/devel/share/roseus/ros/franka_gripper/msg/HomingActionResult.l)
Cleaning: (/home/test/catkin_ws/devel/.private/franka_gripper/share/roseus/ros/franka_gripper/msg/MoveResult.l, /home/test/catkin_ws/devel/share/roseus/ros/franka_gripper/msg/MoveResult.l)
Cleaning: (/home/test/catkin_ws/devel/.private/franka_gripper/share/roseus/ros/franka_gripper/msg/MoveActionGoal.l, /home/test/catkin_ws/devel/share/roseus/ros/franka_gripper/msg/MoveActionGoal.l)
Cleaning: (/home/test/catkin_ws/devel/.private/franka_gripper/share/roseus/ros/franka_gripper/msg/StopGoal.l, /home/test/catkin_ws/devel/share/roseus/ros/franka_gripper/msg/StopGoal.l)
Cleaning: (/home/test/catkin_ws/devel/.private/franka_gripper/share/roseus/ros/franka_gripper/msg/GraspEpsilon.l, /home/test/catkin_ws/devel/share/roseus/ros/franka_gripper/msg/GraspEpsilon.l)
Cleaning: (/home/test/catkin_ws/devel/.private/franka_gripper/share/roseus/ros/franka_gripper/msg/MoveAction.l, /home/test/catkin_ws/devel/share/roseus/ros/franka_gripper/msg/MoveAction.l)
Cleaning: (/home/test/catkin_ws/devel/.private/franka_gripper/share/roseus/ros/franka_gripper/msg/StopFeedback.l, /home/test/catkin_ws/devel/share/roseus/ros/franka_gripper/msg/StopFeedback.l)
Cleaning: (/home/test/catkin_ws/devel/.private/franka_gripper/share/roseus/ros/franka_gripper/msg/HomingActionGoal.l, /home/test/catkin_ws/devel/share/roseus/ros/franka_gripper/msg/HomingActionGoal.l)
Cleaning: (/home/test/catkin_ws/devel/.private/franka_gripper/share/roseus/ros/franka_gripper/msg/HomingGoal.l, /home/test/catkin_ws/devel/share/roseus/ros/franka_gripper/msg/HomingGoal.l)
Cleaning: (/home/test/catkin_ws/devel/.private/franka_gripper/share/roseus/ros/franka_gripper/msg/GraspResult.l, /home/test/catkin_ws/devel/share/roseus/ros/franka_gripper/msg/GraspResult.l)
Cleaning: (/home/test/catkin_ws/devel/.private/franka_gripper/share/roseus/ros/franka_gripper/msg/StopActionFeedback.l, /home/test/catkin_ws/devel/share/roseus/ros/franka_gripper/msg/StopActionFeedback.l)
Cleaning: (/home/test/catkin_ws/devel/.private/franka_gripper/share/roseus/ros/franka_gripper/msg/MoveActionResult.l, /home/test/catkin_ws/devel/share/roseus/ros/franka_gripper/msg/MoveActionResult.l)
Cleaning: (/home/test/catkin_ws/devel/.private/franka_gripper/share/roseus/ros/franka_gripper/msg/StopResult.l, /home/test/catkin_ws/devel/share/roseus/ros/franka_gripper/msg/StopResult.l)
Cleaning: (/home/test/catkin_ws/devel/.private/franka_gripper/share/roseus/ros/franka_gripper/msg/HomingActionFeedback.l, /home/test/catkin_ws/devel/share/roseus/ros/franka_gripper/msg/HomingActionFeedback.l)
Cleaning: (/home/test/catkin_ws/devel/.private/franka_gripper/share/roseus/ros/franka_gripper/msg/GraspFeedback.l, /home/test/catkin_ws/devel/share/roseus/ros/franka_gripper/msg/GraspFeedback.l)
Cleaning: (/home/test/catkin_ws/devel/.private/franka_gripper/share/roseus/ros/franka_gripper/msg/HomingFeedback.l, /home/test/catkin_ws/devel/share/roseus/ros/franka_gripper/msg/HomingFeedback.l)
Cleaning: (/home/test/catkin_ws/devel/.private/franka_gripper/share/roseus/ros/franka_gripper/msg/GraspActionResult.l, /home/test/catkin_ws/devel/share/roseus/ros/franka_gripper/msg/GraspActionResult.l)
Cleaning: (/home/test/catkin_ws/devel/.private/franka_gripper/share/roseus/ros/franka_gripper/msg/HomingAction.l, /home/test/catkin_ws/devel/share/roseus/ros/franka_gripper/msg/HomingAction.l)
Cleaning: (/home/test/catkin_ws/devel/.private/franka_gripper/lib/libfranka_gripper.so, /home/test/catkin_ws/devel/lib/libfranka_gripper.so)
Cleaning: (/home/test/catkin_ws/devel/.private/franka_gripper/lib/pkgconfig/franka_gripper.pc, /home/test/catkin_ws/devel/lib/pkgconfig/franka_gripper.pc)
Cleaning: (/home/test/catkin_ws/devel/.private/franka_gripper/lib/python3/dist-packages/franka_gripper/__init__.py, /home/test/catkin_ws/devel/lib/python3/dist-packages/franka_gripper/__init__.py)
Cleaning: (/home/test/catkin_ws/devel/.private/franka_gripper/lib/python3/dist-packages/franka_gripper/msg/_GraspActionFeedback.py, /home/test/catkin_ws/devel/lib/python3/dist-packages/franka_gripper/msg/_GraspActionFeedback.py)
Cleaning: (/home/test/catkin_ws/devel/.private/franka_gripper/lib/python3/dist-packages/franka_gripper/msg/_GraspGoal.py, /home/test/catkin_ws/devel/lib/python3/dist-packages/franka_gripper/msg/_GraspGoal.py)
Cleaning: (/home/test/catkin_ws/devel/.private/franka_gripper/lib/python3/dist-packages/franka_gripper/msg/_GraspResult.py, /home/test/catkin_ws/devel/lib/python3/dist-packages/franka_gripper/msg/_GraspResult.py)
Cleaning: (/home/test/catkin_ws/devel/.private/franka_gripper/lib/python3/dist-packages/franka_gripper/msg/_StopGoal.py, /home/test/catkin_ws/devel/lib/python3/dist-packages/franka_gripper/msg/_StopGoal.py)
Cleaning: (/home/test/catkin_ws/devel/.private/franka_gripper/lib/python3/dist-packages/franka_gripper/msg/__init__.py, /home/test/catkin_ws/devel/lib/python3/dist-packages/franka_gripper/msg/__init__.py)
Cleaning: (/home/test/catkin_ws/devel/.private/franka_gripper/lib/python3/dist-packages/franka_gripper/msg/_GraspEpsilon.py, /home/test/catkin_ws/devel/lib/python3/dist-packages/franka_gripper/msg/_GraspEpsilon.py)
Cleaning: (/home/test/catkin_ws/devel/.private/franka_gripper/lib/python3/dist-packages/franka_gripper/msg/_StopActionGoal.py, /home/test/catkin_ws/devel/lib/python3/dist-packages/franka_gripper/msg/_StopActionGoal.py)
Cleaning: (/home/test/catkin_ws/devel/.private/franka_gripper/lib/python3/dist-packages/franka_gripper/msg/_StopResult.py, /home/test/catkin_ws/devel/lib/python3/dist-packages/franka_gripper/msg/_StopResult.py)
Cleaning: (/home/test/catkin_ws/devel/.private/franka_gripper/lib/python3/dist-packages/franka_gripper/msg/_HomingFeedback.py, /home/test/catkin_ws/devel/lib/python3/dist-packages/franka_gripper/msg/_HomingFeedback.py)
Cleaning: (/home/test/catkin_ws/devel/.private/franka_gripper/lib/python3/dist-packages/franka_gripper/msg/_StopAction.py, /home/test/catkin_ws/devel/lib/python3/dist-packages/franka_gripper/msg/_StopAction.py)
Cleaning: (/home/test/catkin_ws/devel/.private/franka_gripper/lib/python3/dist-packages/franka_gripper/msg/_StopActionResult.py, /home/test/catkin_ws/devel/lib/python3/dist-packages/franka_gripper/msg/_StopActionResult.py)
Cleaning: (/home/test/catkin_ws/devel/.private/franka_gripper/lib/python3/dist-packages/franka_gripper/msg/_MoveActionFeedback.py, /home/test/catkin_ws/devel/lib/python3/dist-packages/franka_gripper/msg/_MoveActionFeedback.py)
Cleaning: (/home/test/catkin_ws/devel/.private/franka_gripper/lib/python3/dist-packages/franka_gripper/msg/_HomingActionGoal.py, /home/test/catkin_ws/devel/lib/python3/dist-packages/franka_gripper/msg/_HomingActionGoal.py)
Cleaning: (/home/test/catkin_ws/devel/.private/franka_gripper/lib/python3/dist-packages/franka_gripper/msg/_GraspAction.py, /home/test/catkin_ws/devel/lib/python3/dist-packages/franka_gripper/msg/_GraspAction.py)
Cleaning: (/home/test/catkin_ws/devel/.private/franka_gripper/lib/python3/dist-packages/franka_gripper/msg/_StopFeedback.py, /home/test/catkin_ws/devel/lib/python3/dist-packages/franka_gripper/msg/_StopFeedback.py)
Cleaning: (/home/test/catkin_ws/devel/.private/franka_gripper/lib/python3/dist-packages/franka_gripper/msg/_MoveActionGoal.py, /home/test/catkin_ws/devel/lib/python3/dist-packages/franka_gripper/msg/_MoveActionGoal.py)
Cleaning: (/home/test/catkin_ws/devel/.private/franka_gripper/lib/python3/dist-packages/franka_gripper/msg/_HomingResult.py, /home/test/catkin_ws/devel/lib/python3/dist-packages/franka_gripper/msg/_HomingResult.py)
Cleaning: (/home/test/catkin_ws/devel/.private/franka_gripper/lib/python3/dist-packages/franka_gripper/msg/_GraspFeedback.py, /home/test/catkin_ws/devel/lib/python3/dist-packages/franka_gripper/msg/_GraspFeedback.py)
Cleaning: (/home/test/catkin_ws/devel/.private/franka_gripper/lib/python3/dist-packages/franka_gripper/msg/_GraspActionResult.py, /home/test/catkin_ws/devel/lib/python3/dist-packages/franka_gripper/msg/_GraspActionResult.py)
Cleaning: (/home/test/catkin_ws/devel/.private/franka_gripper/lib/python3/dist-packages/franka_gripper/msg/_HomingGoal.py, /home/test/catkin_ws/devel/lib/python3/dist-packages/franka_gripper/msg/_HomingGoal.py)
Cleaning: (/home/test/catkin_ws/devel/.private/franka_gripper/lib/python3/dist-packages/franka_gripper/msg/_MoveAction.py, /home/test/catkin_ws/devel/lib/python3/dist-packages/franka_gripper/msg/_MoveAction.py)
Cleaning: (/home/test/catkin_ws/devel/.private/franka_gripper/lib/python3/dist-packages/franka_gripper/msg/_StopActionFeedback.py, /home/test/catkin_ws/devel/lib/python3/dist-packages/franka_gripper/msg/_StopActionFeedback.py)
Cleaning: (/home/test/catkin_ws/devel/.private/franka_gripper/lib/python3/dist-packages/franka_gripper/msg/_HomingActionFeedback.py, /home/test/catkin_ws/devel/lib/python3/dist-packages/franka_gripper/msg/_HomingActionFeedback.py)
Cleaning: (/home/test/catkin_ws/devel/.private/franka_gripper/lib/python3/dist-packages/franka_gripper/msg/_MoveResult.py, /home/test/catkin_ws/devel/lib/python3/dist-packages/franka_gripper/msg/_MoveResult.py)
Cleaning: (/home/test/catkin_ws/devel/.private/franka_gripper/lib/python3/dist-packages/franka_gripper/msg/_GraspActionGoal.py, /home/test/catkin_ws/devel/lib/python3/dist-packages/franka_gripper/msg/_GraspActionGoal.py)
Cleaning: (/home/test/catkin_ws/devel/.private/franka_gripper/lib/python3/dist-packages/franka_gripper/msg/_HomingAction.py, /home/test/catkin_ws/devel/lib/python3/dist-packages/franka_gripper/msg/_HomingAction.py)
Cleaning: (/home/test/catkin_ws/devel/.private/franka_gripper/lib/python3/dist-packages/franka_gripper/msg/_MoveGoal.py, /home/test/catkin_ws/devel/lib/python3/dist-packages/franka_gripper/msg/_MoveGoal.py)
Cleaning: (/home/test/catkin_ws/devel/.private/franka_gripper/lib/python3/dist-packages/franka_gripper/msg/_MoveFeedback.py, /home/test/catkin_ws/devel/lib/python3/dist-packages/franka_gripper/msg/_MoveFeedback.py)
Cleaning: (/home/test/catkin_ws/devel/.private/franka_gripper/lib/python3/dist-packages/franka_gripper/msg/_HomingActionResult.py, /home/test/catkin_ws/devel/lib/python3/dist-packages/franka_gripper/msg/_HomingActionResult.py)
Cleaning: (/home/test/catkin_ws/devel/.private/franka_gripper/lib/python3/dist-packages/franka_gripper/msg/_MoveActionResult.py, /home/test/catkin_ws/devel/lib/python3/dist-packages/franka_gripper/msg/_MoveActionResult.py)
Cleaning: (/home/test/catkin_ws/devel/.private/franka_gripper/lib/franka_gripper/franka_gripper_node, /home/test/catkin_ws/devel/lib/franka_gripper/franka_gripper_node)
Unlinking: /home/test/catkin_ws/devel/include/franka_gripper/HomingActionGoal.h
Already unlinked: {}
Unlinking: /home/test/catkin_ws/devel/include/franka_gripper/GraspActionFeedback.h
Already unlinked: {}
Unlinking: /home/test/catkin_ws/devel/include/franka_gripper/StopActionFeedback.h
Already unlinked: {}
Unlinking: /home/test/catkin_ws/devel/include/franka_gripper/HomingActionFeedback.h
Already unlinked: {}
Unlinking: /home/test/catkin_ws/devel/include/franka_gripper/MoveActionGoal.h
Already unlinked: {}
Unlinking: /home/test/catkin_ws/devel/include/franka_gripper/HomingFeedback.h
Already unlinked: {}
Unlinking: /home/test/catkin_ws/devel/include/franka_gripper/StopFeedback.h
Already unlinked: {}
Unlinking: /home/test/catkin_ws/devel/include/franka_gripper/GraspGoal.h
Already unlinked: {}
Unlinking: /home/test/catkin_ws/devel/include/franka_gripper/MoveActionFeedback.h
Already unlinked: {}
Unlinking: /home/test/catkin_ws/devel/include/franka_gripper/MoveAction.h
Already unlinked: {}
Unlinking: /home/test/catkin_ws/devel/include/franka_gripper/MoveActionResult.h
Already unlinked: {}
Unlinking: /home/test/catkin_ws/devel/include/franka_gripper/HomingActionResult.h
Already unlinked: {}
Unlinking: /home/test/catkin_ws/devel/include/franka_gripper/GraspAction.h
Already unlinked: {}
Unlinking: /home/test/catkin_ws/devel/include/franka_gripper/MoveGoal.h
Already unlinked: {}
Unlinking: /home/test/catkin_ws/devel/include/franka_gripper/GraspFeedback.h
Already unlinked: {}
Unlinking: /home/test/catkin_ws/devel/include/franka_gripper/StopAction.h
Already unlinked: {}
Unlinking: /home/test/catkin_ws/devel/include/franka_gripper/GraspActionGoal.h
Already unlinked: {}
Unlinking: /home/test/catkin_ws/devel/include/franka_gripper/StopActionGoal.h
Already unlinked: {}
Unlinking: /home/test/catkin_ws/devel/include/franka_gripper/HomingResult.h
Already unlinked: {}
Unlinking: /home/test/catkin_ws/devel/include/franka_gripper/HomingAction.h
Already unlinked: {}
Unlinking: /home/test/catkin_ws/devel/include/franka_gripper/GraspResult.h
Already unlinked: {}
Unlinking: /home/test/catkin_ws/devel/include/franka_gripper/MoveResult.h
Already unlinked: {}
Unlinking: /home/test/catkin_ws/devel/include/franka_gripper/StopResult.h
Already unlinked: {}
Unlinking: /home/test/catkin_ws/devel/include/franka_gripper/HomingGoal.h
Already unlinked: {}
Unlinking: /home/test/catkin_ws/devel/include/franka_gripper/StopActionResult.h
Already unlinked: {}
Unlinking: /home/test/catkin_ws/devel/include/franka_gripper/GraspActionResult.h
Already unlinked: {}
Unlinking: /home/test/catkin_ws/devel/include/franka_gripper/StopGoal.h
Already unlinked: {}
Unlinking: /home/test/catkin_ws/devel/include/franka_gripper/GraspEpsilon.h
Already unlinked: {}
Unlinking: /home/test/catkin_ws/devel/include/franka_gripper/MoveFeedback.h
Already unlinked: {}
Unlinking: /home/test/catkin_ws/devel/share/common-lisp/ros/franka_gripper/msg/GraspGoal.lisp
Already unlinked: {}
Unlinking: /home/test/catkin_ws/devel/share/common-lisp/ros/franka_gripper/msg/MoveAction.lisp
Already unlinked: {}
Unlinking: /home/test/catkin_ws/devel/share/common-lisp/ros/franka_gripper/msg/_package_MoveResult.lisp
Already unlinked: {}
Unlinking: /home/test/catkin_ws/devel/share/common-lisp/ros/franka_gripper/msg/_package_GraspFeedback.lisp
Already unlinked: {}
Unlinking: /home/test/catkin_ws/devel/share/common-lisp/ros/franka_gripper/msg/_package_MoveActionGoal.lisp
Already unlinked: {}
Unlinking: /home/test/catkin_ws/devel/share/common-lisp/ros/franka_gripper/msg/StopActionResult.lisp
Already unlinked: {}
Unlinking: /home/test/catkin_ws/devel/share/common-lisp/ros/franka_gripper/msg/StopAction.lisp
Already unlinked: {}
Unlinking: /home/test/catkin_ws/devel/share/common-lisp/ros/franka_gripper/msg/GraspFeedback.lisp
Already unlinked: {}
Unlinking: /home/test/catkin_ws/devel/share/common-lisp/ros/franka_gripper/msg/_package_HomingResult.lisp
Already unlinked: {}
Unlinking: /home/test/catkin_ws/devel/share/common-lisp/ros/franka_gripper/msg/_package_MoveAction.lisp
Already unlinked: {}
Unlinking: /home/test/catkin_ws/devel/share/common-lisp/ros/franka_gripper/msg/GraspActionResult.lisp
Already unlinked: {}
Unlinking: /home/test/catkin_ws/devel/share/common-lisp/ros/franka_gripper/msg/HomingResult.lisp
Already unlinked: {}
Unlinking: /home/test/catkin_ws/devel/share/common-lisp/ros/franka_gripper/msg/_package_HomingActionFeedback.lisp
Already unlinked: {}
Unlinking: /home/test/catkin_ws/devel/share/common-lisp/ros/franka_gripper/msg/_package_StopFeedback.lisp
Already unlinked: {}
Unlinking: /home/test/catkin_ws/devel/share/common-lisp/ros/franka_gripper/msg/_package_StopActionFeedback.lisp
Already unlinked: {}
Unlinking: /home/test/catkin_ws/devel/share/common-lisp/ros/franka_gripper/msg/MoveGoal.lisp
Already unlinked: {}
Unlinking: /home/test/catkin_ws/devel/share/common-lisp/ros/franka_gripper/msg/_package_MoveFeedback.lisp
Already unlinked: {}
Unlinking: /home/test/catkin_ws/devel/share/common-lisp/ros/franka_gripper/msg/_package_GraspActionGoal.lisp
Already unlinked: {}
Unlinking: /home/test/catkin_ws/devel/share/common-lisp/ros/franka_gripper/msg/GraspEpsilon.lisp
Already unlinked: {}
Unlinking: /home/test/catkin_ws/devel/share/common-lisp/ros/franka_gripper/msg/_package_HomingActionResult.lisp
Already unlinked: {}
Unlinking: /home/test/catkin_ws/devel/share/common-lisp/ros/franka_gripper/msg/franka_gripper-msg.asd
Already unlinked: {}
Unlinking: /home/test/catkin_ws/devel/share/common-lisp/ros/franka_gripper/msg/_package_StopAction.lisp
Already unlinked: {}
Unlinking: /home/test/catkin_ws/devel/share/common-lisp/ros/franka_gripper/msg/MoveActionGoal.lisp
Already unlinked: {}
Unlinking: /home/test/catkin_ws/devel/share/common-lisp/ros/franka_gripper/msg/GraspAction.lisp
Already unlinked: {}
Unlinking: /home/test/catkin_ws/devel/share/common-lisp/ros/franka_gripper/msg/MoveFeedback.lisp
Already unlinked: {}
Unlinking: /home/test/catkin_ws/devel/share/common-lisp/ros/franka_gripper/msg/_package_HomingGoal.lisp
Already unlinked: {}
Unlinking: /home/test/catkin_ws/devel/share/common-lisp/ros/franka_gripper/msg/StopResult.lisp
Already unlinked: {}
Unlinking: /home/test/catkin_ws/devel/share/common-lisp/ros/franka_gripper/msg/MoveResult.lisp
Already unlinked: {}
Unlinking: /home/test/catkin_ws/devel/share/common-lisp/ros/franka_gripper/msg/HomingActionGoal.lisp
Already unlinked: {}
Unlinking: /home/test/catkin_ws/devel/share/common-lisp/ros/franka_gripper/msg/_package_StopActionResult.lisp
Already unlinked: {}
Unlinking: /home/test/catkin_ws/devel/share/common-lisp/ros/franka_gripper/msg/StopGoal.lisp
Already unlinked: {}
Unlinking: /home/test/catkin_ws/devel/share/common-lisp/ros/franka_gripper/msg/_package_StopActionGoal.lisp
Already unlinked: {}
Unlinking: /home/test/catkin_ws/devel/share/common-lisp/ros/franka_gripper/msg/StopActionGoal.lisp
Already unlinked: {}
Unlinking: /home/test/catkin_ws/devel/share/common-lisp/ros/franka_gripper/msg/_package_StopGoal.lisp
Already unlinked: {}
Unlinking: /home/test/catkin_ws/devel/share/common-lisp/ros/franka_gripper/msg/_package_StopResult.lisp
Already unlinked: {}
Unlinking: /home/test/catkin_ws/devel/share/common-lisp/ros/franka_gripper/msg/HomingAction.lisp
Already unlinked: {}
Unlinking: /home/test/catkin_ws/devel/share/common-lisp/ros/franka_gripper/msg/HomingGoal.lisp
Already unlinked: {}
Unlinking: /home/test/catkin_ws/devel/share/common-lisp/ros/franka_gripper/msg/_package_GraspAction.lisp
Already unlinked: {}
Unlinking: /home/test/catkin_ws/devel/share/common-lisp/ros/franka_gripper/msg/_package.lisp
Already unlinked: {}
Unlinking: /home/test/catkin_ws/devel/share/common-lisp/ros/franka_gripper/msg/HomingActionFeedback.lisp
Already unlinked: {}
Unlinking: /home/test/catkin_ws/devel/share/common-lisp/ros/franka_gripper/msg/_package_GraspActionFeedback.lisp
Already unlinked: {}
Unlinking: /home/test/catkin_ws/devel/share/common-lisp/ros/franka_gripper/msg/StopActionFeedback.lisp
Already unlinked: {}
Unlinking: /home/test/catkin_ws/devel/share/common-lisp/ros/franka_gripper/msg/_package_MoveActionResult.lisp
Already unlinked: {}
Unlinking: /home/test/catkin_ws/devel/share/common-lisp/ros/franka_gripper/msg/_package_HomingAction.lisp
Already unlinked: {}
Unlinking: /home/test/catkin_ws/devel/share/common-lisp/ros/franka_gripper/msg/_package_MoveActionFeedback.lisp
Already unlinked: {}
Unlinking: /home/test/catkin_ws/devel/share/common-lisp/ros/franka_gripper/msg/_package_GraspResult.lisp
Already unlinked: {}
Unlinking: /home/test/catkin_ws/devel/share/common-lisp/ros/franka_gripper/msg/_package_HomingFeedback.lisp
Already unlinked: {}
Unlinking: /home/test/catkin_ws/devel/share/common-lisp/ros/franka_gripper/msg/MoveActionResult.lisp
Already unlinked: {}
Unlinking: /home/test/catkin_ws/devel/share/common-lisp/ros/franka_gripper/msg/GraspActionGoal.lisp
Already unlinked: {}
Unlinking: /home/test/catkin_ws/devel/share/common-lisp/ros/franka_gripper/msg/HomingActionResult.lisp
Already unlinked: {}
Unlinking: /home/test/catkin_ws/devel/share/common-lisp/ros/franka_gripper/msg/_package_HomingActionGoal.lisp
Already unlinked: {}
Unlinking: /home/test/catkin_ws/devel/share/common-lisp/ros/franka_gripper/msg/GraspActionFeedback.lisp
Already unlinked: {}
Unlinking: /home/test/catkin_ws/devel/share/common-lisp/ros/franka_gripper/msg/HomingFeedback.lisp
Already unlinked: {}
Unlinking: /home/test/catkin_ws/devel/share/common-lisp/ros/franka_gripper/msg/GraspResult.lisp
Already unlinked: {}
Unlinking: /home/test/catkin_ws/devel/share/common-lisp/ros/franka_gripper/msg/_package_MoveGoal.lisp
Already unlinked: {}
Unlinking: /home/test/catkin_ws/devel/share/common-lisp/ros/franka_gripper/msg/MoveActionFeedback.lisp
Already unlinked: {}
Unlinking: /home/test/catkin_ws/devel/share/common-lisp/ros/franka_gripper/msg/_package_GraspEpsilon.lisp
Already unlinked: {}
Unlinking: /home/test/catkin_ws/devel/share/common-lisp/ros/franka_gripper/msg/_package_GraspActionResult.lisp
Already unlinked: {}
Unlinking: /home/test/catkin_ws/devel/share/common-lisp/ros/franka_gripper/msg/_package_GraspGoal.lisp
Already unlinked: {}
Unlinking: /home/test/catkin_ws/devel/share/common-lisp/ros/franka_gripper/msg/StopFeedback.lisp
Already unlinked: {}
Unlinking: /home/test/catkin_ws/devel/share/gennodejs/ros/franka_gripper/_index.js
Already unlinked: {}
Unlinking: /home/test/catkin_ws/devel/share/gennodejs/ros/franka_gripper/msg/GraspFeedback.js
Already unlinked: {}
Unlinking: /home/test/catkin_ws/devel/share/gennodejs/ros/franka_gripper/msg/StopFeedback.js
Already unlinked: {}
Unlinking: /home/test/catkin_ws/devel/share/gennodejs/ros/franka_gripper/msg/StopAction.js
Already unlinked: {}
Unlinking: /home/test/catkin_ws/devel/share/gennodejs/ros/franka_gripper/msg/StopActionGoal.js
Already unlinked: {}
Unlinking: /home/test/catkin_ws/devel/share/gennodejs/ros/franka_gripper/msg/StopResult.js
Already unlinked: {}
Unlinking: /home/test/catkin_ws/devel/share/gennodejs/ros/franka_gripper/msg/GraspEpsilon.js
Already unlinked: {}
Unlinking: /home/test/catkin_ws/devel/share/gennodejs/ros/franka_gripper/msg/GraspActionFeedback.js
Already unlinked: {}
Unlinking: /home/test/catkin_ws/devel/share/gennodejs/ros/franka_gripper/msg/HomingResult.js
Already unlinked: {}
Unlinking: /home/test/catkin_ws/devel/share/gennodejs/ros/franka_gripper/msg/MoveFeedback.js
Already unlinked: {}
Unlinking: /home/test/catkin_ws/devel/share/gennodejs/ros/franka_gripper/msg/GraspResult.js
Already unlinked: {}
Unlinking: /home/test/catkin_ws/devel/share/gennodejs/ros/franka_gripper/msg/HomingAction.js
Already unlinked: {}
Unlinking: /home/test/catkin_ws/devel/share/gennodejs/ros/franka_gripper/msg/MoveActionGoal.js
Already unlinked: {}
Unlinking: /home/test/catkin_ws/devel/share/gennodejs/ros/franka_gripper/msg/MoveAction.js
Already unlinked: {}
Unlinking: /home/test/catkin_ws/devel/share/gennodejs/ros/franka_gripper/msg/MoveResult.js
Already unlinked: {}
Unlinking: /home/test/catkin_ws/devel/share/gennodejs/ros/franka_gripper/msg/MoveGoal.js
Already unlinked: {}
Unlinking: /home/test/catkin_ws/devel/share/gennodejs/ros/franka_gripper/msg/GraspGoal.js
Already unlinked: {}
Unlinking: /home/test/catkin_ws/devel/share/gennodejs/ros/franka_gripper/msg/_index.js
Already unlinked: {}
Unlinking: /home/test/catkin_ws/devel/share/gennodejs/ros/franka_gripper/msg/HomingActionFeedback.js
Already unlinked: {}
Unlinking: /home/test/catkin_ws/devel/share/gennodejs/ros/franka_gripper/msg/HomingGoal.js
Already unlinked: {}
Unlinking: /home/test/catkin_ws/devel/share/gennodejs/ros/franka_gripper/msg/StopActionFeedback.js
Already unlinked: {}
Unlinking: /home/test/catkin_ws/devel/share/gennodejs/ros/franka_gripper/msg/MoveActionFeedback.js
Already unlinked: {}
Unlinking: /home/test/catkin_ws/devel/share/gennodejs/ros/franka_gripper/msg/StopActionResult.js
Already unlinked: {}
Unlinking: /home/test/catkin_ws/devel/share/gennodejs/ros/franka_gripper/msg/MoveActionResult.js
Already unlinked: {}
Unlinking: /home/test/catkin_ws/devel/share/gennodejs/ros/franka_gripper/msg/HomingActionResult.js
Already unlinked: {}
Unlinking: /home/test/catkin_ws/devel/share/gennodejs/ros/franka_gripper/msg/StopGoal.js
Already unlinked: {}
Unlinking: /home/test/catkin_ws/devel/share/gennodejs/ros/franka_gripper/msg/GraspActionResult.js
Already unlinked: {}
Unlinking: /home/test/catkin_ws/devel/share/gennodejs/ros/franka_gripper/msg/GraspActionGoal.js
Already unlinked: {}
Unlinking: /home/test/catkin_ws/devel/share/gennodejs/ros/franka_gripper/msg/GraspAction.js
Already unlinked: {}
Unlinking: /home/test/catkin_ws/devel/share/gennodejs/ros/franka_gripper/msg/HomingActionGoal.js
Already unlinked: {}
Unlinking: /home/test/catkin_ws/devel/share/gennodejs/ros/franka_gripper/msg/HomingFeedback.js
Already unlinked: {}
Unlinking: /home/test/catkin_ws/devel/share/franka_gripper/cmake/franka_gripper-msg-paths.cmake
Already unlinked: {}
Unlinking: /home/test/catkin_ws/devel/share/franka_gripper/cmake/franka_gripperConfig-version.cmake
Already unlinked: {}
Unlinking: /home/test/catkin_ws/devel/share/franka_gripper/cmake/franka_gripperConfig.cmake
Already unlinked: {}
Unlinking: /home/test/catkin_ws/devel/share/franka_gripper/cmake/franka_gripper-msg-extras.cmake
Already unlinked: {}
Unlinking: /home/test/catkin_ws/devel/share/franka_gripper/msg/HomingActionResult.msg
Already unlinked: {}
Unlinking: /home/test/catkin_ws/devel/share/franka_gripper/msg/GraspGoal.msg
Already unlinked: {}
Unlinking: /home/test/catkin_ws/devel/share/franka_gripper/msg/HomingActionFeedback.msg
Already unlinked: {}
Unlinking: /home/test/catkin_ws/devel/share/franka_gripper/msg/HomingFeedback.msg
Already unlinked: {}
Unlinking: /home/test/catkin_ws/devel/share/franka_gripper/msg/MoveActionGoal.msg
Already unlinked: {}
Unlinking: /home/test/catkin_ws/devel/share/franka_gripper/msg/StopAction.msg
Already unlinked: {}
Unlinking: /home/test/catkin_ws/devel/share/franka_gripper/msg/GraspResult.msg
Already unlinked: {}
Unlinking: /home/test/catkin_ws/devel/share/franka_gripper/msg/MoveFeedback.msg
Already unlinked: {}
Unlinking: /home/test/catkin_ws/devel/share/franka_gripper/msg/HomingResult.msg
Already unlinked: {}
Unlinking: /home/test/catkin_ws/devel/share/franka_gripper/msg/GraspActionResult.msg
Already unlinked: {}
Unlinking: /home/test/catkin_ws/devel/share/franka_gripper/msg/StopFeedback.msg
Already unlinked: {}
Unlinking: /home/test/catkin_ws/devel/share/franka_gripper/msg/StopActionFeedback.msg
Already unlinked: {}
Unlinking: /home/test/catkin_ws/devel/share/franka_gripper/msg/MoveActionFeedback.msg
Already unlinked: {}
Unlinking: /home/test/catkin_ws/devel/share/franka_gripper/msg/GraspAction.msg
Already unlinked: {}
Unlinking: /home/test/catkin_ws/devel/share/franka_gripper/msg/StopGoal.msg
Already unlinked: {}
Unlinking: /home/test/catkin_ws/devel/share/franka_gripper/msg/StopActionResult.msg
Already unlinked: {}
Unlinking: /home/test/catkin_ws/devel/share/franka_gripper/msg/HomingGoal.msg
Already unlinked: {}
Unlinking: /home/test/catkin_ws/devel/share/franka_gripper/msg/MoveAction.msg
Already unlinked: {}
Unlinking: /home/test/catkin_ws/devel/share/franka_gripper/msg/HomingActionGoal.msg
Already unlinked: {}
Unlinking: /home/test/catkin_ws/devel/share/franka_gripper/msg/GraspActionGoal.msg
Already unlinked: {}
Unlinking: /home/test/catkin_ws/devel/share/franka_gripper/msg/StopResult.msg
Already unlinked: {}
Unlinking: /home/test/catkin_ws/devel/share/franka_gripper/msg/MoveResult.msg
Already unlinked: {}
Unlinking: /home/test/catkin_ws/devel/share/franka_gripper/msg/MoveActionResult.msg
Already unlinked: {}
Unlinking: /home/test/catkin_ws/devel/share/franka_gripper/msg/StopActionGoal.msg
Already unlinked: {}
Unlinking: /home/test/catkin_ws/devel/share/franka_gripper/msg/MoveGoal.msg
Already unlinked: {}
Unlinking: /home/test/catkin_ws/devel/share/franka_gripper/msg/HomingAction.msg
Already unlinked: {}
Unlinking: /home/test/catkin_ws/devel/share/franka_gripper/msg/GraspActionFeedback.msg
Already unlinked: {}
Unlinking: /home/test/catkin_ws/devel/share/franka_gripper/msg/GraspFeedback.msg
Already unlinked: {}
Unlinking: /home/test/catkin_ws/devel/share/roseus/ros/franka_gripper/manifest.l
Already unlinked: {}
Unlinking: /home/test/catkin_ws/devel/share/roseus/ros/franka_gripper/msg/StopActionResult.l
Already unlinked: {}
Unlinking: /home/test/catkin_ws/devel/share/roseus/ros/franka_gripper/msg/MoveGoal.l
Already unlinked: {}
Unlinking: /home/test/catkin_ws/devel/share/roseus/ros/franka_gripper/msg/GraspActionFeedback.l
Already unlinked: {}
Unlinking: /home/test/catkin_ws/devel/share/roseus/ros/franka_gripper/msg/StopActionGoal.l
Already unlinked: {}
Unlinking: /home/test/catkin_ws/devel/share/roseus/ros/franka_gripper/msg/GraspActionGoal.l
Already unlinked: {}
Unlinking: /home/test/catkin_ws/devel/share/roseus/ros/franka_gripper/msg/GraspGoal.l
Already unlinked: {}
Unlinking: /home/test/catkin_ws/devel/share/roseus/ros/franka_gripper/msg/StopAction.l
Already unlinked: {}
Unlinking: /home/test/catkin_ws/devel/share/roseus/ros/franka_gripper/msg/GraspAction.l
Already unlinked: {}
Unlinking: /home/test/catkin_ws/devel/share/roseus/ros/franka_gripper/msg/MoveFeedback.l
Already unlinked: {}
Unlinking: /home/test/catkin_ws/devel/share/roseus/ros/franka_gripper/msg/MoveActionFeedback.l
Already unlinked: {}
Unlinking: /home/test/catkin_ws/devel/share/roseus/ros/franka_gripper/msg/HomingResult.l
Already unlinked: {}
Unlinking: /home/test/catkin_ws/devel/share/roseus/ros/franka_gripper/msg/HomingActionResult.l
Already unlinked: {}
Unlinking: /home/test/catkin_ws/devel/share/roseus/ros/franka_gripper/msg/MoveResult.l
Already unlinked: {}
Unlinking: /home/test/catkin_ws/devel/share/roseus/ros/franka_gripper/msg/MoveActionGoal.l
Already unlinked: {}
Unlinking: /home/test/catkin_ws/devel/share/roseus/ros/franka_gripper/msg/StopGoal.l
Already unlinked: {}
Unlinking: /home/test/catkin_ws/devel/share/roseus/ros/franka_gripper/msg/GraspEpsilon.l
Already unlinked: {}
Unlinking: /home/test/catkin_ws/devel/share/roseus/ros/franka_gripper/msg/MoveAction.l
Already unlinked: {}
Unlinking: /home/test/catkin_ws/devel/share/roseus/ros/franka_gripper/msg/StopFeedback.l
Already unlinked: {}
Unlinking: /home/test/catkin_ws/devel/share/roseus/ros/franka_gripper/msg/HomingActionGoal.l
Already unlinked: {}
Unlinking: /home/test/catkin_ws/devel/share/roseus/ros/franka_gripper/msg/HomingGoal.l
Already unlinked: {}
Unlinking: /home/test/catkin_ws/devel/share/roseus/ros/franka_gripper/msg/GraspResult.l
Already unlinked: {}
Unlinking: /home/test/catkin_ws/devel/share/roseus/ros/franka_gripper/msg/StopActionFeedback.l
Already unlinked: {}
Unlinking: /home/test/catkin_ws/devel/share/roseus/ros/franka_gripper/msg/MoveActionResult.l
Already unlinked: {}
Unlinking: /home/test/catkin_ws/devel/share/roseus/ros/franka_gripper/msg/StopResult.l
Already unlinked: {}
Unlinking: /home/test/catkin_ws/devel/share/roseus/ros/franka_gripper/msg/HomingActionFeedback.l
Already unlinked: {}
Unlinking: /home/test/catkin_ws/devel/share/roseus/ros/franka_gripper/msg/GraspFeedback.l
Already unlinked: {}
Unlinking: /home/test/catkin_ws/devel/share/roseus/ros/franka_gripper/msg/HomingFeedback.l
Already unlinked: {}
Unlinking: /home/test/catkin_ws/devel/share/roseus/ros/franka_gripper/msg/GraspActionResult.l
Already unlinked: {}
Unlinking: /home/test/catkin_ws/devel/share/roseus/ros/franka_gripper/msg/HomingAction.l
Already unlinked: {}
Unlinking: /home/test/catkin_ws/devel/lib/libfranka_gripper.so
Already unlinked: {}
Unlinking: /home/test/catkin_ws/devel/lib/pkgconfig/franka_gripper.pc
Already unlinked: {}
Unlinking: /home/test/catkin_ws/devel/lib/python3/dist-packages/franka_gripper/__init__.py
Already unlinked: {}
Unlinking: /home/test/catkin_ws/devel/lib/python3/dist-packages/franka_gripper/msg/_GraspActionFeedback.py
Already unlinked: {}
Unlinking: /home/test/catkin_ws/devel/lib/python3/dist-packages/franka_gripper/msg/_GraspGoal.py
Already unlinked: {}
Unlinking: /home/test/catkin_ws/devel/lib/python3/dist-packages/franka_gripper/msg/_GraspResult.py
Already unlinked: {}
Unlinking: /home/test/catkin_ws/devel/lib/python3/dist-packages/franka_gripper/msg/_StopGoal.py
Already unlinked: {}
Unlinking: /home/test/catkin_ws/devel/lib/python3/dist-packages/franka_gripper/msg/__init__.py
Already unlinked: {}
Unlinking: /home/test/catkin_ws/devel/lib/python3/dist-packages/franka_gripper/msg/_GraspEpsilon.py
Already unlinked: {}
Unlinking: /home/test/catkin_ws/devel/lib/python3/dist-packages/franka_gripper/msg/_StopActionGoal.py
Already unlinked: {}
Unlinking: /home/test/catkin_ws/devel/lib/python3/dist-packages/franka_gripper/msg/_StopResult.py
Already unlinked: {}
Unlinking: /home/test/catkin_ws/devel/lib/python3/dist-packages/franka_gripper/msg/_HomingFeedback.py
Already unlinked: {}
Unlinking: /home/test/catkin_ws/devel/lib/python3/dist-packages/franka_gripper/msg/_StopAction.py
Already unlinked: {}
Unlinking: /home/test/catkin_ws/devel/lib/python3/dist-packages/franka_gripper/msg/_StopActionResult.py
Already unlinked: {}
Unlinking: /home/test/catkin_ws/devel/lib/python3/dist-packages/franka_gripper/msg/_MoveActionFeedback.py
Already unlinked: {}
Unlinking: /home/test/catkin_ws/devel/lib/python3/dist-packages/franka_gripper/msg/_HomingActionGoal.py
Already unlinked: {}
Unlinking: /home/test/catkin_ws/devel/lib/python3/dist-packages/franka_gripper/msg/_GraspAction.py
Already unlinked: {}
Unlinking: /home/test/catkin_ws/devel/lib/python3/dist-packages/franka_gripper/msg/_StopFeedback.py
Already unlinked: {}
Unlinking: /home/test/catkin_ws/devel/lib/python3/dist-packages/franka_gripper/msg/_MoveActionGoal.py
Already unlinked: {}
Unlinking: /home/test/catkin_ws/devel/lib/python3/dist-packages/franka_gripper/msg/_HomingResult.py
Already unlinked: {}
Unlinking: /home/test/catkin_ws/devel/lib/python3/dist-packages/franka_gripper/msg/_GraspFeedback.py
Already unlinked: {}
Unlinking: /home/test/catkin_ws/devel/lib/python3/dist-packages/franka_gripper/msg/_GraspActionResult.py
Already unlinked: {}
Unlinking: /home/test/catkin_ws/devel/lib/python3/dist-packages/franka_gripper/msg/_HomingGoal.py
Already unlinked: {}
Unlinking: /home/test/catkin_ws/devel/lib/python3/dist-packages/franka_gripper/msg/_MoveAction.py
Already unlinked: {}
Unlinking: /home/test/catkin_ws/devel/lib/python3/dist-packages/franka_gripper/msg/_StopActionFeedback.py
Already unlinked: {}
Unlinking: /home/test/catkin_ws/devel/lib/python3/dist-packages/franka_gripper/msg/_HomingActionFeedback.py
Already unlinked: {}
Unlinking: /home/test/catkin_ws/devel/lib/python3/dist-packages/franka_gripper/msg/_MoveResult.py
Already unlinked: {}
Unlinking: /home/test/catkin_ws/devel/lib/python3/dist-packages/franka_gripper/msg/_GraspActionGoal.py
Already unlinked: {}
Unlinking: /home/test/catkin_ws/devel/lib/python3/dist-packages/franka_gripper/msg/_HomingAction.py
Already unlinked: {}
Unlinking: /home/test/catkin_ws/devel/lib/python3/dist-packages/franka_gripper/msg/_MoveGoal.py
Already unlinked: {}
Unlinking: /home/test/catkin_ws/devel/lib/python3/dist-packages/franka_gripper/msg/_MoveFeedback.py
Already unlinked: {}
Unlinking: /home/test/catkin_ws/devel/lib/python3/dist-packages/franka_gripper/msg/_HomingActionResult.py
Already unlinked: {}
Unlinking: /home/test/catkin_ws/devel/lib/python3/dist-packages/franka_gripper/msg/_MoveActionResult.py
Already unlinked: {}
Unlinking: /home/test/catkin_ws/devel/lib/franka_gripper/franka_gripper_node
Already unlinked: {}
