Symlinking /home/perception/catkin_ws/devel/share/franka_control/cmake/franka_controlConfig.cmake
Symlinking /home/perception/catkin_ws/devel/share/franka_control/cmake/franka_controlConfig-version.cmake
Symlinking /home/perception/catkin_ws/devel/lib/libfranka_state_controller.so
Symlinking /home/perception/catkin_ws/devel/lib/pkgconfig/franka_control.pc
Symlinking /home/perception/catkin_ws/devel/lib/franka_control/franka_combined_control_node
Symlinking /home/perception/catkin_ws/devel/lib/franka_control/franka_control_node
Cleaning: (/home/test/catkin_ws/devel/.private/franka_control/cmake.lock, /home/test/catkin_ws/devel/./cmake.lock)
Cleaning: (/home/test/catkin_ws/devel/.private/franka_control/share/franka_control/cmake/franka_controlConfig.cmake, /home/test/catkin_ws/devel/share/franka_control/cmake/franka_controlConfig.cmake)
Cleaning: (/home/test/catkin_ws/devel/.private/franka_control/share/franka_control/cmake/franka_controlConfig-version.cmake, /home/test/catkin_ws/devel/share/franka_control/cmake/franka_controlConfig-version.cmake)
Cleaning: (/home/test/catkin_ws/devel/.private/franka_control/lib/libfranka_state_controller.so, /home/test/catkin_ws/devel/lib/libfranka_state_controller.so)
Cleaning: (/home/test/catkin_ws/devel/.private/franka_control/lib/pkgconfig/franka_control.pc, /home/test/catkin_ws/devel/lib/pkgconfig/franka_control.pc)
Cleaning: (/home/test/catkin_ws/devel/.private/franka_control/lib/franka_control/franka_combined_control_node, /home/test/catkin_ws/devel/lib/franka_control/franka_combined_control_node)
Cleaning: (/home/test/catkin_ws/devel/.private/franka_control/lib/franka_control/franka_control_node, /home/test/catkin_ws/devel/lib/franka_control/franka_control_node)
Unlinking: /home/test/catkin_ws/devel/share/franka_control/cmake/franka_controlConfig.cmake
Already unlinked: {}
Unlinking: /home/test/catkin_ws/devel/share/franka_control/cmake/franka_controlConfig-version.cmake
Already unlinked: {}
Unlinking: /home/test/catkin_ws/devel/lib/libfranka_state_controller.so
Already unlinked: {}
Unlinking: /home/test/catkin_ws/devel/lib/pkgconfig/franka_control.pc
Already unlinked: {}
Unlinking: /home/test/catkin_ws/devel/lib/franka_control/franka_combined_control_node
Already unlinked: {}
Unlinking: /home/test/catkin_ws/devel/lib/franka_control/franka_control_node
Already unlinked: {}
