Symlinking /home/perception/catkin_ws/devel/share/franka_hw/cmake/franka_hwConfig-version.cmake
Symlinking /home/perception/catkin_ws/devel/share/franka_hw/cmake/franka_hwConfig.cmake
Symlinking /home/perception/catkin_ws/devel/lib/libfranka_hw.so
Symlinking /home/perception/catkin_ws/devel/lib/libfranka_control_services.so
Symlinking /home/perception/catkin_ws/devel/lib/pkgconfig/franka_hw.pc
Cleaning: (/home/test/catkin_ws/devel/.private/franka_hw/cmake.lock, /home/test/catkin_ws/devel/./cmake.lock)
Cleaning: (/home/test/catkin_ws/devel/.private/franka_hw/share/franka_hw/cmake/franka_hwConfig.cmake, /home/test/catkin_ws/devel/share/franka_hw/cmake/franka_hwConfig.cmake)
Cleaning: (/home/test/catkin_ws/devel/.private/franka_hw/share/franka_hw/cmake/franka_hwConfig-version.cmake, /home/test/catkin_ws/devel/share/franka_hw/cmake/franka_hwConfig-version.cmake)
Cleaning: (/home/test/catkin_ws/devel/.private/franka_hw/lib/libfranka_control_services.so, /home/test/catkin_ws/devel/lib/libfranka_control_services.so)
Cleaning: (/home/test/catkin_ws/devel/.private/franka_hw/lib/libfranka_hw.so, /home/test/catkin_ws/devel/lib/libfranka_hw.so)
Cleaning: (/home/test/catkin_ws/devel/.private/franka_hw/lib/pkgconfig/franka_hw.pc, /home/test/catkin_ws/devel/lib/pkgconfig/franka_hw.pc)
Unlinking: /home/test/catkin_ws/devel/share/franka_hw/cmake/franka_hwConfig.cmake
Already unlinked: {}
Unlinking: /home/test/catkin_ws/devel/share/franka_hw/cmake/franka_hwConfig-version.cmake
Already unlinked: {}
Unlinking: /home/test/catkin_ws/devel/lib/libfranka_control_services.so
Already unlinked: {}
Unlinking: /home/test/catkin_ws/devel/lib/libfranka_hw.so
Already unlinked: {}
Unlinking: /home/test/catkin_ws/devel/lib/pkgconfig/franka_hw.pc
Already unlinked: {}
