Symlinking /home/perception/catkin_ws/devel/share/panda_simulator_examples/cmake/panda_simulator_examplesConfig.cmake
Symlinking /home/perception/catkin_ws/devel/share/panda_simulator_examples/cmake/panda_simulator_examplesConfig-version.cmake
Symlinking /home/perception/catkin_ws/devel/lib/panda_simulator_examples/cmake.lock
Symlinking /home/perception/catkin_ws/devel/lib/panda_simulator_examples/task_space_control_using_sim_only.py
Symlinking /home/perception/catkin_ws/devel/lib/panda_simulator_examples/move_robot.py
Symlinking /home/perception/catkin_ws/devel/lib/panda_simulator_examples/task_space_control_with_fri.py
Symlinking /home/perception/catkin_ws/devel/lib/pkgconfig/panda_simulator_examples.pc
Cleaning: (/home/test/catkin_ws/devel/.private/panda_simulator_examples/cmake.lock, /home/test/catkin_ws/devel/./cmake.lock)
Cleaning: (/home/test/catkin_ws/devel/.private/panda_simulator_examples/share/panda_simulator_examples/cmake/panda_simulator_examplesConfig.cmake, /home/test/catkin_ws/devel/share/panda_simulator_examples/cmake/panda_simulator_examplesConfig.cmake)
Cleaning: (/home/test/catkin_ws/devel/.private/panda_simulator_examples/share/panda_simulator_examples/cmake/panda_simulator_examplesConfig-version.cmake, /home/test/catkin_ws/devel/share/panda_simulator_examples/cmake/panda_simulator_examplesConfig-version.cmake)
Cleaning: (/home/test/catkin_ws/devel/.private/panda_simulator_examples/lib/pkgconfig/panda_simulator_examples.pc, /home/test/catkin_ws/devel/lib/pkgconfig/panda_simulator_examples.pc)
Cleaning: (/home/test/catkin_ws/devel/.private/panda_simulator_examples/lib/panda_simulator_examples/task_space_control_using_sim_only.py, /home/test/catkin_ws/devel/lib/panda_simulator_examples/task_space_control_using_sim_only.py)
Cleaning: (/home/test/catkin_ws/devel/.private/panda_simulator_examples/lib/panda_simulator_examples/cmake.lock, /home/test/catkin_ws/devel/lib/panda_simulator_examples/cmake.lock)
Cleaning: (/home/test/catkin_ws/devel/.private/panda_simulator_examples/lib/panda_simulator_examples/task_space_control_with_fri.py, /home/test/catkin_ws/devel/lib/panda_simulator_examples/task_space_control_with_fri.py)
Cleaning: (/home/test/catkin_ws/devel/.private/panda_simulator_examples/lib/panda_simulator_examples/move_robot.py, /home/test/catkin_ws/devel/lib/panda_simulator_examples/move_robot.py)
Unlinking: /home/test/catkin_ws/devel/share/panda_simulator_examples/cmake/panda_simulator_examplesConfig.cmake
Already unlinked: {}
Unlinking: /home/test/catkin_ws/devel/share/panda_simulator_examples/cmake/panda_simulator_examplesConfig-version.cmake
Already unlinked: {}
Unlinking: /home/test/catkin_ws/devel/lib/pkgconfig/panda_simulator_examples.pc
Already unlinked: {}
Unlinking: /home/test/catkin_ws/devel/lib/panda_simulator_examples/task_space_control_using_sim_only.py
Already unlinked: {}
Unlinking: /home/test/catkin_ws/devel/lib/panda_simulator_examples/cmake.lock
Already unlinked: {}
Unlinking: /home/test/catkin_ws/devel/lib/panda_simulator_examples/task_space_control_with_fri.py
Already unlinked: {}
Unlinking: /home/test/catkin_ws/devel/lib/panda_simulator_examples/move_robot.py
Already unlinked: {}
