Symlinking /home/perception/catkin_ws/devel/share/franka_moveit/cmake/franka_moveitConfig.cmake
Symlinking /home/perception/catkin_ws/devel/share/franka_moveit/cmake/franka_moveitConfig-version.cmake
Symlinking /home/perception/catkin_ws/devel/lib/pkgconfig/franka_moveit.pc
Symlinking /home/perception/catkin_ws/devel/lib/franka_moveit/cmake.lock
Symlinking /home/perception/catkin_ws/devel/lib/franka_moveit/test_scene_interface.py
Symlinking /home/perception/catkin_ws/devel/lib/franka_moveit/create_demo_planning_scene.py
Symlinking /home/perception/catkin_ws/devel/lib/python3/dist-packages/franka_moveit/__init__.py
Cleaning: (/home/test/catkin_ws/devel/.private/franka_moveit/cmake.lock, /home/test/catkin_ws/devel/./cmake.lock)
Cleaning: (/home/test/catkin_ws/devel/.private/franka_moveit/share/franka_moveit/cmake/franka_moveitConfig.cmake, /home/test/catkin_ws/devel/share/franka_moveit/cmake/franka_moveitConfig.cmake)
Cleaning: (/home/test/catkin_ws/devel/.private/franka_moveit/share/franka_moveit/cmake/franka_moveitConfig-version.cmake, /home/test/catkin_ws/devel/share/franka_moveit/cmake/franka_moveitConfig-version.cmake)
Cleaning: (/home/test/catkin_ws/devel/.private/franka_moveit/lib/pkgconfig/franka_moveit.pc, /home/test/catkin_ws/devel/lib/pkgconfig/franka_moveit.pc)
Cleaning: (/home/test/catkin_ws/devel/.private/franka_moveit/lib/python3/dist-packages/franka_moveit/__init__.py, /home/test/catkin_ws/devel/lib/python3/dist-packages/franka_moveit/__init__.py)
Cleaning: (/home/test/catkin_ws/devel/.private/franka_moveit/lib/franka_moveit/test_scene_interface.py, /home/test/catkin_ws/devel/lib/franka_moveit/test_scene_interface.py)
Cleaning: (/home/test/catkin_ws/devel/.private/franka_moveit/lib/franka_moveit/cmake.lock, /home/test/catkin_ws/devel/lib/franka_moveit/cmake.lock)
Cleaning: (/home/test/catkin_ws/devel/.private/franka_moveit/lib/franka_moveit/create_demo_planning_scene.py, /home/test/catkin_ws/devel/lib/franka_moveit/create_demo_planning_scene.py)
Unlinking: /home/test/catkin_ws/devel/share/franka_moveit/cmake/franka_moveitConfig.cmake
Already unlinked: {}
Unlinking: /home/test/catkin_ws/devel/share/franka_moveit/cmake/franka_moveitConfig-version.cmake
Already unlinked: {}
Unlinking: /home/test/catkin_ws/devel/lib/pkgconfig/franka_moveit.pc
Already unlinked: {}
Unlinking: /home/test/catkin_ws/devel/lib/python3/dist-packages/franka_moveit/__init__.py
Already unlinked: {}
Unlinking: /home/test/catkin_ws/devel/lib/franka_moveit/test_scene_interface.py
Already unlinked: {}
Unlinking: /home/test/catkin_ws/devel/lib/franka_moveit/cmake.lock
Already unlinked: {}
Unlinking: /home/test/catkin_ws/devel/lib/franka_moveit/create_demo_planning_scene.py
Already unlinked: {}
