Symlinking /home/perception/catkin_ws/devel/share/pick_and_place/cmake/pick_and_place-msg-extras.cmake
Symlinking /home/perception/catkin_ws/devel/share/pick_and_place/cmake/pick_and_placeConfig.cmake
Symlinking /home/perception/catkin_ws/devel/share/pick_and_place/cmake/pick_and_place-msg-paths.cmake
Symlinking /home/perception/catkin_ws/devel/share/pick_and_place/cmake/pick_and_placeConfig-version.cmake
Symlinking /home/perception/catkin_ws/devel/share/common-lisp/ros/pick_and_place/msg/_package.lisp
Symlinking /home/perception/catkin_ws/devel/share/common-lisp/ros/pick_and_place/msg/DetectedObject.lisp
Symlinking /home/perception/catkin_ws/devel/share/common-lisp/ros/pick_and_place/msg/DetectedObjectsStamped.lisp
Symlinking /home/perception/catkin_ws/devel/share/common-lisp/ros/pick_and_place/msg/pick_and_place-msg.asd
Symlinking /home/perception/catkin_ws/devel/share/common-lisp/ros/pick_and_place/msg/_package_DetectedObject.lisp
Symlinking /home/perception/catkin_ws/devel/share/common-lisp/ros/pick_and_place/msg/_package_DetectedObjectsStamped.lisp
Symlinking /home/perception/catkin_ws/devel/share/gennodejs/ros/pick_and_place/_index.js
Symlinking /home/perception/catkin_ws/devel/share/gennodejs/ros/pick_and_place/msg/_index.js
Symlinking /home/perception/catkin_ws/devel/share/gennodejs/ros/pick_and_place/msg/DetectedObject.js
Symlinking /home/perception/catkin_ws/devel/share/gennodejs/ros/pick_and_place/msg/DetectedObjectsStamped.js
Symlinking /home/perception/catkin_ws/devel/share/roseus/ros/pick_and_place/manifest.l
Symlinking /home/perception/catkin_ws/devel/share/roseus/ros/pick_and_place/msg/DetectedObject.l
Symlinking /home/perception/catkin_ws/devel/share/roseus/ros/pick_and_place/msg/DetectedObjectsStamped.l
Symlinking /home/perception/catkin_ws/devel/lib/pkgconfig/pick_and_place.pc
Symlinking /home/perception/catkin_ws/devel/lib/python3/dist-packages/pick_and_place/__init__.py
Symlinking /home/perception/catkin_ws/devel/lib/python3/dist-packages/pick_and_place/msg/_DetectedObject.py
Symlinking /home/perception/catkin_ws/devel/lib/python3/dist-packages/pick_and_place/msg/_DetectedObjectsStamped.py
Symlinking /home/perception/catkin_ws/devel/lib/python3/dist-packages/pick_and_place/msg/__init__.py
Symlinking /home/perception/catkin_ws/devel/include/pick_and_place/DetectedObjectsStamped.h
Symlinking /home/perception/catkin_ws/devel/include/pick_and_place/DetectedObject.h
Cleaning: (/home/test/catkin_ws/devel/.private/pick_and_place/cmake.lock, /home/test/catkin_ws/devel/./cmake.lock)
Cleaning: (/home/test/catkin_ws/devel/.private/pick_and_place/include/pick_and_place/DetectedObjectsStamped.h, /home/test/catkin_ws/devel/include/pick_and_place/DetectedObjectsStamped.h)
Cleaning: (/home/test/catkin_ws/devel/.private/pick_and_place/include/pick_and_place/DetectedObject.h, /home/test/catkin_ws/devel/include/pick_and_place/DetectedObject.h)
Cleaning: (/home/test/catkin_ws/devel/.private/pick_and_place/share/common-lisp/ros/pick_and_place/msg/DetectedObjectsStamped.lisp, /home/test/catkin_ws/devel/share/common-lisp/ros/pick_and_place/msg/DetectedObjectsStamped.lisp)
Cleaning: (/home/test/catkin_ws/devel/.private/pick_and_place/share/common-lisp/ros/pick_and_place/msg/DetectedObject.lisp, /home/test/catkin_ws/devel/share/common-lisp/ros/pick_and_place/msg/DetectedObject.lisp)
Cleaning: (/home/test/catkin_ws/devel/.private/pick_and_place/share/common-lisp/ros/pick_and_place/msg/_package_DetectedObject.lisp, /home/test/catkin_ws/devel/share/common-lisp/ros/pick_and_place/msg/_package_DetectedObject.lisp)
Cleaning: (/home/test/catkin_ws/devel/.private/pick_and_place/share/common-lisp/ros/pick_and_place/msg/_package.lisp, /home/test/catkin_ws/devel/share/common-lisp/ros/pick_and_place/msg/_package.lisp)
Cleaning: (/home/test/catkin_ws/devel/.private/pick_and_place/share/common-lisp/ros/pick_and_place/msg/pick_and_place-msg.asd, /home/test/catkin_ws/devel/share/common-lisp/ros/pick_and_place/msg/pick_and_place-msg.asd)
Cleaning: (/home/test/catkin_ws/devel/.private/pick_and_place/share/common-lisp/ros/pick_and_place/msg/_package_DetectedObjectsStamped.lisp, /home/test/catkin_ws/devel/share/common-lisp/ros/pick_and_place/msg/_package_DetectedObjectsStamped.lisp)
Cleaning: (/home/test/catkin_ws/devel/.private/pick_and_place/share/gennodejs/ros/pick_and_place/_index.js, /home/test/catkin_ws/devel/share/gennodejs/ros/pick_and_place/_index.js)
Cleaning: (/home/test/catkin_ws/devel/.private/pick_and_place/share/gennodejs/ros/pick_and_place/msg/DetectedObject.js, /home/test/catkin_ws/devel/share/gennodejs/ros/pick_and_place/msg/DetectedObject.js)
Cleaning: (/home/test/catkin_ws/devel/.private/pick_and_place/share/gennodejs/ros/pick_and_place/msg/_index.js, /home/test/catkin_ws/devel/share/gennodejs/ros/pick_and_place/msg/_index.js)
Cleaning: (/home/test/catkin_ws/devel/.private/pick_and_place/share/gennodejs/ros/pick_and_place/msg/DetectedObjectsStamped.js, /home/test/catkin_ws/devel/share/gennodejs/ros/pick_and_place/msg/DetectedObjectsStamped.js)
Cleaning: (/home/test/catkin_ws/devel/.private/pick_and_place/share/roseus/ros/pick_and_place/manifest.l, /home/test/catkin_ws/devel/share/roseus/ros/pick_and_place/manifest.l)
Cleaning: (/home/test/catkin_ws/devel/.private/pick_and_place/share/roseus/ros/pick_and_place/msg/DetectedObjectsStamped.l, /home/test/catkin_ws/devel/share/roseus/ros/pick_and_place/msg/DetectedObjectsStamped.l)
Cleaning: (/home/test/catkin_ws/devel/.private/pick_and_place/share/roseus/ros/pick_and_place/msg/DetectedObject.l, /home/test/catkin_ws/devel/share/roseus/ros/pick_and_place/msg/DetectedObject.l)
Cleaning: (/home/test/catkin_ws/devel/.private/pick_and_place/share/pick_and_place/cmake/pick_and_place-msg-paths.cmake, /home/test/catkin_ws/devel/share/pick_and_place/cmake/pick_and_place-msg-paths.cmake)
Cleaning: (/home/test/catkin_ws/devel/.private/pick_and_place/share/pick_and_place/cmake/pick_and_placeConfig.cmake, /home/test/catkin_ws/devel/share/pick_and_place/cmake/pick_and_placeConfig.cmake)
Cleaning: (/home/test/catkin_ws/devel/.private/pick_and_place/share/pick_and_place/cmake/pick_and_placeConfig-version.cmake, /home/test/catkin_ws/devel/share/pick_and_place/cmake/pick_and_placeConfig-version.cmake)
Cleaning: (/home/test/catkin_ws/devel/.private/pick_and_place/share/pick_and_place/cmake/pick_and_place-msg-extras.cmake, /home/test/catkin_ws/devel/share/pick_and_place/cmake/pick_and_place-msg-extras.cmake)
Cleaning: (/home/test/catkin_ws/devel/.private/pick_and_place/lib/pkgconfig/pick_and_place.pc, /home/test/catkin_ws/devel/lib/pkgconfig/pick_and_place.pc)
Cleaning: (/home/test/catkin_ws/devel/.private/pick_and_place/lib/python3/dist-packages/pick_and_place/__init__.py, /home/test/catkin_ws/devel/lib/python3/dist-packages/pick_and_place/__init__.py)
Cleaning: (/home/test/catkin_ws/devel/.private/pick_and_place/lib/python3/dist-packages/pick_and_place/msg/__init__.py, /home/test/catkin_ws/devel/lib/python3/dist-packages/pick_and_place/msg/__init__.py)
Cleaning: (/home/test/catkin_ws/devel/.private/pick_and_place/lib/python3/dist-packages/pick_and_place/msg/_DetectedObjectsStamped.py, /home/test/catkin_ws/devel/lib/python3/dist-packages/pick_and_place/msg/_DetectedObjectsStamped.py)
Cleaning: (/home/test/catkin_ws/devel/.private/pick_and_place/lib/python3/dist-packages/pick_and_place/msg/_DetectedObject.py, /home/test/catkin_ws/devel/lib/python3/dist-packages/pick_and_place/msg/_DetectedObject.py)
Unlinking: /home/test/catkin_ws/devel/include/pick_and_place/DetectedObjectsStamped.h
Already unlinked: {}
Unlinking: /home/test/catkin_ws/devel/include/pick_and_place/DetectedObject.h
Already unlinked: {}
Unlinking: /home/test/catkin_ws/devel/share/common-lisp/ros/pick_and_place/msg/DetectedObjectsStamped.lisp
Already unlinked: {}
Unlinking: /home/test/catkin_ws/devel/share/common-lisp/ros/pick_and_place/msg/DetectedObject.lisp
Already unlinked: {}
Unlinking: /home/test/catkin_ws/devel/share/common-lisp/ros/pick_and_place/msg/_package_DetectedObject.lisp
Already unlinked: {}
Unlinking: /home/test/catkin_ws/devel/share/common-lisp/ros/pick_and_place/msg/_package.lisp
Already unlinked: {}
Unlinking: /home/test/catkin_ws/devel/share/common-lisp/ros/pick_and_place/msg/pick_and_place-msg.asd
Already unlinked: {}
Unlinking: /home/test/catkin_ws/devel/share/common-lisp/ros/pick_and_place/msg/_package_DetectedObjectsStamped.lisp
Already unlinked: {}
Unlinking: /home/test/catkin_ws/devel/share/gennodejs/ros/pick_and_place/_index.js
Already unlinked: {}
Unlinking: /home/test/catkin_ws/devel/share/gennodejs/ros/pick_and_place/msg/DetectedObject.js
Already unlinked: {}
Unlinking: /home/test/catkin_ws/devel/share/gennodejs/ros/pick_and_place/msg/_index.js
Already unlinked: {}
Unlinking: /home/test/catkin_ws/devel/share/gennodejs/ros/pick_and_place/msg/DetectedObjectsStamped.js
Already unlinked: {}
Unlinking: /home/test/catkin_ws/devel/share/roseus/ros/pick_and_place/manifest.l
Already unlinked: {}
Unlinking: /home/test/catkin_ws/devel/share/roseus/ros/pick_and_place/msg/DetectedObjectsStamped.l
Already unlinked: {}
Unlinking: /home/test/catkin_ws/devel/share/roseus/ros/pick_and_place/msg/DetectedObject.l
Already unlinked: {}
Unlinking: /home/test/catkin_ws/devel/share/pick_and_place/cmake/pick_and_place-msg-paths.cmake
Already unlinked: {}
Unlinking: /home/test/catkin_ws/devel/share/pick_and_place/cmake/pick_and_placeConfig.cmake
Already unlinked: {}
Unlinking: /home/test/catkin_ws/devel/share/pick_and_place/cmake/pick_and_placeConfig-version.cmake
Already unlinked: {}
Unlinking: /home/test/catkin_ws/devel/share/pick_and_place/cmake/pick_and_place-msg-extras.cmake
Already unlinked: {}
Unlinking: /home/test/catkin_ws/devel/lib/pkgconfig/pick_and_place.pc
Already unlinked: {}
Unlinking: /home/test/catkin_ws/devel/lib/python3/dist-packages/pick_and_place/__init__.py
Already unlinked: {}
Unlinking: /home/test/catkin_ws/devel/lib/python3/dist-packages/pick_and_place/msg/__init__.py
Already unlinked: {}
Unlinking: /home/test/catkin_ws/devel/lib/python3/dist-packages/pick_and_place/msg/_DetectedObjectsStamped.py
Already unlinked: {}
Unlinking: /home/test/catkin_ws/devel/lib/python3/dist-packages/pick_and_place/msg/_DetectedObject.py
Already unlinked: {}
