[35m[1mScanning dependencies of target _pick_and_place_generate_messages_check_deps_DetectedObject[0m
[  0%] Built target _pick_and_place_generate_messages_check_deps_DetectedObject
[35m[1mScanning dependencies of target std_msgs_generate_messages_cpp[0m
[  0%] Built target std_msgs_generate_messages_cpp
[35m[1mScanning dependencies of target _pick_and_place_generate_messages_check_deps_DetectedObjectsStamped[0m
[  0%] Built target _pick_and_place_generate_messages_check_deps_DetectedObjectsStamped
[35m[1mScanning dependencies of target std_msgs_generate_messages_nodejs[0m
[  0%] Built target std_msgs_generate_messages_nodejs
[35m[1mScanning dependencies of target std_msgs_generate_messages_eus[0m
[  0%] Built target std_msgs_generate_messages_eus
[35m[1mScanning dependencies of target std_msgs_generate_messages_py[0m
[  0%] Built target std_msgs_generate_messages_py
[35m[1mScanning dependencies of target std_msgs_generate_messages_lisp[0m
[  0%] Built target std_msgs_generate_messages_lisp
[35m[1mScanning dependencies of target pick_and_place_generate_messages_cpp[0m
[  8%] [34m[1mGenerating C++ code from pick_and_place/DetectedObject.msg[0m
[ 16%] [34m[1mGenerating C++ code from pick_and_place/DetectedObjectsStamped.msg[0m
[ 16%] Built target pick_and_place_generate_messages_cpp
[35m[1mScanning dependencies of target pick_and_place_generate_messages_nodejs[0m
[ 25%] [34m[1mGenerating Javascript code from pick_and_place/DetectedObject.msg[0m
[ 33%] [34m[1mGenerating Javascript code from pick_and_place/DetectedObjectsStamped.msg[0m
[ 33%] Built target pick_and_place_generate_messages_nodejs
[35m[1mScanning dependencies of target pick_and_place_generate_messages_eus[0m
[ 41%] [34m[1mGenerating EusLisp code from pick_and_place/DetectedObject.msg[0m
[ 50%] [34m[1mGenerating EusLisp code from pick_and_place/DetectedObjectsStamped.msg[0m
[ 58%] [34m[1mGenerating EusLisp manifest code for pick_and_place[0m
[ 58%] Built target pick_and_place_generate_messages_eus
[35m[1mScanning dependencies of target pick_and_place_generate_messages_py[0m
[ 66%] [34m[1mGenerating Python from MSG pick_and_place/DetectedObject[0m
[ 75%] [34m[1mGenerating Python from MSG pick_and_place/DetectedObjectsStamped[0m
[35m[1mScanning dependencies of target pick_and_place_generate_messages_lisp[0m
[ 83%] [34m[1mGenerating Lisp code from pick_and_place/DetectedObject.msg[0m
[ 91%] [34m[1mGenerating Lisp code from pick_and_place/DetectedObjectsStamped.msg[0m
[100%] [34m[1mGenerating Python msg __init__.py for pick_and_place[0m
[100%] Built target pick_and_place_generate_messages_lisp
[100%] Built target pick_and_place_generate_messages_py
[35m[1mScanning dependencies of target pick_and_place_generate_messages[0m
[100%] Built target pick_and_place_generate_messages
