Symlinking /home/perception/catkin_ws/devel/share/franka_visualization/cmake/franka_visualizationConfig-version.cmake
Symlinking /home/perception/catkin_ws/devel/share/franka_visualization/cmake/franka_visualizationConfig.cmake
Symlinking /home/perception/catkin_ws/devel/lib/pkgconfig/franka_visualization.pc
Symlinking /home/perception/catkin_ws/devel/lib/franka_visualization/robot_joint_state_publisher
Symlinking /home/perception/catkin_ws/devel/lib/franka_visualization/gripper_joint_state_publisher
Cleaning: (/home/test/catkin_ws/devel/.private/franka_visualization/cmake.lock, /home/test/catkin_ws/devel/./cmake.lock)
Cleaning: (/home/test/catkin_ws/devel/.private/franka_visualization/share/franka_visualization/cmake/franka_visualizationConfig.cmake, /home/test/catkin_ws/devel/share/franka_visualization/cmake/franka_visualizationConfig.cmake)
Cleaning: (/home/test/catkin_ws/devel/.private/franka_visualization/share/franka_visualization/cmake/franka_visualizationConfig-version.cmake, /home/test/catkin_ws/devel/share/franka_visualization/cmake/franka_visualizationConfig-version.cmake)
Cleaning: (/home/test/catkin_ws/devel/.private/franka_visualization/lib/franka_visualization/gripper_joint_state_publisher, /home/test/catkin_ws/devel/lib/franka_visualization/gripper_joint_state_publisher)
Cleaning: (/home/test/catkin_ws/devel/.private/franka_visualization/lib/franka_visualization/robot_joint_state_publisher, /home/test/catkin_ws/devel/lib/franka_visualization/robot_joint_state_publisher)
Cleaning: (/home/test/catkin_ws/devel/.private/franka_visualization/lib/pkgconfig/franka_visualization.pc, /home/test/catkin_ws/devel/lib/pkgconfig/franka_visualization.pc)
Unlinking: /home/test/catkin_ws/devel/share/franka_visualization/cmake/franka_visualizationConfig.cmake
Already unlinked: {}
Unlinking: /home/test/catkin_ws/devel/share/franka_visualization/cmake/franka_visualizationConfig-version.cmake
Already unlinked: {}
Unlinking: /home/test/catkin_ws/devel/lib/franka_visualization/gripper_joint_state_publisher
Already unlinked: {}
Unlinking: /home/test/catkin_ws/devel/lib/franka_visualization/robot_joint_state_publisher
Already unlinked: {}
Unlinking: /home/test/catkin_ws/devel/lib/pkgconfig/franka_visualization.pc
Already unlinked: {}
