Symlinking /home/perception/catkin_ws/devel/share/franka_core_msgs/cmake/franka_core_msgsConfig.cmake
Symlinking /home/perception/catkin_ws/devel/share/franka_core_msgs/cmake/franka_core_msgs-msg-extras.cmake
Symlinking /home/perception/catkin_ws/devel/share/franka_core_msgs/cmake/franka_core_msgs-msg-paths.cmake
Symlinking /home/perception/catkin_ws/devel/share/franka_core_msgs/cmake/franka_core_msgsConfig-version.cmake
Symlinking /home/perception/catkin_ws/devel/share/common-lisp/ros/franka_core_msgs/msg/EndPointState.lisp
Symlinking /home/perception/catkin_ws/devel/share/common-lisp/ros/franka_core_msgs/msg/_package_RobotState.lisp
Symlinking /home/perception/catkin_ws/devel/share/common-lisp/ros/franka_core_msgs/msg/_package_JointCommand.lisp
Symlinking /home/perception/catkin_ws/devel/share/common-lisp/ros/franka_core_msgs/msg/franka_core_msgs-msg.asd
Symlinking /home/perception/catkin_ws/devel/share/common-lisp/ros/franka_core_msgs/msg/_package.lisp
Symlinking /home/perception/catkin_ws/devel/share/common-lisp/ros/franka_core_msgs/msg/JointCommand.lisp
Symlinking /home/perception/catkin_ws/devel/share/common-lisp/ros/franka_core_msgs/msg/_package_JointLimits.lisp
Symlinking /home/perception/catkin_ws/devel/share/common-lisp/ros/franka_core_msgs/msg/RobotState.lisp
Symlinking /home/perception/catkin_ws/devel/share/common-lisp/ros/franka_core_msgs/msg/_package_JointControllerStates.lisp
Symlinking /home/perception/catkin_ws/devel/share/common-lisp/ros/franka_core_msgs/msg/_package_EndPointState.lisp
Symlinking /home/perception/catkin_ws/devel/share/common-lisp/ros/franka_core_msgs/msg/JointControllerStates.lisp
Symlinking /home/perception/catkin_ws/devel/share/common-lisp/ros/franka_core_msgs/msg/JointLimits.lisp
Symlinking /home/perception/catkin_ws/devel/share/gennodejs/ros/franka_core_msgs/_index.js
Symlinking /home/perception/catkin_ws/devel/share/gennodejs/ros/franka_core_msgs/msg/JointCommand.js
Symlinking /home/perception/catkin_ws/devel/share/gennodejs/ros/franka_core_msgs/msg/_index.js
Symlinking /home/perception/catkin_ws/devel/share/gennodejs/ros/franka_core_msgs/msg/JointControllerStates.js
Symlinking /home/perception/catkin_ws/devel/share/gennodejs/ros/franka_core_msgs/msg/EndPointState.js
Symlinking /home/perception/catkin_ws/devel/share/gennodejs/ros/franka_core_msgs/msg/JointLimits.js
Symlinking /home/perception/catkin_ws/devel/share/gennodejs/ros/franka_core_msgs/msg/RobotState.js
Symlinking /home/perception/catkin_ws/devel/share/roseus/ros/franka_core_msgs/manifest.l
Symlinking /home/perception/catkin_ws/devel/share/roseus/ros/franka_core_msgs/msg/RobotState.l
Symlinking /home/perception/catkin_ws/devel/share/roseus/ros/franka_core_msgs/msg/JointCommand.l
Symlinking /home/perception/catkin_ws/devel/share/roseus/ros/franka_core_msgs/msg/JointLimits.l
Symlinking /home/perception/catkin_ws/devel/share/roseus/ros/franka_core_msgs/msg/JointControllerStates.l
Symlinking /home/perception/catkin_ws/devel/share/roseus/ros/franka_core_msgs/msg/EndPointState.l
Symlinking /home/perception/catkin_ws/devel/lib/pkgconfig/franka_core_msgs.pc
Symlinking /home/perception/catkin_ws/devel/lib/python3/dist-packages/franka_core_msgs/__init__.py
Symlinking /home/perception/catkin_ws/devel/lib/python3/dist-packages/franka_core_msgs/msg/_JointCommand.py
Symlinking /home/perception/catkin_ws/devel/lib/python3/dist-packages/franka_core_msgs/msg/_JointControllerStates.py
Symlinking /home/perception/catkin_ws/devel/lib/python3/dist-packages/franka_core_msgs/msg/_EndPointState.py
Symlinking /home/perception/catkin_ws/devel/lib/python3/dist-packages/franka_core_msgs/msg/_RobotState.py
Symlinking /home/perception/catkin_ws/devel/lib/python3/dist-packages/franka_core_msgs/msg/__init__.py
Symlinking /home/perception/catkin_ws/devel/lib/python3/dist-packages/franka_core_msgs/msg/_JointLimits.py
Symlinking /home/perception/catkin_ws/devel/include/franka_core_msgs/JointLimits.h
Symlinking /home/perception/catkin_ws/devel/include/franka_core_msgs/JointCommand.h
Symlinking /home/perception/catkin_ws/devel/include/franka_core_msgs/JointControllerStates.h
Symlinking /home/perception/catkin_ws/devel/include/franka_core_msgs/RobotState.h
Symlinking /home/perception/catkin_ws/devel/include/franka_core_msgs/EndPointState.h
Cleaning: (/home/test/catkin_ws/devel/.private/franka_core_msgs/cmake.lock, /home/test/catkin_ws/devel/./cmake.lock)
Cleaning: (/home/test/catkin_ws/devel/.private/franka_core_msgs/include/franka_core_msgs/JointCommand.h, /home/test/catkin_ws/devel/include/franka_core_msgs/JointCommand.h)
Cleaning: (/home/test/catkin_ws/devel/.private/franka_core_msgs/include/franka_core_msgs/EndPointState.h, /home/test/catkin_ws/devel/include/franka_core_msgs/EndPointState.h)
Cleaning: (/home/test/catkin_ws/devel/.private/franka_core_msgs/include/franka_core_msgs/RobotState.h, /home/test/catkin_ws/devel/include/franka_core_msgs/RobotState.h)
Cleaning: (/home/test/catkin_ws/devel/.private/franka_core_msgs/include/franka_core_msgs/JointControllerStates.h, /home/test/catkin_ws/devel/include/franka_core_msgs/JointControllerStates.h)
Cleaning: (/home/test/catkin_ws/devel/.private/franka_core_msgs/include/franka_core_msgs/JointLimits.h, /home/test/catkin_ws/devel/include/franka_core_msgs/JointLimits.h)
Cleaning: (/home/test/catkin_ws/devel/.private/franka_core_msgs/share/common-lisp/ros/franka_core_msgs/msg/JointControllerStates.lisp, /home/test/catkin_ws/devel/share/common-lisp/ros/franka_core_msgs/msg/JointControllerStates.lisp)
Cleaning: (/home/test/catkin_ws/devel/.private/franka_core_msgs/share/common-lisp/ros/franka_core_msgs/msg/JointCommand.lisp, /home/test/catkin_ws/devel/share/common-lisp/ros/franka_core_msgs/msg/JointCommand.lisp)
Cleaning: (/home/test/catkin_ws/devel/.private/franka_core_msgs/share/common-lisp/ros/franka_core_msgs/msg/_package_JointControllerStates.lisp, /home/test/catkin_ws/devel/share/common-lisp/ros/franka_core_msgs/msg/_package_JointControllerStates.lisp)
Cleaning: (/home/test/catkin_ws/devel/.private/franka_core_msgs/share/common-lisp/ros/franka_core_msgs/msg/_package_JointCommand.lisp, /home/test/catkin_ws/devel/share/common-lisp/ros/franka_core_msgs/msg/_package_JointCommand.lisp)
Cleaning: (/home/test/catkin_ws/devel/.private/franka_core_msgs/share/common-lisp/ros/franka_core_msgs/msg/_package_EndPointState.lisp, /home/test/catkin_ws/devel/share/common-lisp/ros/franka_core_msgs/msg/_package_EndPointState.lisp)
Cleaning: (/home/test/catkin_ws/devel/.private/franka_core_msgs/share/common-lisp/ros/franka_core_msgs/msg/franka_core_msgs-msg.asd, /home/test/catkin_ws/devel/share/common-lisp/ros/franka_core_msgs/msg/franka_core_msgs-msg.asd)
Cleaning: (/home/test/catkin_ws/devel/.private/franka_core_msgs/share/common-lisp/ros/franka_core_msgs/msg/_package.lisp, /home/test/catkin_ws/devel/share/common-lisp/ros/franka_core_msgs/msg/_package.lisp)
Cleaning: (/home/test/catkin_ws/devel/.private/franka_core_msgs/share/common-lisp/ros/franka_core_msgs/msg/_package_RobotState.lisp, /home/test/catkin_ws/devel/share/common-lisp/ros/franka_core_msgs/msg/_package_RobotState.lisp)
Cleaning: (/home/test/catkin_ws/devel/.private/franka_core_msgs/share/common-lisp/ros/franka_core_msgs/msg/JointLimits.lisp, /home/test/catkin_ws/devel/share/common-lisp/ros/franka_core_msgs/msg/JointLimits.lisp)
Cleaning: (/home/test/catkin_ws/devel/.private/franka_core_msgs/share/common-lisp/ros/franka_core_msgs/msg/_package_JointLimits.lisp, /home/test/catkin_ws/devel/share/common-lisp/ros/franka_core_msgs/msg/_package_JointLimits.lisp)
Cleaning: (/home/test/catkin_ws/devel/.private/franka_core_msgs/share/common-lisp/ros/franka_core_msgs/msg/RobotState.lisp, /home/test/catkin_ws/devel/share/common-lisp/ros/franka_core_msgs/msg/RobotState.lisp)
Cleaning: (/home/test/catkin_ws/devel/.private/franka_core_msgs/share/common-lisp/ros/franka_core_msgs/msg/EndPointState.lisp, /home/test/catkin_ws/devel/share/common-lisp/ros/franka_core_msgs/msg/EndPointState.lisp)
Cleaning: (/home/test/catkin_ws/devel/.private/franka_core_msgs/share/gennodejs/ros/franka_core_msgs/_index.js, /home/test/catkin_ws/devel/share/gennodejs/ros/franka_core_msgs/_index.js)
Cleaning: (/home/test/catkin_ws/devel/.private/franka_core_msgs/share/gennodejs/ros/franka_core_msgs/msg/RobotState.js, /home/test/catkin_ws/devel/share/gennodejs/ros/franka_core_msgs/msg/RobotState.js)
Cleaning: (/home/test/catkin_ws/devel/.private/franka_core_msgs/share/gennodejs/ros/franka_core_msgs/msg/EndPointState.js, /home/test/catkin_ws/devel/share/gennodejs/ros/franka_core_msgs/msg/EndPointState.js)
Cleaning: (/home/test/catkin_ws/devel/.private/franka_core_msgs/share/gennodejs/ros/franka_core_msgs/msg/_index.js, /home/test/catkin_ws/devel/share/gennodejs/ros/franka_core_msgs/msg/_index.js)
Cleaning: (/home/test/catkin_ws/devel/.private/franka_core_msgs/share/gennodejs/ros/franka_core_msgs/msg/JointLimits.js, /home/test/catkin_ws/devel/share/gennodejs/ros/franka_core_msgs/msg/JointLimits.js)
Cleaning: (/home/test/catkin_ws/devel/.private/franka_core_msgs/share/gennodejs/ros/franka_core_msgs/msg/JointControllerStates.js, /home/test/catkin_ws/devel/share/gennodejs/ros/franka_core_msgs/msg/JointControllerStates.js)
Cleaning: (/home/test/catkin_ws/devel/.private/franka_core_msgs/share/gennodejs/ros/franka_core_msgs/msg/JointCommand.js, /home/test/catkin_ws/devel/share/gennodejs/ros/franka_core_msgs/msg/JointCommand.js)
Cleaning: (/home/test/catkin_ws/devel/.private/franka_core_msgs/share/franka_core_msgs/cmake/franka_core_msgsConfig-version.cmake, /home/test/catkin_ws/devel/share/franka_core_msgs/cmake/franka_core_msgsConfig-version.cmake)
Cleaning: (/home/test/catkin_ws/devel/.private/franka_core_msgs/share/franka_core_msgs/cmake/franka_core_msgsConfig.cmake, /home/test/catkin_ws/devel/share/franka_core_msgs/cmake/franka_core_msgsConfig.cmake)
Cleaning: (/home/test/catkin_ws/devel/.private/franka_core_msgs/share/franka_core_msgs/cmake/franka_core_msgs-msg-extras.cmake, /home/test/catkin_ws/devel/share/franka_core_msgs/cmake/franka_core_msgs-msg-extras.cmake)
Cleaning: (/home/test/catkin_ws/devel/.private/franka_core_msgs/share/franka_core_msgs/cmake/franka_core_msgs-msg-paths.cmake, /home/test/catkin_ws/devel/share/franka_core_msgs/cmake/franka_core_msgs-msg-paths.cmake)
Cleaning: (/home/test/catkin_ws/devel/.private/franka_core_msgs/share/roseus/ros/franka_core_msgs/manifest.l, /home/test/catkin_ws/devel/share/roseus/ros/franka_core_msgs/manifest.l)
Cleaning: (/home/test/catkin_ws/devel/.private/franka_core_msgs/share/roseus/ros/franka_core_msgs/msg/JointCommand.l, /home/test/catkin_ws/devel/share/roseus/ros/franka_core_msgs/msg/JointCommand.l)
Cleaning: (/home/test/catkin_ws/devel/.private/franka_core_msgs/share/roseus/ros/franka_core_msgs/msg/JointLimits.l, /home/test/catkin_ws/devel/share/roseus/ros/franka_core_msgs/msg/JointLimits.l)
Cleaning: (/home/test/catkin_ws/devel/.private/franka_core_msgs/share/roseus/ros/franka_core_msgs/msg/JointControllerStates.l, /home/test/catkin_ws/devel/share/roseus/ros/franka_core_msgs/msg/JointControllerStates.l)
Cleaning: (/home/test/catkin_ws/devel/.private/franka_core_msgs/share/roseus/ros/franka_core_msgs/msg/RobotState.l, /home/test/catkin_ws/devel/share/roseus/ros/franka_core_msgs/msg/RobotState.l)
Cleaning: (/home/test/catkin_ws/devel/.private/franka_core_msgs/share/roseus/ros/franka_core_msgs/msg/EndPointState.l, /home/test/catkin_ws/devel/share/roseus/ros/franka_core_msgs/msg/EndPointState.l)
Cleaning: (/home/test/catkin_ws/devel/.private/franka_core_msgs/lib/pkgconfig/franka_core_msgs.pc, /home/test/catkin_ws/devel/lib/pkgconfig/franka_core_msgs.pc)
Cleaning: (/home/test/catkin_ws/devel/.private/franka_core_msgs/lib/python3/dist-packages/franka_core_msgs/__init__.py, /home/test/catkin_ws/devel/lib/python3/dist-packages/franka_core_msgs/__init__.py)
Cleaning: (/home/test/catkin_ws/devel/.private/franka_core_msgs/lib/python3/dist-packages/franka_core_msgs/msg/__init__.py, /home/test/catkin_ws/devel/lib/python3/dist-packages/franka_core_msgs/msg/__init__.py)
Cleaning: (/home/test/catkin_ws/devel/.private/franka_core_msgs/lib/python3/dist-packages/franka_core_msgs/msg/_RobotState.py, /home/test/catkin_ws/devel/lib/python3/dist-packages/franka_core_msgs/msg/_RobotState.py)
Cleaning: (/home/test/catkin_ws/devel/.private/franka_core_msgs/lib/python3/dist-packages/franka_core_msgs/msg/_JointLimits.py, /home/test/catkin_ws/devel/lib/python3/dist-packages/franka_core_msgs/msg/_JointLimits.py)
Cleaning: (/home/test/catkin_ws/devel/.private/franka_core_msgs/lib/python3/dist-packages/franka_core_msgs/msg/_JointControllerStates.py, /home/test/catkin_ws/devel/lib/python3/dist-packages/franka_core_msgs/msg/_JointControllerStates.py)
Cleaning: (/home/test/catkin_ws/devel/.private/franka_core_msgs/lib/python3/dist-packages/franka_core_msgs/msg/_JointCommand.py, /home/test/catkin_ws/devel/lib/python3/dist-packages/franka_core_msgs/msg/_JointCommand.py)
Cleaning: (/home/test/catkin_ws/devel/.private/franka_core_msgs/lib/python3/dist-packages/franka_core_msgs/msg/_EndPointState.py, /home/test/catkin_ws/devel/lib/python3/dist-packages/franka_core_msgs/msg/_EndPointState.py)
Unlinking: /home/test/catkin_ws/devel/include/franka_core_msgs/JointCommand.h
Already unlinked: {}
Unlinking: /home/test/catkin_ws/devel/include/franka_core_msgs/EndPointState.h
Already unlinked: {}
Unlinking: /home/test/catkin_ws/devel/include/franka_core_msgs/RobotState.h
Already unlinked: {}
Unlinking: /home/test/catkin_ws/devel/include/franka_core_msgs/JointControllerStates.h
Already unlinked: {}
Unlinking: /home/test/catkin_ws/devel/include/franka_core_msgs/JointLimits.h
Already unlinked: {}
Unlinking: /home/test/catkin_ws/devel/share/common-lisp/ros/franka_core_msgs/msg/JointControllerStates.lisp
Already unlinked: {}
Unlinking: /home/test/catkin_ws/devel/share/common-lisp/ros/franka_core_msgs/msg/JointCommand.lisp
Already unlinked: {}
Unlinking: /home/test/catkin_ws/devel/share/common-lisp/ros/franka_core_msgs/msg/_package_JointControllerStates.lisp
Already unlinked: {}
Unlinking: /home/test/catkin_ws/devel/share/common-lisp/ros/franka_core_msgs/msg/_package_JointCommand.lisp
Already unlinked: {}
Unlinking: /home/test/catkin_ws/devel/share/common-lisp/ros/franka_core_msgs/msg/_package_EndPointState.lisp
Already unlinked: {}
Unlinking: /home/test/catkin_ws/devel/share/common-lisp/ros/franka_core_msgs/msg/franka_core_msgs-msg.asd
Already unlinked: {}
Unlinking: /home/test/catkin_ws/devel/share/common-lisp/ros/franka_core_msgs/msg/_package.lisp
Already unlinked: {}
Unlinking: /home/test/catkin_ws/devel/share/common-lisp/ros/franka_core_msgs/msg/_package_RobotState.lisp
Already unlinked: {}
Unlinking: /home/test/catkin_ws/devel/share/common-lisp/ros/franka_core_msgs/msg/JointLimits.lisp
Already unlinked: {}
Unlinking: /home/test/catkin_ws/devel/share/common-lisp/ros/franka_core_msgs/msg/_package_JointLimits.lisp
Already unlinked: {}
Unlinking: /home/test/catkin_ws/devel/share/common-lisp/ros/franka_core_msgs/msg/RobotState.lisp
Already unlinked: {}
Unlinking: /home/test/catkin_ws/devel/share/common-lisp/ros/franka_core_msgs/msg/EndPointState.lisp
Already unlinked: {}
Unlinking: /home/test/catkin_ws/devel/share/gennodejs/ros/franka_core_msgs/_index.js
Already unlinked: {}
Unlinking: /home/test/catkin_ws/devel/share/gennodejs/ros/franka_core_msgs/msg/RobotState.js
Already unlinked: {}
Unlinking: /home/test/catkin_ws/devel/share/gennodejs/ros/franka_core_msgs/msg/EndPointState.js
Already unlinked: {}
Unlinking: /home/test/catkin_ws/devel/share/gennodejs/ros/franka_core_msgs/msg/_index.js
Already unlinked: {}
Unlinking: /home/test/catkin_ws/devel/share/gennodejs/ros/franka_core_msgs/msg/JointLimits.js
Already unlinked: {}
Unlinking: /home/test/catkin_ws/devel/share/gennodejs/ros/franka_core_msgs/msg/JointControllerStates.js
Already unlinked: {}
Unlinking: /home/test/catkin_ws/devel/share/gennodejs/ros/franka_core_msgs/msg/JointCommand.js
Already unlinked: {}
Unlinking: /home/test/catkin_ws/devel/share/franka_core_msgs/cmake/franka_core_msgsConfig-version.cmake
Already unlinked: {}
Unlinking: /home/test/catkin_ws/devel/share/franka_core_msgs/cmake/franka_core_msgsConfig.cmake
Already unlinked: {}
Unlinking: /home/test/catkin_ws/devel/share/franka_core_msgs/cmake/franka_core_msgs-msg-extras.cmake
Already unlinked: {}
Unlinking: /home/test/catkin_ws/devel/share/franka_core_msgs/cmake/franka_core_msgs-msg-paths.cmake
Already unlinked: {}
Unlinking: /home/test/catkin_ws/devel/share/roseus/ros/franka_core_msgs/manifest.l
Already unlinked: {}
Unlinking: /home/test/catkin_ws/devel/share/roseus/ros/franka_core_msgs/msg/JointCommand.l
Already unlinked: {}
Unlinking: /home/test/catkin_ws/devel/share/roseus/ros/franka_core_msgs/msg/JointLimits.l
Already unlinked: {}
Unlinking: /home/test/catkin_ws/devel/share/roseus/ros/franka_core_msgs/msg/JointControllerStates.l
Already unlinked: {}
Unlinking: /home/test/catkin_ws/devel/share/roseus/ros/franka_core_msgs/msg/RobotState.l
Already unlinked: {}
Unlinking: /home/test/catkin_ws/devel/share/roseus/ros/franka_core_msgs/msg/EndPointState.l
Already unlinked: {}
Unlinking: /home/test/catkin_ws/devel/lib/pkgconfig/franka_core_msgs.pc
Already unlinked: {}
Unlinking: /home/test/catkin_ws/devel/lib/python3/dist-packages/franka_core_msgs/__init__.py
Already unlinked: {}
Unlinking: /home/test/catkin_ws/devel/lib/python3/dist-packages/franka_core_msgs/msg/__init__.py
Already unlinked: {}
Unlinking: /home/test/catkin_ws/devel/lib/python3/dist-packages/franka_core_msgs/msg/_RobotState.py
Already unlinked: {}
Unlinking: /home/test/catkin_ws/devel/lib/python3/dist-packages/franka_core_msgs/msg/_JointLimits.py
Already unlinked: {}
Unlinking: /home/test/catkin_ws/devel/lib/python3/dist-packages/franka_core_msgs/msg/_JointControllerStates.py
Already unlinked: {}
Unlinking: /home/test/catkin_ws/devel/lib/python3/dist-packages/franka_core_msgs/msg/_JointCommand.py
Already unlinked: {}
Unlinking: /home/test/catkin_ws/devel/lib/python3/dist-packages/franka_core_msgs/msg/_EndPointState.py
Already unlinked: {}
