Symlinking /home/perception/catkin_ws/devel/share/franka_interface/cmake/franka_interfaceConfig.cmake
Symlinking /home/perception/catkin_ws/devel/share/franka_interface/cmake/franka_interfaceConfig-version.cmake
Symlinking /home/perception/catkin_ws/devel/lib/libcustom_franka_state_controller.so
Symlinking /home/perception/catkin_ws/devel/lib/pkgconfig/franka_interface.pc
Symlinking /home/perception/catkin_ws/devel/lib/python3/dist-packages/franka_dataflow/__init__.py
Symlinking /home/perception/catkin_ws/devel/lib/python3/dist-packages/franka_interface/__init__.py
Symlinking /home/perception/catkin_ws/devel/lib/franka_interface/cmake.lock
Symlinking /home/perception/catkin_ws/devel/lib/franka_interface/enable_robot.py
Symlinking /home/perception/catkin_ws/devel/lib/franka_interface/custom_franka_control_node
Symlinking /home/perception/catkin_ws/devel/lib/franka_interface/move_to_neutral.py
Symlinking /home/perception/catkin_ws/devel/lib/franka_interface/demo_joint_positions_keyboard.py
Symlinking /home/perception/catkin_ws/devel/lib/franka_interface/simple_gripper.py
Cleaning: (/home/test/catkin_ws/devel/.private/franka_interface/cmake.lock, /home/test/catkin_ws/devel/./cmake.lock)
Cleaning: (/home/test/catkin_ws/devel/.private/franka_interface/share/franka_interface/cmake/franka_interfaceConfig.cmake, /home/test/catkin_ws/devel/share/franka_interface/cmake/franka_interfaceConfig.cmake)
Cleaning: (/home/test/catkin_ws/devel/.private/franka_interface/share/franka_interface/cmake/franka_interfaceConfig-version.cmake, /home/test/catkin_ws/devel/share/franka_interface/cmake/franka_interfaceConfig-version.cmake)
Cleaning: (/home/test/catkin_ws/devel/.private/franka_interface/lib/libcustom_franka_state_controller.so, /home/test/catkin_ws/devel/lib/libcustom_franka_state_controller.so)
Cleaning: (/home/test/catkin_ws/devel/.private/franka_interface/lib/pkgconfig/franka_interface.pc, /home/test/catkin_ws/devel/lib/pkgconfig/franka_interface.pc)
Cleaning: (/home/test/catkin_ws/devel/.private/franka_interface/lib/python3/dist-packages/franka_dataflow/__init__.py, /home/test/catkin_ws/devel/lib/python3/dist-packages/franka_dataflow/__init__.py)
Cleaning: (/home/test/catkin_ws/devel/.private/franka_interface/lib/python3/dist-packages/franka_interface/__init__.py, /home/test/catkin_ws/devel/lib/python3/dist-packages/franka_interface/__init__.py)
Cleaning: (/home/test/catkin_ws/devel/.private/franka_interface/lib/franka_interface/custom_franka_control_node, /home/test/catkin_ws/devel/lib/franka_interface/custom_franka_control_node)
Cleaning: (/home/test/catkin_ws/devel/.private/franka_interface/lib/franka_interface/cmake.lock, /home/test/catkin_ws/devel/lib/franka_interface/cmake.lock)
Cleaning: (/home/test/catkin_ws/devel/.private/franka_interface/lib/franka_interface/enable_robot.py, /home/test/catkin_ws/devel/lib/franka_interface/enable_robot.py)
Cleaning: (/home/test/catkin_ws/devel/.private/franka_interface/lib/franka_interface/demo_joint_positions_keyboard.py, /home/test/catkin_ws/devel/lib/franka_interface/demo_joint_positions_keyboard.py)
Cleaning: (/home/test/catkin_ws/devel/.private/franka_interface/lib/franka_interface/move_to_neutral.py, /home/test/catkin_ws/devel/lib/franka_interface/move_to_neutral.py)
Cleaning: (/home/test/catkin_ws/devel/.private/franka_interface/lib/franka_interface/simple_gripper.py, /home/test/catkin_ws/devel/lib/franka_interface/simple_gripper.py)
Unlinking: /home/test/catkin_ws/devel/share/franka_interface/cmake/franka_interfaceConfig.cmake
Already unlinked: {}
Unlinking: /home/test/catkin_ws/devel/share/franka_interface/cmake/franka_interfaceConfig-version.cmake
Already unlinked: {}
Unlinking: /home/test/catkin_ws/devel/lib/libcustom_franka_state_controller.so
Already unlinked: {}
Unlinking: /home/test/catkin_ws/devel/lib/pkgconfig/franka_interface.pc
Already unlinked: {}
Unlinking: /home/test/catkin_ws/devel/lib/python3/dist-packages/franka_dataflow/__init__.py
Already unlinked: {}
Unlinking: /home/test/catkin_ws/devel/lib/python3/dist-packages/franka_interface/__init__.py
Already unlinked: {}
Unlinking: /home/test/catkin_ws/devel/lib/franka_interface/custom_franka_control_node
Already unlinked: {}
Unlinking: /home/test/catkin_ws/devel/lib/franka_interface/cmake.lock
Already unlinked: {}
Unlinking: /home/test/catkin_ws/devel/lib/franka_interface/enable_robot.py
Already unlinked: {}
Unlinking: /home/test/catkin_ws/devel/lib/franka_interface/demo_joint_positions_keyboard.py
Already unlinked: {}
Unlinking: /home/test/catkin_ws/devel/lib/franka_interface/move_to_neutral.py
Already unlinked: {}
Unlinking: /home/test/catkin_ws/devel/lib/franka_interface/simple_gripper.py
Already unlinked: {}
